#-----------------------------------------------------------
# Vivado v2024.1 (64-bit)
# SW Build 5076996 on Wed May 22 18:37:14 MDT 2024
# IP Build 5075265 on Wed May 22 21:45:21 MDT 2024
# SharedData Build 5076995 on Wed May 22 18:29:18 MDT 2024
# Start of session at: Mon Jun  8 21:23:14 2026
# Process ID: 6856
# Current directory: C:/Users/Arf/Desktop/ip_camera/New folder/IP-Camera-on-board-Antminer-S9/ip_camera
# Command line: vivado.exe -gui_launcher_event rodinguilauncherevent2908 C:\Users\Arf\Desktop\ip_camera\New folder\IP-Camera-on-board-Antminer-S9\ip_camera\ip_camera.xpr
# Log file: C:/Users/Arf/Desktop/ip_camera/New folder/IP-Camera-on-board-Antminer-S9/ip_camera/vivado.log
# Journal file: C:/Users/Arf/Desktop/ip_camera/New folder/IP-Camera-on-board-Antminer-S9/ip_camera\vivado.jou
# Running On        :DESKTOP-GTOUM49
# Platform          :Windows Server 2016 or Windows 10
# Operating System  :19045
# Processor Detail  :Intel(R) Core(TM) i3-8130U CPU @ 2.20GHz
# CPU Frequency     :2208 MHz
# CPU Physical cores:2
# CPU Logical cores :4
# Host memory       :3688 MB
# Swap memory       :1677 MB
# Total Virtual     :5366 MB
# Available Virtual :3284 MB
#-----------------------------------------------------------
ERROR: [Common 17-356] Failed to install all user apps.
start_gui
open_project {C:/Users/Arf/Desktop/ip_camera/New folder/IP-Camera-on-board-Antminer-S9/ip_camera/ip_camera.xpr}
INFO: [ProjectBase 1-489] The host OS only allows 260 characters in a normal path. The project is stored in a path with more than 80 characters. If you experience issues with IP, Block Designs, or files not being found, please consider moving the project to a location with a shorter path. Alternately consider using the OS subst command to map part of the path to a drive letter.
Current project path is 'C:/Users/Arf/Desktop/ip_camera/New folder/IP-Camera-on-board-Antminer-S9/ip_camera'
WARNING: [Board 49-26] cannot add Board Part xilinx.com:kcu105:part0:1.6 available at E:/xilinx/Vivado/2024.1/data/xhub/boards/XilinxBoardStore/boards/Xilinx/kcu105/1.6/board.xml as part xcku040-ffva1156-2-e specified in board_part file is either invalid or not available
WARNING: [Board 49-26] cannot add Board Part xilinx.com:kcu105:part0:1.7 available at E:/xilinx/Vivado/2024.1/data/xhub/boards/XilinxBoardStore/boards/Xilinx/kcu105/1.7/board.xml as part xcku040-ffva1156-2-e specified in board_part file is either invalid or not available
WARNING: [Board 49-26] cannot add Board Part xilinx.com:kcu116:part0:1.4 available at E:/xilinx/Vivado/2024.1/data/xhub/boards/XilinxBoardStore/boards/Xilinx/kcu116/1.4/board.xml as part xcku5p-ffvb676-2-e specified in board_part file is either invalid or not available
WARNING: [Board 49-26] cannot add Board Part xilinx.com:kcu116:part0:1.5 available at E:/xilinx/Vivado/2024.1/data/xhub/boards/XilinxBoardStore/boards/Xilinx/kcu116/1.5/board.xml as part xcku5p-ffvb676-2-e specified in board_part file is either invalid or not available
WARNING: [Board 49-26] cannot add Board Part xilinx.com:kcu1500:part0:1.2 available at E:/xilinx/Vivado/2024.1/data/xhub/boards/XilinxBoardStore/boards/Xilinx/kcu1500/1.2/board.xml as part xcku115-flvb2104-2-e specified in board_part file is either invalid or not available
WARNING: [Board 49-26] cannot add Board Part xilinx.com:vck190:part0:2.2 available at E:/xilinx/Vivado/2024.1/data/xhub/boards/XilinxBoardStore/boards/Xilinx/vck190/production/2.2/board.xml as part xcvc1902-vsva2197-2mp-e-s specified in board_part file is either invalid or not available
WARNING: [Board 49-26] cannot add Board Part xilinx.com:vck190:part0:3.0 available at E:/xilinx/Vivado/2024.1/data/xhub/boards/XilinxBoardStore/boards/Xilinx/vck190/production/3.0/board.xml as part xcvc1902-vsva2197-2mp-e-s specified in board_part file is either invalid or not available
WARNING: [Board 49-26] cannot add Board Part xilinx.com:vck190:part0:3.1 available at E:/xilinx/Vivado/2024.1/data/xhub/boards/XilinxBoardStore/boards/Xilinx/vck190/production/3.1/board.xml as part xcvc1902-vsva2197-2mp-e-s specified in board_part file is either invalid or not available
WARNING: [Board 49-26] cannot add Board Part xilinx.com:vck190:part0:3.2 available at E:/xilinx/Vivado/2024.1/data/xhub/boards/XilinxBoardStore/boards/Xilinx/vck190/production/3.2/board.xml as part xcvc1902-vsva2197-2mp-e-s specified in board_part file is either invalid or not available
WARNING: [Board 49-26] cannot add Board Part xilinx.com:vck190:part0:3.3 available at E:/xilinx/Vivado/2024.1/data/xhub/boards/XilinxBoardStore/boards/Xilinx/vck190/production/3.3/board.xml as part xcvc1902-vsva2197-2mp-e-s specified in board_part file is either invalid or not available
WARNING: [Board 49-26] cannot add Board Part xilinx.com:vck190_newl:part0:1.0 available at E:/xilinx/Vivado/2024.1/data/xhub/boards/XilinxBoardStore/boards/Xilinx/vck190_newl/production/1.0/board.xml as part xcvc1902-vsva2197-2mp-e-s specified in board_part file is either invalid or not available
WARNING: [Board 49-26] cannot add Board Part xilinx.com:vck190_newl:part0:1.1 available at E:/xilinx/Vivado/2024.1/data/xhub/boards/XilinxBoardStore/boards/Xilinx/vck190_newl/production/1.1/board.xml as part xcvc1902-vsva2197-2mp-e-s specified in board_part file is either invalid or not available
WARNING: [Board 49-26] cannot add Board Part xilinx.com:vck190_newl:part0:1.2 available at E:/xilinx/Vivado/2024.1/data/xhub/boards/XilinxBoardStore/boards/Xilinx/vck190_newl/production/1.2/board.xml as part xcvc1902-vsva2197-2mp-e-s specified in board_part file is either invalid or not available
WARNING: [Board 49-26] cannot add Board Part xilinx.com:vcu108:part0:1.6 available at E:/xilinx/Vivado/2024.1/data/xhub/boards/XilinxBoardStore/boards/Xilinx/vcu108/1.6/board.xml as part xcvu095-ffva2104-2-e specified in board_part file is either invalid or not available
WARNING: [Board 49-26] cannot add Board Part xilinx.com:vcu108:part0:1.7 available at E:/xilinx/Vivado/2024.1/data/xhub/boards/XilinxBoardStore/boards/Xilinx/vcu108/1.7/board.xml as part xcvu095-ffva2104-2-e specified in board_part file is either invalid or not available
WARNING: [Board 49-26] cannot add Board Part xilinx.com:vcu110:part0:1.4 available at E:/xilinx/Vivado/2024.1/data/xhub/boards/XilinxBoardStore/boards/Xilinx/vcu110/1.4/board.xml as part xcvu190-flgc2104-2-e specified in board_part file is either invalid or not available
WARNING: [Board 49-26] cannot add Board Part xilinx.com:vcu118:part0:2.0 available at E:/xilinx/Vivado/2024.1/data/xhub/boards/XilinxBoardStore/boards/Xilinx/vcu118/2.0/board.xml as part xcvu9p-flga2104-2l-e specified in board_part file is either invalid or not available
WARNING: [Board 49-26] cannot add Board Part xilinx.com:vcu118:part0:2.3 available at E:/xilinx/Vivado/2024.1/data/xhub/boards/XilinxBoardStore/boards/Xilinx/vcu118/2.3/board.xml as part xcvu9p-flga2104-2l-e specified in board_part file is either invalid or not available
WARNING: [Board 49-26] cannot add Board Part xilinx.com:vcu118:part0:2.4 available at E:/xilinx/Vivado/2024.1/data/xhub/boards/XilinxBoardStore/boards/Xilinx/vcu118/2.4/board.xml as part xcvu9p-flga2104-2l-e specified in board_part file is either invalid or not available
WARNING: [Board 49-26] cannot add Board Part xilinx.com:vcu128:part0:1.0 available at E:/xilinx/Vivado/2024.1/data/xhub/boards/XilinxBoardStore/boards/Xilinx/vcu128/production/1.0/board.xml as part xcvu37p-fsvh2892-2l-e specified in board_part file is either invalid or not available
WARNING: [Board 49-26] cannot add Board Part xilinx.com:vcu129:part0:1.0 available at E:/xilinx/Vivado/2024.1/data/xhub/boards/XilinxBoardStore/boards/Xilinx/vcu129/production/1.0/board.xml as part xcvu29p-fsga2577-2l-e specified in board_part file is either invalid or not available
WARNING: [Board 49-26] cannot add Board Part xilinx.com:vcu1525:part0:1.3 available at E:/xilinx/Vivado/2024.1/data/xhub/boards/XilinxBoardStore/boards/Xilinx/vcu1525/1.3/board.xml as part xcvu9p-fsgd2104-2l-e specified in board_part file is either invalid or not available
WARNING: [Board 49-26] cannot add Board Part xilinx.com:vek280:part0:1.0 available at E:/xilinx/Vivado/2024.1/data/xhub/boards/XilinxBoardStore/boards/Xilinx/vek280/production/1.0/board.xml as part xcve2802-vsvh1760-2mp-e-s specified in board_part file is either invalid or not available
WARNING: [Board 49-26] cannot add Board Part xilinx.com:vek280:part0:1.1 available at E:/xilinx/Vivado/2024.1/data/xhub/boards/XilinxBoardStore/boards/Xilinx/vek280/production/1.1/board.xml as part xcve2802-vsvh1760-2mp-e-s specified in board_part file is either invalid or not available
WARNING: [Board 49-26] cannot add Board Part xilinx.com:vek280:part0:1.2 available at E:/xilinx/Vivado/2024.1/data/xhub/boards/XilinxBoardStore/boards/Xilinx/vek280/production/1.2/board.xml as part xcve2802-vsvh1760-2mp-e-s specified in board_part file is either invalid or not available
WARNING: [Board 49-26] cannot add Board Part xilinx.com:vek280_es:part0:1.0 available at E:/xilinx/Vivado/2024.1/data/xhub/boards/XilinxBoardStore/boards/Xilinx/vek280/es/rev_a/1.0/board.xml as part xcve2802-vsvh1760-2lp-e-s-es1 specified in board_part file is either invalid or not available
WARNING: [Board 49-26] cannot add Board Part xilinx.com:vek280_es:part0:1.1 available at E:/xilinx/Vivado/2024.1/data/xhub/boards/XilinxBoardStore/boards/Xilinx/vek280/es/rev_a/1.1/board.xml as part xcve2802-vsvh1760-2lp-e-s-es1 specified in board_part file is either invalid or not available
WARNING: [Board 49-26] cannot add Board Part xilinx.com:vek280_es_revb:part0:1.0 available at E:/xilinx/Vivado/2024.1/data/xhub/boards/XilinxBoardStore/boards/Xilinx/vek280/es/rev_b/1.0/board.xml as part xcve2802-vsvh1760-2mp-e-s-es1 specified in board_part file is either invalid or not available
WARNING: [Board 49-26] cannot add Board Part xilinx.com:vek280_es_revb:part0:1.1 available at E:/xilinx/Vivado/2024.1/data/xhub/boards/XilinxBoardStore/boards/Xilinx/vek280/es/rev_b/1.1/board.xml as part xcve2802-vsvh1760-2mp-e-s-es1 specified in board_part file is either invalid or not available
WARNING: [Board 49-26] cannot add Board Part xilinx.com:vermeo_t1_mpsoc:part0:1.0 available at E:/xilinx/Vivado/2024.1/data/xhub/boards/XilinxBoardStore/boards/Xilinx/vermeo_t1_mpsoc/1.0/board.xml as part xczu19eg-ffvd1760-2l-e specified in board_part file is either invalid or not available
WARNING: [Board 49-26] cannot add Board Part xilinx.com:vermeo_t1_rfsoc:part0:1.0 available at E:/xilinx/Vivado/2024.1/data/xhub/boards/XilinxBoardStore/boards/Xilinx/vermeo_t1_rfsoc/1.0/board.xml as part xczu21dr-ffvd1156-2l-e specified in board_part file is either invalid or not available
WARNING: [Board 49-26] cannot add Board Part xilinx.com:vhk158:part0:1.0 available at E:/xilinx/Vivado/2024.1/data/xhub/boards/XilinxBoardStore/boards/Xilinx/vhk158/production/1.0/board.xml as part xcvh1582-vsva3697-2mp-e-s specified in board_part file is either invalid or not available
WARNING: [Board 49-26] cannot add Board Part xilinx.com:vhk158:part0:1.1 available at E:/xilinx/Vivado/2024.1/data/xhub/boards/XilinxBoardStore/boards/Xilinx/vhk158/production/1.1/board.xml as part xcvh1582-vsva3697-2mp-e-s specified in board_part file is either invalid or not available
WARNING: [Board 49-26] cannot add Board Part xilinx.com:vhk158_es:part0:1.0 available at E:/xilinx/Vivado/2024.1/data/xhub/boards/XilinxBoardStore/boards/Xilinx/vhk158/es/1.0/board.xml as part xcvh1582-vsva3697-2mp-e-s-es1 specified in board_part file is either invalid or not available
WARNING: [Board 49-26] cannot add Board Part xilinx.com:vhk158_es:part0:1.1 available at E:/xilinx/Vivado/2024.1/data/xhub/boards/XilinxBoardStore/boards/Xilinx/vhk158/es/1.1/board.xml as part xcvh1582-vsva3697-2mp-e-s-es1 specified in board_part file is either invalid or not available
WARNING: [Board 49-26] cannot add Board Part xilinx.com:vmk180:part0:2.2 available at E:/xilinx/Vivado/2024.1/data/xhub/boards/XilinxBoardStore/boards/Xilinx/vmk180/production/2.2/board.xml as part xcvm1802-vsva2197-2mp-e-s specified in board_part file is either invalid or not available
WARNING: [Board 49-26] cannot add Board Part xilinx.com:vmk180:part0:3.0 available at E:/xilinx/Vivado/2024.1/data/xhub/boards/XilinxBoardStore/boards/Xilinx/vmk180/production/3.0/board.xml as part xcvm1802-vsva2197-2mp-e-s specified in board_part file is either invalid or not available
WARNING: [Board 49-26] cannot add Board Part xilinx.com:vmk180:part0:3.1 available at E:/xilinx/Vivado/2024.1/data/xhub/boards/XilinxBoardStore/boards/Xilinx/vmk180/production/3.1/board.xml as part xcvm1802-vsva2197-2mp-e-s specified in board_part file is either invalid or not available
WARNING: [Board 49-26] cannot add Board Part xilinx.com:vmk180:part0:3.2 available at E:/xilinx/Vivado/2024.1/data/xhub/boards/XilinxBoardStore/boards/Xilinx/vmk180/production/3.2/board.xml as part xcvm1802-vsva2197-2mp-e-s specified in board_part file is either invalid or not available
WARNING: [Board 49-26] cannot add Board Part xilinx.com:vmk180_newl:part0:1.0 available at E:/xilinx/Vivado/2024.1/data/xhub/boards/XilinxBoardStore/boards/Xilinx/vmk180_newl/production/1.0/board.xml as part xcvm1802-vsva2197-2mp-e-s specified in board_part file is either invalid or not available
WARNING: [Board 49-26] cannot add Board Part xilinx.com:vmk180_newl:part0:1.1 available at E:/xilinx/Vivado/2024.1/data/xhub/boards/XilinxBoardStore/boards/Xilinx/vmk180_newl/production/1.1/board.xml as part xcvm1802-vsva2197-2mp-e-s specified in board_part file is either invalid or not available
WARNING: [Board 49-26] cannot add Board Part xilinx.com:vpk120:part0:1.0 available at E:/xilinx/Vivado/2024.1/data/xhub/boards/XilinxBoardStore/boards/Xilinx/vpk120/production/1.0/board.xml as part xcvp1202-vsva2785-2mp-e-s specified in board_part file is either invalid or not available
WARNING: [Board 49-26] cannot add Board Part xilinx.com:vpk120:part0:1.1 available at E:/xilinx/Vivado/2024.1/data/xhub/boards/XilinxBoardStore/boards/Xilinx/vpk120/production/1.1/board.xml as part xcvp1202-vsva2785-2mp-e-s specified in board_part file is either invalid or not available
WARNING: [Board 49-26] cannot add Board Part xilinx.com:vpk120:part0:1.2 available at E:/xilinx/Vivado/2024.1/data/xhub/boards/XilinxBoardStore/boards/Xilinx/vpk120/production/1.2/board.xml as part xcvp1202-vsva2785-2mp-e-s specified in board_part file is either invalid or not available
WARNING: [Board 49-26] cannot add Board Part xilinx.com:vpk180:part0:1.0 available at E:/xilinx/Vivado/2024.1/data/xhub/boards/XilinxBoardStore/boards/Xilinx/vpk180/production/1.0/board.xml as part xcvp1802-lsvc4072-2mp-e-s specified in board_part file is either invalid or not available
WARNING: [Board 49-26] cannot add Board Part xilinx.com:vpk180:part0:1.1 available at E:/xilinx/Vivado/2024.1/data/xhub/boards/XilinxBoardStore/boards/Xilinx/vpk180/production/1.1/board.xml as part xcvp1802-lsvc4072-2mp-e-s specified in board_part file is either invalid or not available
WARNING: [Board 49-26] cannot add Board Part xilinx.com:vpk180:part0:1.2 available at E:/xilinx/Vivado/2024.1/data/xhub/boards/XilinxBoardStore/boards/Xilinx/vpk180/production/1.2/board.xml as part xcvp1802-lsvc4072-2mp-e-s specified in board_part file is either invalid or not available
WARNING: [Board 49-26] cannot add Board Part xilinx.com:zcu102:part0:3.3 available at E:/xilinx/Vivado/2024.1/data/xhub/boards/XilinxBoardStore/boards/Xilinx/zcu102/3.3/board.xml as part xczu9eg-ffvb1156-2-e specified in board_part file is either invalid or not available
WARNING: [Board 49-26] cannot add Board Part xilinx.com:zcu102:part0:3.4 available at E:/xilinx/Vivado/2024.1/data/xhub/boards/XilinxBoardStore/boards/Xilinx/zcu102/3.4/board.xml as part xczu9eg-ffvb1156-2-e specified in board_part file is either invalid or not available
WARNING: [Board 49-26] cannot add Board Part xilinx.com:zcu104:part0:1.1 available at E:/xilinx/Vivado/2024.1/data/xhub/boards/XilinxBoardStore/boards/Xilinx/zcu104/1.1/board.xml as part xczu7ev-ffvc1156-2-e specified in board_part file is either invalid or not available
WARNING: [Board 49-26] cannot add Board Part xilinx.com:zcu106:part0:2.4 available at E:/xilinx/Vivado/2024.1/data/xhub/boards/XilinxBoardStore/boards/Xilinx/zcu106/2.4/board.xml as part xczu7ev-ffvc1156-2-e specified in board_part file is either invalid or not available
WARNING: [Board 49-26] cannot add Board Part xilinx.com:zcu106:part0:2.5 available at E:/xilinx/Vivado/2024.1/data/xhub/boards/XilinxBoardStore/boards/Xilinx/zcu106/2.5/board.xml as part xczu7ev-ffvc1156-2-e specified in board_part file is either invalid or not available
WARNING: [Board 49-26] cannot add Board Part xilinx.com:zcu106:part0:2.6 available at E:/xilinx/Vivado/2024.1/data/xhub/boards/XilinxBoardStore/boards/Xilinx/zcu106/2.6/board.xml as part xczu7ev-ffvc1156-2-e specified in board_part file is either invalid or not available
WARNING: [Board 49-26] cannot add Board Part xilinx.com:zcu111:part0:1.2 available at E:/xilinx/Vivado/2024.1/data/xhub/boards/XilinxBoardStore/boards/Xilinx/zcu111/1.2/board.xml as part xczu28dr-ffvg1517-2-e specified in board_part file is either invalid or not available
WARNING: [Board 49-26] cannot add Board Part xilinx.com:zcu111:part0:1.3 available at E:/xilinx/Vivado/2024.1/data/xhub/boards/XilinxBoardStore/boards/Xilinx/zcu111/1.3/board.xml as part xczu28dr-ffvg1517-2-e specified in board_part file is either invalid or not available
WARNING: [Board 49-26] cannot add Board Part xilinx.com:zcu111:part0:1.4 available at E:/xilinx/Vivado/2024.1/data/xhub/boards/XilinxBoardStore/boards/Xilinx/zcu111/1.4/board.xml as part xczu28dr-ffvg1517-2-e specified in board_part file is either invalid or not available
WARNING: [Board 49-26] cannot add Board Part xilinx.com:zcu1275:part0:1.0 available at E:/xilinx/Vivado/2024.1/data/xhub/boards/XilinxBoardStore/boards/Xilinx/zcu1275/1.0/board.xml as part xczu29dr-ffvf1760-2-e specified in board_part file is either invalid or not available
WARNING: [Board 49-26] cannot add Board Part xilinx.com:zcu1285:part0:1.0 available at E:/xilinx/Vivado/2024.1/data/xhub/boards/XilinxBoardStore/boards/Xilinx/zcu1285/1.0/board.xml as part xczu39dr-ffvf1760-2-i specified in board_part file is either invalid or not available
WARNING: [Board 49-26] cannot add Board Part xilinx.com:zcu208:part0:2.0 available at E:/xilinx/Vivado/2024.1/data/xhub/boards/XilinxBoardStore/boards/Xilinx/zcu208/production/2.0/board.xml as part xczu48dr-fsvg1517-2-e specified in board_part file is either invalid or not available
WARNING: [Board 49-26] cannot add Board Part xilinx.com:zcu208ld:part0:2.0 available at E:/xilinx/Vivado/2024.1/data/xhub/boards/XilinxBoardStore/boards/Xilinx/zcu208ld/production/2.0/board.xml as part xczu58dr-fsvg1517-2-i specified in board_part file is either invalid or not available
WARNING: [Board 49-26] cannot add Board Part xilinx.com:zcu216:part0:2.0 available at E:/xilinx/Vivado/2024.1/data/xhub/boards/XilinxBoardStore/boards/Xilinx/zcu216/production/2.0/board.xml as part xczu49dr-ffvf1760-2-e specified in board_part file is either invalid or not available
WARNING: [Board 49-26] cannot add Board Part xilinx.com:zcu216ld:part0:2.0 available at E:/xilinx/Vivado/2024.1/data/xhub/boards/XilinxBoardStore/boards/Xilinx/zcu216ld/production/2.0/board.xml as part xczu59dr-ffvf1760-2-i specified in board_part file is either invalid or not available
WARNING: [Board 49-26] cannot add Board Part xilinx.com:zcu670:part0:2.0 available at E:/xilinx/Vivado/2024.1/data/xhub/boards/XilinxBoardStore/boards/Xilinx/zcu670/2.0/board.xml as part xczu67dr-fsve1156-2-i specified in board_part file is either invalid or not available
WARNING: [Board 49-26] cannot add Board Part xilinx.com:zcu670ld:part0:1.0 available at E:/xilinx/Vivado/2024.1/data/xhub/boards/XilinxBoardStore/boards/Xilinx/zcu670ld/1.0/board.xml as part xczu57dr-fsve1156-2-i specified in board_part file is either invalid or not available
WARNING: [filemgmt 56-3] IPUserFilesDir: Could not find the directory 'C:/Users/Arf/Desktop/ip_camera/New folder/IP-Camera-on-board-Antminer-S9/ip_camera/ip_camera.ip_user_files'.
Scanning sources...
Finished scanning sources
INFO: [IP_Flow 19-234] Refreshing IP repositories
INFO: [IP_Flow 19-1704] No user IP repositories specified
INFO: [IP_Flow 19-2313] Loaded Vivado IP repository 'E:/xilinx/Vivado/2024.1/data/ip'.
open_project: Time (s): cpu = 00:00:56 ; elapsed = 00:01:53 . Memory (MB): peak = 1492.410 ; gain = 465.090
update_compile_order -fileset sources_1
open_bd_design {C:/Users/Arf/Desktop/ip_camera/New folder/IP-Camera-on-board-Antminer-S9/ip_camera/ip_camera.srcs/sources_1/bd/design_1/design_1.bd}
Reading block design file <C:/Users/Arf/Desktop/ip_camera/New folder/IP-Camera-on-board-Antminer-S9/ip_camera/ip_camera.srcs/sources_1/bd/design_1/design_1.bd>...
Adding component instance block -- xilinx.com:ip:processing_system7:5.5 - processing_system7_0
Adding component instance block -- xilinx.com:ip:proc_sys_reset:5.0 - proc_sys_reset_0
Adding component instance block -- xilinx.com:ip:smartconnect:1.0 - smartconnect_0
Adding component instance block -- xilinx.com:ip:smartconnect:1.0 - smartconnect_1
Adding component instance block -- xilinx.com:ip:xlconcat:2.1 - xlconcat_0
Adding component instance block -- xilinx.com:ip:axi_vdma:6.3 - axi_vdma_0
Adding component instance block -- xilinx.com:ip:axi_gpio:2.0 - axi_gpio_0
Adding component instance block -- xilinx.com:ip:axis_data_fifo:2.0 - axis_data_fifo_0
Adding component instance block -- xilinx.com:module_ref:ov7670_axi_stream_capture:1.0 - ov7670_axi_stream_ca_0
Adding component instance block -- xilinx.com:module_ref:ov7670_controller:1.0 - ov7670_controller_0
Adding component instance block -- xilinx.com:ip:xlconstant:1.1 - xlconstant_0
Successfully read diagram <design_1> from block design file <C:/Users/Arf/Desktop/ip_camera/New folder/IP-Camera-on-board-Antminer-S9/ip_camera/ip_camera.srcs/sources_1/bd/design_1/design_1.bd>
open_bd_design: Time (s): cpu = 00:00:16 ; elapsed = 00:00:41 . Memory (MB): peak = 1547.543 ; gain = 15.297
disconnect_bd_net /processing_system7_0_FCLK_CLK0 [get_bd_pins axis_data_fifo_0/s_axis_aclk]
connect_bd_net [get_bd_ports pclk_0] [get_bd_pins axis_data_fifo_0/s_axis_aclk]
validate_bd_design
INFO: [BD 5-943] Reserving offset range <0x4300_0000 [ 64K ]> from slave interface '/smartconnect_0/S00_AXI' to master interface '/smartconnect_0/M00_AXI'. This will be used by smartconnect on path for routing.
INFO: [BD 5-943] Reserving offset range <0x4120_0000 [ 64K ]> from slave interface '/smartconnect_0/S00_AXI' to master interface '/smartconnect_0/M01_AXI'. This will be used by smartconnect on path for routing.
INFO: [xilinx.com:ip:smartconnect:1.0-1] design_1_smartconnect_0_0: SmartConnect design_1_smartconnect_0_0 is in Low-Area Mode.
WARNING: [xilinx.com:ip:smartconnect:1.0-1] design_1_smartconnect_0_0: IP design_1_smartconnect_0_0 is configured in Low-area mode as all propagated traffic is low-bandwidth (AXI4LITE). SI S00_AXI has property HAS_BURST == 1. WRAP bursts are not supported in Low-area mode and will result in DECERR if received.
WARNING: [xilinx.com:ip:smartconnect:1.0-1] design_1_smartconnect_0_0: If WRAP transactions are required then turn off Low-area mode using ADVANCED_PROPERTIES. Execute following: set_property CONFIG.ADVANCED_PROPERTIES {__experimental_features__ {disable_low_area_mode 1}} [get_bd_cells /design_1_smartconnect_0_0]
xit::source_ipfile: Time (s): cpu = 00:00:03 ; elapsed = 00:00:09 . Memory (MB): peak = 1658.230 ; gain = 42.102
xit::source_ipfile: Time (s): cpu = 00:00:03 ; elapsed = 00:00:06 . Memory (MB): peak = 1658.230 ; gain = 0.000
INFO: [BD 5-943] Reserving offset range <0x0000_0000 [ 1G ]> from slave interface '/smartconnect_1/S00_AXI' to master interface '/smartconnect_1/M00_AXI'. This will be used by smartconnect on path for routing.
INFO: [xilinx.com:ip:smartconnect:1.0-1] design_1_smartconnect_1_0: SmartConnect design_1_smartconnect_1_0 is in High-performance Mode.
ERROR: [BD 41-237] Bus Interface property CLK_DOMAIN does not match between /axis_data_fifo_0/S_AXIS(design_1_processing_system7_0_0_FCLK_CLK0) and /ov7670_axi_stream_ca_0/m_axis(design_1_ov7670_axi_stream_ca_0_0_aclk)
CRITICAL WARNING: [BD 41-237] Bus Interface property TDATA_NUM_BYTES does not match between /axis_data_fifo_0/S_AXIS(2) and /ov7670_axi_stream_ca_0/m_axis(4)
validate_bd_design: Time (s): cpu = 00:00:10 ; elapsed = 00:00:35 . Memory (MB): peak = 1676.430 ; gain = 69.020
ERROR: [Common 17-39] 'validate_bd_design' failed due to earlier errors.
set_property location {2.5 616 623} [get_bd_cells ov7670_controller_0]
undo
INFO: [Common 17-17] undo 'set_property location {2.5 616 623} [get_bd_cells ov7670_controller_0]'
disconnect_bd_net /pclk_0_1 [get_bd_pins axis_data_fifo_0/s_axis_aclk]
connect_bd_net [get_bd_ports pclk_0] [get_bd_pins axis_data_fifo_0/s_axis_aclk]
save_bd_design
Wrote  : <C:\Users\Arf\Desktop\ip_camera\New folder\IP-Camera-on-board-Antminer-S9\ip_camera\ip_camera.srcs\sources_1\bd\design_1\design_1.bd> 
Wrote  : <C:/Users/Arf/Desktop/ip_camera/New folder/IP-Camera-on-board-Antminer-S9/ip_camera/ip_camera.srcs/sources_1/bd/design_1/ui/bd_1f5defd0.ui> 
save_bd_design: Time (s): cpu = 00:00:07 ; elapsed = 00:00:08 . Memory (MB): peak = 1691.133 ; gain = 0.000
startgroup
set_property CONFIG.TDATA_NUM_BYTES {4} [get_bd_cells axis_data_fifo_0]
endgroup
validate_bd_design
INFO: [BD 5-943] Reserving offset range <0x4300_0000 [ 64K ]> from slave interface '/smartconnect_0/S00_AXI' to master interface '/smartconnect_0/M00_AXI'. This will be used by smartconnect on path for routing.
INFO: [BD 5-943] Reserving offset range <0x4120_0000 [ 64K ]> from slave interface '/smartconnect_0/S00_AXI' to master interface '/smartconnect_0/M01_AXI'. This will be used by smartconnect on path for routing.
INFO: [xilinx.com:ip:smartconnect:1.0-1] design_1_smartconnect_0_0: SmartConnect design_1_smartconnect_0_0 is in Low-Area Mode.
WARNING: [xilinx.com:ip:smartconnect:1.0-1] design_1_smartconnect_0_0: IP design_1_smartconnect_0_0 is configured in Low-area mode as all propagated traffic is low-bandwidth (AXI4LITE). SI S00_AXI has property HAS_BURST == 1. WRAP bursts are not supported in Low-area mode and will result in DECERR if received.
WARNING: [xilinx.com:ip:smartconnect:1.0-1] design_1_smartconnect_0_0: If WRAP transactions are required then turn off Low-area mode using ADVANCED_PROPERTIES. Execute following: set_property CONFIG.ADVANCED_PROPERTIES {__experimental_features__ {disable_low_area_mode 1}} [get_bd_cells /design_1_smartconnect_0_0]
INFO: [BD 5-943] Reserving offset range <0x0000_0000 [ 1G ]> from slave interface '/smartconnect_1/S00_AXI' to master interface '/smartconnect_1/M00_AXI'. This will be used by smartconnect on path for routing.
INFO: [xilinx.com:ip:smartconnect:1.0-1] design_1_smartconnect_1_0: SmartConnect design_1_smartconnect_1_0 is in High-performance Mode.
ERROR: [BD 41-237] Bus Interface property CLK_DOMAIN does not match between /axis_data_fifo_0/S_AXIS(design_1_processing_system7_0_0_FCLK_CLK0) and /ov7670_axi_stream_ca_0/m_axis(design_1_ov7670_axi_stream_ca_0_0_aclk)
validate_bd_design: Time (s): cpu = 00:00:08 ; elapsed = 00:00:09 . Memory (MB): peak = 1724.684 ; gain = 13.957
ERROR: [Common 17-39] 'validate_bd_design' failed due to earlier errors.
startgroup
set_property CONFIG.TDATA_NUM_BYTES {2} [get_bd_cells axis_data_fifo_0]
endgroup
validate_bd_design
INFO: [BD 5-943] Reserving offset range <0x4300_0000 [ 64K ]> from slave interface '/smartconnect_0/S00_AXI' to master interface '/smartconnect_0/M00_AXI'. This will be used by smartconnect on path for routing.
INFO: [BD 5-943] Reserving offset range <0x4120_0000 [ 64K ]> from slave interface '/smartconnect_0/S00_AXI' to master interface '/smartconnect_0/M01_AXI'. This will be used by smartconnect on path for routing.
INFO: [xilinx.com:ip:smartconnect:1.0-1] design_1_smartconnect_0_0: SmartConnect design_1_smartconnect_0_0 is in Low-Area Mode.
WARNING: [xilinx.com:ip:smartconnect:1.0-1] design_1_smartconnect_0_0: IP design_1_smartconnect_0_0 is configured in Low-area mode as all propagated traffic is low-bandwidth (AXI4LITE). SI S00_AXI has property HAS_BURST == 1. WRAP bursts are not supported in Low-area mode and will result in DECERR if received.
WARNING: [xilinx.com:ip:smartconnect:1.0-1] design_1_smartconnect_0_0: If WRAP transactions are required then turn off Low-area mode using ADVANCED_PROPERTIES. Execute following: set_property CONFIG.ADVANCED_PROPERTIES {__experimental_features__ {disable_low_area_mode 1}} [get_bd_cells /design_1_smartconnect_0_0]
INFO: [BD 5-943] Reserving offset range <0x0000_0000 [ 1G ]> from slave interface '/smartconnect_1/S00_AXI' to master interface '/smartconnect_1/M00_AXI'. This will be used by smartconnect on path for routing.
INFO: [xilinx.com:ip:smartconnect:1.0-1] design_1_smartconnect_1_0: SmartConnect design_1_smartconnect_1_0 is in High-performance Mode.
ERROR: [BD 41-237] Bus Interface property CLK_DOMAIN does not match between /axis_data_fifo_0/S_AXIS(design_1_processing_system7_0_0_FCLK_CLK0) and /ov7670_axi_stream_ca_0/m_axis(design_1_ov7670_axi_stream_ca_0_0_aclk)
CRITICAL WARNING: [BD 41-237] Bus Interface property TDATA_NUM_BYTES does not match between /axis_data_fifo_0/S_AXIS(2) and /ov7670_axi_stream_ca_0/m_axis(4)
validate_bd_design: Time (s): cpu = 00:00:07 ; elapsed = 00:00:08 . Memory (MB): peak = 1746.883 ; gain = 22.055
ERROR: [Common 17-39] 'validate_bd_design' failed due to earlier errors.
startgroup
set_property CONFIG.TDATA_NUM_BYTES {4} [get_bd_cells axis_data_fifo_0]
endgroup
validate_bd_design
INFO: [BD 5-943] Reserving offset range <0x4300_0000 [ 64K ]> from slave interface '/smartconnect_0/S00_AXI' to master interface '/smartconnect_0/M00_AXI'. This will be used by smartconnect on path for routing.
INFO: [BD 5-943] Reserving offset range <0x4120_0000 [ 64K ]> from slave interface '/smartconnect_0/S00_AXI' to master interface '/smartconnect_0/M01_AXI'. This will be used by smartconnect on path for routing.
INFO: [xilinx.com:ip:smartconnect:1.0-1] design_1_smartconnect_0_0: SmartConnect design_1_smartconnect_0_0 is in Low-Area Mode.
WARNING: [xilinx.com:ip:smartconnect:1.0-1] design_1_smartconnect_0_0: IP design_1_smartconnect_0_0 is configured in Low-area mode as all propagated traffic is low-bandwidth (AXI4LITE). SI S00_AXI has property HAS_BURST == 1. WRAP bursts are not supported in Low-area mode and will result in DECERR if received.
WARNING: [xilinx.com:ip:smartconnect:1.0-1] design_1_smartconnect_0_0: If WRAP transactions are required then turn off Low-area mode using ADVANCED_PROPERTIES. Execute following: set_property CONFIG.ADVANCED_PROPERTIES {__experimental_features__ {disable_low_area_mode 1}} [get_bd_cells /design_1_smartconnect_0_0]
INFO: [BD 5-943] Reserving offset range <0x0000_0000 [ 1G ]> from slave interface '/smartconnect_1/S00_AXI' to master interface '/smartconnect_1/M00_AXI'. This will be used by smartconnect on path for routing.
INFO: [xilinx.com:ip:smartconnect:1.0-1] design_1_smartconnect_1_0: SmartConnect design_1_smartconnect_1_0 is in High-performance Mode.
ERROR: [BD 41-237] Bus Interface property CLK_DOMAIN does not match between /axis_data_fifo_0/S_AXIS(design_1_processing_system7_0_0_FCLK_CLK0) and /ov7670_axi_stream_ca_0/m_axis(design_1_ov7670_axi_stream_ca_0_0_aclk)
validate_bd_design: Time (s): cpu = 00:00:07 ; elapsed = 00:00:07 . Memory (MB): peak = 1768.723 ; gain = 21.840
ERROR: [Common 17-39] 'validate_bd_design' failed due to earlier errors.
regenerate_bd_layout
validate_bd_design
INFO: [BD 5-943] Reserving offset range <0x4300_0000 [ 64K ]> from slave interface '/smartconnect_0/S00_AXI' to master interface '/smartconnect_0/M00_AXI'. This will be used by smartconnect on path for routing.
INFO: [BD 5-943] Reserving offset range <0x4120_0000 [ 64K ]> from slave interface '/smartconnect_0/S00_AXI' to master interface '/smartconnect_0/M01_AXI'. This will be used by smartconnect on path for routing.
INFO: [xilinx.com:ip:smartconnect:1.0-1] design_1_smartconnect_0_0: SmartConnect design_1_smartconnect_0_0 is in Low-Area Mode.
WARNING: [xilinx.com:ip:smartconnect:1.0-1] design_1_smartconnect_0_0: IP design_1_smartconnect_0_0 is configured in Low-area mode as all propagated traffic is low-bandwidth (AXI4LITE). SI S00_AXI has property HAS_BURST == 1. WRAP bursts are not supported in Low-area mode and will result in DECERR if received.
WARNING: [xilinx.com:ip:smartconnect:1.0-1] design_1_smartconnect_0_0: If WRAP transactions are required then turn off Low-area mode using ADVANCED_PROPERTIES. Execute following: set_property CONFIG.ADVANCED_PROPERTIES {__experimental_features__ {disable_low_area_mode 1}} [get_bd_cells /design_1_smartconnect_0_0]
create_bd_cell: Time (s): cpu = 00:00:01 ; elapsed = 00:00:23 . Memory (MB): peak = 1796.648 ; gain = 0.000
xit::source_ipfile: Time (s): cpu = 00:00:06 ; elapsed = 00:00:48 . Memory (MB): peak = 1796.648 ; gain = 0.000
xit::source_ipfile: Time (s): cpu = 00:00:03 ; elapsed = 00:00:07 . Memory (MB): peak = 1796.680 ; gain = 0.031
INFO: [BD 5-943] Reserving offset range <0x0000_0000 [ 1G ]> from slave interface '/smartconnect_1/S00_AXI' to master interface '/smartconnect_1/M00_AXI'. This will be used by smartconnect on path for routing.
INFO: [xilinx.com:ip:smartconnect:1.0-1] design_1_smartconnect_1_0: SmartConnect design_1_smartconnect_1_0 is in High-performance Mode.
ERROR: [BD 41-237] Bus Interface property CLK_DOMAIN does not match between /axis_data_fifo_0/S_AXIS(design_1_processing_system7_0_0_FCLK_CLK0) and /ov7670_axi_stream_ca_0/m_axis(design_1_ov7670_axi_stream_ca_0_0_aclk)
validate_bd_design: Time (s): cpu = 00:00:18 ; elapsed = 00:02:23 . Memory (MB): peak = 1797.688 ; gain = 8.094
ERROR: [Common 17-39] 'validate_bd_design' failed due to earlier errors.
disconnect_bd_net /processing_system7_0_FCLK_CLK0 [get_bd_pins axi_vdma_0/s_axis_s2mm_aclk]
connect_bd_net [get_bd_pins ov7670_axi_stream_ca_0/aclk] [get_bd_pins axi_vdma_0/s_axis_s2mm_aclk]
validate_bd_design
INFO: [BD 5-943] Reserving offset range <0x4300_0000 [ 64K ]> from slave interface '/smartconnect_0/S00_AXI' to master interface '/smartconnect_0/M00_AXI'. This will be used by smartconnect on path for routing.
INFO: [BD 5-943] Reserving offset range <0x4120_0000 [ 64K ]> from slave interface '/smartconnect_0/S00_AXI' to master interface '/smartconnect_0/M01_AXI'. This will be used by smartconnect on path for routing.
INFO: [xilinx.com:ip:smartconnect:1.0-1] design_1_smartconnect_0_0: SmartConnect design_1_smartconnect_0_0 is in Low-Area Mode.
WARNING: [xilinx.com:ip:smartconnect:1.0-1] design_1_smartconnect_0_0: IP design_1_smartconnect_0_0 is configured in Low-area mode as all propagated traffic is low-bandwidth (AXI4LITE). SI S00_AXI has property HAS_BURST == 1. WRAP bursts are not supported in Low-area mode and will result in DECERR if received.
WARNING: [xilinx.com:ip:smartconnect:1.0-1] design_1_smartconnect_0_0: If WRAP transactions are required then turn off Low-area mode using ADVANCED_PROPERTIES. Execute following: set_property CONFIG.ADVANCED_PROPERTIES {__experimental_features__ {disable_low_area_mode 1}} [get_bd_cells /design_1_smartconnect_0_0]
xit::source_ipfile: Time (s): cpu = 00:00:03 ; elapsed = 00:00:11 . Memory (MB): peak = 1827.773 ; gain = 0.004
INFO: [BD 5-943] Reserving offset range <0x0000_0000 [ 1G ]> from slave interface '/smartconnect_1/S00_AXI' to master interface '/smartconnect_1/M00_AXI'. This will be used by smartconnect on path for routing.
INFO: [xilinx.com:ip:smartconnect:1.0-1] design_1_smartconnect_1_0: SmartConnect design_1_smartconnect_1_0 is in High-performance Mode.
INFO: [xilinx.com:ip:axi_vdma:6.3-17] /axi_vdma_0 
                    All clocks connected to AXI VDMA are not identical, therefore configuring AXI-VDMA in ASYNC mode.
ERROR: [BD 41-237] Bus Interface property CLK_DOMAIN does not match between /axi_vdma_0/S_AXIS_S2MM(design_1_ov7670_axi_stream_ca_0_0_aclk) and /axis_data_fifo_0/M_AXIS(design_1_processing_system7_0_0_FCLK_CLK0)
ERROR: [BD 41-237] Bus Interface property CLK_DOMAIN does not match between /axis_data_fifo_0/S_AXIS(design_1_processing_system7_0_0_FCLK_CLK0) and /ov7670_axi_stream_ca_0/m_axis(design_1_ov7670_axi_stream_ca_0_0_aclk)
validate_bd_design: Time (s): cpu = 00:00:10 ; elapsed = 00:00:53 . Memory (MB): peak = 1827.789 ; gain = 13.184
ERROR: [Common 17-39] 'validate_bd_design' failed due to earlier errors.
undo
INFO: [Common 17-17] undo 'connect_bd_net [get_bd_pins ov7670_axi_stream_ca_0/aclk] [get_bd_pins axi_vdma_0/s_axis_s2mm_aclk]'
undo
INFO: [Common 17-17] undo 'disconnect_bd_net /processing_system7_0_FCLK_CLK0 [get_bd_pins axi_vdma_0/s_axis_s2mm_aclk]'
validate_bd_design
INFO: [BD 5-943] Reserving offset range <0x4300_0000 [ 64K ]> from slave interface '/smartconnect_0/S00_AXI' to master interface '/smartconnect_0/M00_AXI'. This will be used by smartconnect on path for routing.
INFO: [BD 5-943] Reserving offset range <0x4120_0000 [ 64K ]> from slave interface '/smartconnect_0/S00_AXI' to master interface '/smartconnect_0/M01_AXI'. This will be used by smartconnect on path for routing.
INFO: [xilinx.com:ip:smartconnect:1.0-1] design_1_smartconnect_0_0: SmartConnect design_1_smartconnect_0_0 is in Low-Area Mode.
WARNING: [xilinx.com:ip:smartconnect:1.0-1] design_1_smartconnect_0_0: IP design_1_smartconnect_0_0 is configured in Low-area mode as all propagated traffic is low-bandwidth (AXI4LITE). SI S00_AXI has property HAS_BURST == 1. WRAP bursts are not supported in Low-area mode and will result in DECERR if received.
WARNING: [xilinx.com:ip:smartconnect:1.0-1] design_1_smartconnect_0_0: If WRAP transactions are required then turn off Low-area mode using ADVANCED_PROPERTIES. Execute following: set_property CONFIG.ADVANCED_PROPERTIES {__experimental_features__ {disable_low_area_mode 1}} [get_bd_cells /design_1_smartconnect_0_0]
INFO: [BD 5-943] Reserving offset range <0x0000_0000 [ 1G ]> from slave interface '/smartconnect_1/S00_AXI' to master interface '/smartconnect_1/M00_AXI'. This will be used by smartconnect on path for routing.
INFO: [xilinx.com:ip:smartconnect:1.0-1] design_1_smartconnect_1_0: SmartConnect design_1_smartconnect_1_0 is in High-performance Mode.
ERROR: [BD 41-237] Bus Interface property CLK_DOMAIN does not match between /axis_data_fifo_0/S_AXIS(design_1_processing_system7_0_0_FCLK_CLK0) and /ov7670_axi_stream_ca_0/m_axis(design_1_ov7670_axi_stream_ca_0_0_aclk)
validate_bd_design: Time (s): cpu = 00:00:08 ; elapsed = 00:00:10 . Memory (MB): peak = 1841.820 ; gain = 14.031
ERROR: [Common 17-39] 'validate_bd_design' failed due to earlier errors.
exit
INFO: [Common 17-206] Exiting Vivado at Tue Jun  9 00:07:07 2026...
