#-----------------------------------------------------------
# Vivado v2024.1 (64-bit)
# SW Build 5076996 on Wed May 22 18:37:14 MDT 2024
# IP Build 5075265 on Wed May 22 21:45:21 MDT 2024
# SharedData Build 5076995 on Wed May 22 18:29:18 MDT 2024
# Start of session at: Tue Jun  9 00:51:51 2026
# Process ID: 1308
# Current directory: C:/Users/Arf/Desktop/ip_camera/New folder/IP-Camera-on-board-Antminer-S9/ip_camera
# Command line: vivado.exe -gui_launcher_event rodinguilauncherevent8280 C:\Users\Arf\Desktop\ip_camera\New folder\IP-Camera-on-board-Antminer-S9\ip_camera\ip_camera.xpr
# Log file: C:/Users/Arf/Desktop/ip_camera/New folder/IP-Camera-on-board-Antminer-S9/ip_camera/vivado.log
# Journal file: C:/Users/Arf/Desktop/ip_camera/New folder/IP-Camera-on-board-Antminer-S9/ip_camera\vivado.jou
# Running On        :DESKTOP-GTOUM49
# Platform          :Windows Server 2016 or Windows 10
# Operating System  :19045
# Processor Detail  :Intel(R) Core(TM) i3-8130U CPU @ 2.20GHz
# CPU Frequency     :2208 MHz
# CPU Physical cores:2
# CPU Logical cores :4
# Host memory       :3688 MB
# Swap memory       :4162 MB
# Total Virtual     :7851 MB
# Available Virtual :4276 MB
#-----------------------------------------------------------
start_gui
open_project {C:/Users/Arf/Desktop/ip_camera/New folder/IP-Camera-on-board-Antminer-S9/ip_camera/ip_camera.xpr}
INFO: [ProjectBase 1-489] The host OS only allows 260 characters in a normal path. The project is stored in a path with more than 80 characters. If you experience issues with IP, Block Designs, or files not being found, please consider moving the project to a location with a shorter path. Alternately consider using the OS subst command to map part of the path to a drive letter.
Current project path is 'C:/Users/Arf/Desktop/ip_camera/New folder/IP-Camera-on-board-Antminer-S9/ip_camera'
WARNING: [Board 49-26] cannot add Board Part xilinx.com:kcu105:part0:1.6 available at E:/xilinx/Vivado/2024.1/data/xhub/boards/XilinxBoardStore/boards/Xilinx/kcu105/1.6/board.xml as part xcku040-ffva1156-2-e specified in board_part file is either invalid or not available
WARNING: [Board 49-26] cannot add Board Part xilinx.com:kcu105:part0:1.7 available at E:/xilinx/Vivado/2024.1/data/xhub/boards/XilinxBoardStore/boards/Xilinx/kcu105/1.7/board.xml as part xcku040-ffva1156-2-e specified in board_part file is either invalid or not available
WARNING: [Board 49-26] cannot add Board Part xilinx.com:kcu116:part0:1.4 available at E:/xilinx/Vivado/2024.1/data/xhub/boards/XilinxBoardStore/boards/Xilinx/kcu116/1.4/board.xml as part xcku5p-ffvb676-2-e specified in board_part file is either invalid or not available
WARNING: [Board 49-26] cannot add Board Part xilinx.com:kcu116:part0:1.5 available at E:/xilinx/Vivado/2024.1/data/xhub/boards/XilinxBoardStore/boards/Xilinx/kcu116/1.5/board.xml as part xcku5p-ffvb676-2-e specified in board_part file is either invalid or not available
WARNING: [Board 49-26] cannot add Board Part xilinx.com:kcu1500:part0:1.2 available at E:/xilinx/Vivado/2024.1/data/xhub/boards/XilinxBoardStore/boards/Xilinx/kcu1500/1.2/board.xml as part xcku115-flvb2104-2-e specified in board_part file is either invalid or not available
WARNING: [Board 49-26] cannot add Board Part xilinx.com:vck190:part0:2.2 available at E:/xilinx/Vivado/2024.1/data/xhub/boards/XilinxBoardStore/boards/Xilinx/vck190/production/2.2/board.xml as part xcvc1902-vsva2197-2mp-e-s specified in board_part file is either invalid or not available
WARNING: [Board 49-26] cannot add Board Part xilinx.com:vck190:part0:3.0 available at E:/xilinx/Vivado/2024.1/data/xhub/boards/XilinxBoardStore/boards/Xilinx/vck190/production/3.0/board.xml as part xcvc1902-vsva2197-2mp-e-s specified in board_part file is either invalid or not available
WARNING: [Board 49-26] cannot add Board Part xilinx.com:vck190:part0:3.1 available at E:/xilinx/Vivado/2024.1/data/xhub/boards/XilinxBoardStore/boards/Xilinx/vck190/production/3.1/board.xml as part xcvc1902-vsva2197-2mp-e-s specified in board_part file is either invalid or not available
WARNING: [Board 49-26] cannot add Board Part xilinx.com:vck190:part0:3.2 available at E:/xilinx/Vivado/2024.1/data/xhub/boards/XilinxBoardStore/boards/Xilinx/vck190/production/3.2/board.xml as part xcvc1902-vsva2197-2mp-e-s specified in board_part file is either invalid or not available
WARNING: [Board 49-26] cannot add Board Part xilinx.com:vck190:part0:3.3 available at E:/xilinx/Vivado/2024.1/data/xhub/boards/XilinxBoardStore/boards/Xilinx/vck190/production/3.3/board.xml as part xcvc1902-vsva2197-2mp-e-s specified in board_part file is either invalid or not available
WARNING: [Board 49-26] cannot add Board Part xilinx.com:vck190_newl:part0:1.0 available at E:/xilinx/Vivado/2024.1/data/xhub/boards/XilinxBoardStore/boards/Xilinx/vck190_newl/production/1.0/board.xml as part xcvc1902-vsva2197-2mp-e-s specified in board_part file is either invalid or not available
WARNING: [Board 49-26] cannot add Board Part xilinx.com:vck190_newl:part0:1.1 available at E:/xilinx/Vivado/2024.1/data/xhub/boards/XilinxBoardStore/boards/Xilinx/vck190_newl/production/1.1/board.xml as part xcvc1902-vsva2197-2mp-e-s specified in board_part file is either invalid or not available
WARNING: [Board 49-26] cannot add Board Part xilinx.com:vck190_newl:part0:1.2 available at E:/xilinx/Vivado/2024.1/data/xhub/boards/XilinxBoardStore/boards/Xilinx/vck190_newl/production/1.2/board.xml as part xcvc1902-vsva2197-2mp-e-s specified in board_part file is either invalid or not available
WARNING: [Board 49-26] cannot add Board Part xilinx.com:vcu108:part0:1.6 available at E:/xilinx/Vivado/2024.1/data/xhub/boards/XilinxBoardStore/boards/Xilinx/vcu108/1.6/board.xml as part xcvu095-ffva2104-2-e specified in board_part file is either invalid or not available
WARNING: [Board 49-26] cannot add Board Part xilinx.com:vcu108:part0:1.7 available at E:/xilinx/Vivado/2024.1/data/xhub/boards/XilinxBoardStore/boards/Xilinx/vcu108/1.7/board.xml as part xcvu095-ffva2104-2-e specified in board_part file is either invalid or not available
WARNING: [Board 49-26] cannot add Board Part xilinx.com:vcu110:part0:1.4 available at E:/xilinx/Vivado/2024.1/data/xhub/boards/XilinxBoardStore/boards/Xilinx/vcu110/1.4/board.xml as part xcvu190-flgc2104-2-e specified in board_part file is either invalid or not available
WARNING: [Board 49-26] cannot add Board Part xilinx.com:vcu118:part0:2.0 available at E:/xilinx/Vivado/2024.1/data/xhub/boards/XilinxBoardStore/boards/Xilinx/vcu118/2.0/board.xml as part xcvu9p-flga2104-2l-e specified in board_part file is either invalid or not available
WARNING: [Board 49-26] cannot add Board Part xilinx.com:vcu118:part0:2.3 available at E:/xilinx/Vivado/2024.1/data/xhub/boards/XilinxBoardStore/boards/Xilinx/vcu118/2.3/board.xml as part xcvu9p-flga2104-2l-e specified in board_part file is either invalid or not available
WARNING: [Board 49-26] cannot add Board Part xilinx.com:vcu118:part0:2.4 available at E:/xilinx/Vivado/2024.1/data/xhub/boards/XilinxBoardStore/boards/Xilinx/vcu118/2.4/board.xml as part xcvu9p-flga2104-2l-e specified in board_part file is either invalid or not available
WARNING: [Board 49-26] cannot add Board Part xilinx.com:vcu128:part0:1.0 available at E:/xilinx/Vivado/2024.1/data/xhub/boards/XilinxBoardStore/boards/Xilinx/vcu128/production/1.0/board.xml as part xcvu37p-fsvh2892-2l-e specified in board_part file is either invalid or not available
WARNING: [Board 49-26] cannot add Board Part xilinx.com:vcu129:part0:1.0 available at E:/xilinx/Vivado/2024.1/data/xhub/boards/XilinxBoardStore/boards/Xilinx/vcu129/production/1.0/board.xml as part xcvu29p-fsga2577-2l-e specified in board_part file is either invalid or not available
WARNING: [Board 49-26] cannot add Board Part xilinx.com:vcu1525:part0:1.3 available at E:/xilinx/Vivado/2024.1/data/xhub/boards/XilinxBoardStore/boards/Xilinx/vcu1525/1.3/board.xml as part xcvu9p-fsgd2104-2l-e specified in board_part file is either invalid or not available
WARNING: [Board 49-26] cannot add Board Part xilinx.com:vek280:part0:1.0 available at E:/xilinx/Vivado/2024.1/data/xhub/boards/XilinxBoardStore/boards/Xilinx/vek280/production/1.0/board.xml as part xcve2802-vsvh1760-2mp-e-s specified in board_part file is either invalid or not available
WARNING: [Board 49-26] cannot add Board Part xilinx.com:vek280:part0:1.1 available at E:/xilinx/Vivado/2024.1/data/xhub/boards/XilinxBoardStore/boards/Xilinx/vek280/production/1.1/board.xml as part xcve2802-vsvh1760-2mp-e-s specified in board_part file is either invalid or not available
WARNING: [Board 49-26] cannot add Board Part xilinx.com:vek280:part0:1.2 available at E:/xilinx/Vivado/2024.1/data/xhub/boards/XilinxBoardStore/boards/Xilinx/vek280/production/1.2/board.xml as part xcve2802-vsvh1760-2mp-e-s specified in board_part file is either invalid or not available
WARNING: [Board 49-26] cannot add Board Part xilinx.com:vek280_es:part0:1.0 available at E:/xilinx/Vivado/2024.1/data/xhub/boards/XilinxBoardStore/boards/Xilinx/vek280/es/rev_a/1.0/board.xml as part xcve2802-vsvh1760-2lp-e-s-es1 specified in board_part file is either invalid or not available
WARNING: [Board 49-26] cannot add Board Part xilinx.com:vek280_es:part0:1.1 available at E:/xilinx/Vivado/2024.1/data/xhub/boards/XilinxBoardStore/boards/Xilinx/vek280/es/rev_a/1.1/board.xml as part xcve2802-vsvh1760-2lp-e-s-es1 specified in board_part file is either invalid or not available
WARNING: [Board 49-26] cannot add Board Part xilinx.com:vek280_es_revb:part0:1.0 available at E:/xilinx/Vivado/2024.1/data/xhub/boards/XilinxBoardStore/boards/Xilinx/vek280/es/rev_b/1.0/board.xml as part xcve2802-vsvh1760-2mp-e-s-es1 specified in board_part file is either invalid or not available
WARNING: [Board 49-26] cannot add Board Part xilinx.com:vek280_es_revb:part0:1.1 available at E:/xilinx/Vivado/2024.1/data/xhub/boards/XilinxBoardStore/boards/Xilinx/vek280/es/rev_b/1.1/board.xml as part xcve2802-vsvh1760-2mp-e-s-es1 specified in board_part file is either invalid or not available
WARNING: [Board 49-26] cannot add Board Part xilinx.com:vermeo_t1_mpsoc:part0:1.0 available at E:/xilinx/Vivado/2024.1/data/xhub/boards/XilinxBoardStore/boards/Xilinx/vermeo_t1_mpsoc/1.0/board.xml as part xczu19eg-ffvd1760-2l-e specified in board_part file is either invalid or not available
WARNING: [Board 49-26] cannot add Board Part xilinx.com:vermeo_t1_rfsoc:part0:1.0 available at E:/xilinx/Vivado/2024.1/data/xhub/boards/XilinxBoardStore/boards/Xilinx/vermeo_t1_rfsoc/1.0/board.xml as part xczu21dr-ffvd1156-2l-e specified in board_part file is either invalid or not available
WARNING: [Board 49-26] cannot add Board Part xilinx.com:vhk158:part0:1.0 available at E:/xilinx/Vivado/2024.1/data/xhub/boards/XilinxBoardStore/boards/Xilinx/vhk158/production/1.0/board.xml as part xcvh1582-vsva3697-2mp-e-s specified in board_part file is either invalid or not available
WARNING: [Board 49-26] cannot add Board Part xilinx.com:vhk158:part0:1.1 available at E:/xilinx/Vivado/2024.1/data/xhub/boards/XilinxBoardStore/boards/Xilinx/vhk158/production/1.1/board.xml as part xcvh1582-vsva3697-2mp-e-s specified in board_part file is either invalid or not available
WARNING: [Board 49-26] cannot add Board Part xilinx.com:vhk158_es:part0:1.0 available at E:/xilinx/Vivado/2024.1/data/xhub/boards/XilinxBoardStore/boards/Xilinx/vhk158/es/1.0/board.xml as part xcvh1582-vsva3697-2mp-e-s-es1 specified in board_part file is either invalid or not available
WARNING: [Board 49-26] cannot add Board Part xilinx.com:vhk158_es:part0:1.1 available at E:/xilinx/Vivado/2024.1/data/xhub/boards/XilinxBoardStore/boards/Xilinx/vhk158/es/1.1/board.xml as part xcvh1582-vsva3697-2mp-e-s-es1 specified in board_part file is either invalid or not available
WARNING: [Board 49-26] cannot add Board Part xilinx.com:vmk180:part0:2.2 available at E:/xilinx/Vivado/2024.1/data/xhub/boards/XilinxBoardStore/boards/Xilinx/vmk180/production/2.2/board.xml as part xcvm1802-vsva2197-2mp-e-s specified in board_part file is either invalid or not available
WARNING: [Board 49-26] cannot add Board Part xilinx.com:vmk180:part0:3.0 available at E:/xilinx/Vivado/2024.1/data/xhub/boards/XilinxBoardStore/boards/Xilinx/vmk180/production/3.0/board.xml as part xcvm1802-vsva2197-2mp-e-s specified in board_part file is either invalid or not available
WARNING: [Board 49-26] cannot add Board Part xilinx.com:vmk180:part0:3.1 available at E:/xilinx/Vivado/2024.1/data/xhub/boards/XilinxBoardStore/boards/Xilinx/vmk180/production/3.1/board.xml as part xcvm1802-vsva2197-2mp-e-s specified in board_part file is either invalid or not available
WARNING: [Board 49-26] cannot add Board Part xilinx.com:vmk180:part0:3.2 available at E:/xilinx/Vivado/2024.1/data/xhub/boards/XilinxBoardStore/boards/Xilinx/vmk180/production/3.2/board.xml as part xcvm1802-vsva2197-2mp-e-s specified in board_part file is either invalid or not available
WARNING: [Board 49-26] cannot add Board Part xilinx.com:vmk180_newl:part0:1.0 available at E:/xilinx/Vivado/2024.1/data/xhub/boards/XilinxBoardStore/boards/Xilinx/vmk180_newl/production/1.0/board.xml as part xcvm1802-vsva2197-2mp-e-s specified in board_part file is either invalid or not available
WARNING: [Board 49-26] cannot add Board Part xilinx.com:vmk180_newl:part0:1.1 available at E:/xilinx/Vivado/2024.1/data/xhub/boards/XilinxBoardStore/boards/Xilinx/vmk180_newl/production/1.1/board.xml as part xcvm1802-vsva2197-2mp-e-s specified in board_part file is either invalid or not available
WARNING: [Board 49-26] cannot add Board Part xilinx.com:vpk120:part0:1.0 available at E:/xilinx/Vivado/2024.1/data/xhub/boards/XilinxBoardStore/boards/Xilinx/vpk120/production/1.0/board.xml as part xcvp1202-vsva2785-2mp-e-s specified in board_part file is either invalid or not available
WARNING: [Board 49-26] cannot add Board Part xilinx.com:vpk120:part0:1.1 available at E:/xilinx/Vivado/2024.1/data/xhub/boards/XilinxBoardStore/boards/Xilinx/vpk120/production/1.1/board.xml as part xcvp1202-vsva2785-2mp-e-s specified in board_part file is either invalid or not available
WARNING: [Board 49-26] cannot add Board Part xilinx.com:vpk120:part0:1.2 available at E:/xilinx/Vivado/2024.1/data/xhub/boards/XilinxBoardStore/boards/Xilinx/vpk120/production/1.2/board.xml as part xcvp1202-vsva2785-2mp-e-s specified in board_part file is either invalid or not available
WARNING: [Board 49-26] cannot add Board Part xilinx.com:vpk180:part0:1.0 available at E:/xilinx/Vivado/2024.1/data/xhub/boards/XilinxBoardStore/boards/Xilinx/vpk180/production/1.0/board.xml as part xcvp1802-lsvc4072-2mp-e-s specified in board_part file is either invalid or not available
WARNING: [Board 49-26] cannot add Board Part xilinx.com:vpk180:part0:1.1 available at E:/xilinx/Vivado/2024.1/data/xhub/boards/XilinxBoardStore/boards/Xilinx/vpk180/production/1.1/board.xml as part xcvp1802-lsvc4072-2mp-e-s specified in board_part file is either invalid or not available
WARNING: [Board 49-26] cannot add Board Part xilinx.com:vpk180:part0:1.2 available at E:/xilinx/Vivado/2024.1/data/xhub/boards/XilinxBoardStore/boards/Xilinx/vpk180/production/1.2/board.xml as part xcvp1802-lsvc4072-2mp-e-s specified in board_part file is either invalid or not available
WARNING: [Board 49-26] cannot add Board Part xilinx.com:zcu102:part0:3.3 available at E:/xilinx/Vivado/2024.1/data/xhub/boards/XilinxBoardStore/boards/Xilinx/zcu102/3.3/board.xml as part xczu9eg-ffvb1156-2-e specified in board_part file is either invalid or not available
WARNING: [Board 49-26] cannot add Board Part xilinx.com:zcu102:part0:3.4 available at E:/xilinx/Vivado/2024.1/data/xhub/boards/XilinxBoardStore/boards/Xilinx/zcu102/3.4/board.xml as part xczu9eg-ffvb1156-2-e specified in board_part file is either invalid or not available
WARNING: [Board 49-26] cannot add Board Part xilinx.com:zcu104:part0:1.1 available at E:/xilinx/Vivado/2024.1/data/xhub/boards/XilinxBoardStore/boards/Xilinx/zcu104/1.1/board.xml as part xczu7ev-ffvc1156-2-e specified in board_part file is either invalid or not available
WARNING: [Board 49-26] cannot add Board Part xilinx.com:zcu106:part0:2.4 available at E:/xilinx/Vivado/2024.1/data/xhub/boards/XilinxBoardStore/boards/Xilinx/zcu106/2.4/board.xml as part xczu7ev-ffvc1156-2-e specified in board_part file is either invalid or not available
WARNING: [Board 49-26] cannot add Board Part xilinx.com:zcu106:part0:2.5 available at E:/xilinx/Vivado/2024.1/data/xhub/boards/XilinxBoardStore/boards/Xilinx/zcu106/2.5/board.xml as part xczu7ev-ffvc1156-2-e specified in board_part file is either invalid or not available
WARNING: [Board 49-26] cannot add Board Part xilinx.com:zcu106:part0:2.6 available at E:/xilinx/Vivado/2024.1/data/xhub/boards/XilinxBoardStore/boards/Xilinx/zcu106/2.6/board.xml as part xczu7ev-ffvc1156-2-e specified in board_part file is either invalid or not available
WARNING: [Board 49-26] cannot add Board Part xilinx.com:zcu111:part0:1.2 available at E:/xilinx/Vivado/2024.1/data/xhub/boards/XilinxBoardStore/boards/Xilinx/zcu111/1.2/board.xml as part xczu28dr-ffvg1517-2-e specified in board_part file is either invalid or not available
WARNING: [Board 49-26] cannot add Board Part xilinx.com:zcu111:part0:1.3 available at E:/xilinx/Vivado/2024.1/data/xhub/boards/XilinxBoardStore/boards/Xilinx/zcu111/1.3/board.xml as part xczu28dr-ffvg1517-2-e specified in board_part file is either invalid or not available
WARNING: [Board 49-26] cannot add Board Part xilinx.com:zcu111:part0:1.4 available at E:/xilinx/Vivado/2024.1/data/xhub/boards/XilinxBoardStore/boards/Xilinx/zcu111/1.4/board.xml as part xczu28dr-ffvg1517-2-e specified in board_part file is either invalid or not available
WARNING: [Board 49-26] cannot add Board Part xilinx.com:zcu1275:part0:1.0 available at E:/xilinx/Vivado/2024.1/data/xhub/boards/XilinxBoardStore/boards/Xilinx/zcu1275/1.0/board.xml as part xczu29dr-ffvf1760-2-e specified in board_part file is either invalid or not available
WARNING: [Board 49-26] cannot add Board Part xilinx.com:zcu1285:part0:1.0 available at E:/xilinx/Vivado/2024.1/data/xhub/boards/XilinxBoardStore/boards/Xilinx/zcu1285/1.0/board.xml as part xczu39dr-ffvf1760-2-i specified in board_part file is either invalid or not available
WARNING: [Board 49-26] cannot add Board Part xilinx.com:zcu208:part0:2.0 available at E:/xilinx/Vivado/2024.1/data/xhub/boards/XilinxBoardStore/boards/Xilinx/zcu208/production/2.0/board.xml as part xczu48dr-fsvg1517-2-e specified in board_part file is either invalid or not available
WARNING: [Board 49-26] cannot add Board Part xilinx.com:zcu208ld:part0:2.0 available at E:/xilinx/Vivado/2024.1/data/xhub/boards/XilinxBoardStore/boards/Xilinx/zcu208ld/production/2.0/board.xml as part xczu58dr-fsvg1517-2-i specified in board_part file is either invalid or not available
WARNING: [Board 49-26] cannot add Board Part xilinx.com:zcu216:part0:2.0 available at E:/xilinx/Vivado/2024.1/data/xhub/boards/XilinxBoardStore/boards/Xilinx/zcu216/production/2.0/board.xml as part xczu49dr-ffvf1760-2-e specified in board_part file is either invalid or not available
WARNING: [Board 49-26] cannot add Board Part xilinx.com:zcu216ld:part0:2.0 available at E:/xilinx/Vivado/2024.1/data/xhub/boards/XilinxBoardStore/boards/Xilinx/zcu216ld/production/2.0/board.xml as part xczu59dr-ffvf1760-2-i specified in board_part file is either invalid or not available
WARNING: [Board 49-26] cannot add Board Part xilinx.com:zcu670:part0:2.0 available at E:/xilinx/Vivado/2024.1/data/xhub/boards/XilinxBoardStore/boards/Xilinx/zcu670/2.0/board.xml as part xczu67dr-fsve1156-2-i specified in board_part file is either invalid or not available
WARNING: [Board 49-26] cannot add Board Part xilinx.com:zcu670ld:part0:1.0 available at E:/xilinx/Vivado/2024.1/data/xhub/boards/XilinxBoardStore/boards/Xilinx/zcu670ld/1.0/board.xml as part xczu57dr-fsve1156-2-i specified in board_part file is either invalid or not available
WARNING: [filemgmt 56-3] IPUserFilesDir: Could not find the directory 'C:/Users/Arf/Desktop/ip_camera/New folder/IP-Camera-on-board-Antminer-S9/ip_camera/ip_camera.ip_user_files'.
Scanning sources...
Finished scanning sources
INFO: [IP_Flow 19-234] Refreshing IP repositories
INFO: [IP_Flow 19-1704] No user IP repositories specified
INFO: [IP_Flow 19-2313] Loaded Vivado IP repository 'E:/xilinx/Vivado/2024.1/data/ip'.
WARNING: [BD 41-2576] File 'c:/Users/Arf/Desktop/ip_camera/New folder/IP-Camera-on-board-Antminer-S9/ip_camera/ip_camera.gen/sources_1/bd/design_1/ip/design_1_smartconnect_0_0/bd_0/ip/ip_0/bd_48ac_one_0.xci' referenced by design 'bd_48ac' could not be found.
WARNING: [BD 41-2576] File 'c:/Users/Arf/Desktop/ip_camera/New folder/IP-Camera-on-board-Antminer-S9/ip_camera/ip_camera.gen/sources_1/bd/design_1/ip/design_1_smartconnect_0_0/bd_0/ip/ip_1/bd_48ac_psr_aclk_0.xci' referenced by design 'bd_48ac' could not be found.
WARNING: [BD 41-2576] File 'c:/Users/Arf/Desktop/ip_camera/New folder/IP-Camera-on-board-Antminer-S9/ip_camera/ip_camera.gen/sources_1/bd/design_1/ip/design_1_smartconnect_0_0/bd_0/ip/ip_2/bd_48ac_arinsw_0.xci' referenced by design 'bd_48ac' could not be found.
WARNING: [BD 41-2576] File 'c:/Users/Arf/Desktop/ip_camera/New folder/IP-Camera-on-board-Antminer-S9/ip_camera/ip_camera.gen/sources_1/bd/design_1/ip/design_1_smartconnect_0_0/bd_0/ip/ip_3/bd_48ac_rinsw_0.xci' referenced by design 'bd_48ac' could not be found.
WARNING: [BD 41-2576] File 'c:/Users/Arf/Desktop/ip_camera/New folder/IP-Camera-on-board-Antminer-S9/ip_camera/ip_camera.gen/sources_1/bd/design_1/ip/design_1_smartconnect_0_0/bd_0/ip/ip_4/bd_48ac_awinsw_0.xci' referenced by design 'bd_48ac' could not be found.
WARNING: [BD 41-2576] File 'c:/Users/Arf/Desktop/ip_camera/New folder/IP-Camera-on-board-Antminer-S9/ip_camera/ip_camera.gen/sources_1/bd/design_1/ip/design_1_smartconnect_0_0/bd_0/ip/ip_5/bd_48ac_winsw_0.xci' referenced by design 'bd_48ac' could not be found.
WARNING: [BD 41-2576] File 'c:/Users/Arf/Desktop/ip_camera/New folder/IP-Camera-on-board-Antminer-S9/ip_camera/ip_camera.gen/sources_1/bd/design_1/ip/design_1_smartconnect_0_0/bd_0/ip/ip_6/bd_48ac_binsw_0.xci' referenced by design 'bd_48ac' could not be found.
WARNING: [BD 41-2576] File 'c:/Users/Arf/Desktop/ip_camera/New folder/IP-Camera-on-board-Antminer-S9/ip_camera/ip_camera.gen/sources_1/bd/design_1/ip/design_1_smartconnect_0_0/bd_0/ip/ip_7/bd_48ac_aroutsw_0.xci' referenced by design 'bd_48ac' could not be found.
WARNING: [BD 41-2576] File 'c:/Users/Arf/Desktop/ip_camera/New folder/IP-Camera-on-board-Antminer-S9/ip_camera/ip_camera.gen/sources_1/bd/design_1/ip/design_1_smartconnect_0_0/bd_0/ip/ip_8/bd_48ac_routsw_0.xci' referenced by design 'bd_48ac' could not be found.
WARNING: [BD 41-2576] File 'c:/Users/Arf/Desktop/ip_camera/New folder/IP-Camera-on-board-Antminer-S9/ip_camera/ip_camera.gen/sources_1/bd/design_1/ip/design_1_smartconnect_0_0/bd_0/ip/ip_9/bd_48ac_awoutsw_0.xci' referenced by design 'bd_48ac' could not be found.
WARNING: [BD 41-2576] File 'c:/Users/Arf/Desktop/ip_camera/New folder/IP-Camera-on-board-Antminer-S9/ip_camera/ip_camera.gen/sources_1/bd/design_1/ip/design_1_smartconnect_0_0/bd_0/ip/ip_10/bd_48ac_woutsw_0.xci' referenced by design 'bd_48ac' could not be found.
WARNING: [BD 41-2576] File 'c:/Users/Arf/Desktop/ip_camera/New folder/IP-Camera-on-board-Antminer-S9/ip_camera/ip_camera.gen/sources_1/bd/design_1/ip/design_1_smartconnect_0_0/bd_0/ip/ip_11/bd_48ac_boutsw_0.xci' referenced by design 'bd_48ac' could not be found.
WARNING: [BD 41-2576] File 'c:/Users/Arf/Desktop/ip_camera/New folder/IP-Camera-on-board-Antminer-S9/ip_camera/ip_camera.gen/sources_1/bd/design_1/ip/design_1_smartconnect_0_0/bd_0/ip/ip_12/bd_48ac_arni_0.xci' referenced by design 'bd_48ac' could not be found.
WARNING: [BD 41-2576] File 'c:/Users/Arf/Desktop/ip_camera/New folder/IP-Camera-on-board-Antminer-S9/ip_camera/ip_camera.gen/sources_1/bd/design_1/ip/design_1_smartconnect_0_0/bd_0/ip/ip_13/bd_48ac_rni_0.xci' referenced by design 'bd_48ac' could not be found.
WARNING: [BD 41-2576] File 'c:/Users/Arf/Desktop/ip_camera/New folder/IP-Camera-on-board-Antminer-S9/ip_camera/ip_camera.gen/sources_1/bd/design_1/ip/design_1_smartconnect_0_0/bd_0/ip/ip_14/bd_48ac_awni_0.xci' referenced by design 'bd_48ac' could not be found.
WARNING: [BD 41-2576] File 'c:/Users/Arf/Desktop/ip_camera/New folder/IP-Camera-on-board-Antminer-S9/ip_camera/ip_camera.gen/sources_1/bd/design_1/ip/design_1_smartconnect_0_0/bd_0/ip/ip_15/bd_48ac_wni_0.xci' referenced by design 'bd_48ac' could not be found.
WARNING: [BD 41-2576] File 'c:/Users/Arf/Desktop/ip_camera/New folder/IP-Camera-on-board-Antminer-S9/ip_camera/ip_camera.gen/sources_1/bd/design_1/ip/design_1_smartconnect_0_0/bd_0/ip/ip_16/bd_48ac_bni_0.xci' referenced by design 'bd_48ac' could not be found.
WARNING: [BD 41-2576] File 'c:/Users/Arf/Desktop/ip_camera/New folder/IP-Camera-on-board-Antminer-S9/ip_camera/ip_camera.gen/sources_1/bd/design_1/ip/design_1_smartconnect_0_0/bd_0/ip/ip_17/bd_48ac_s00mmu_0.xci' referenced by design 'bd_48ac' could not be found.
WARNING: [BD 41-2576] File 'c:/Users/Arf/Desktop/ip_camera/New folder/IP-Camera-on-board-Antminer-S9/ip_camera/ip_camera.gen/sources_1/bd/design_1/ip/design_1_smartconnect_0_0/bd_0/ip/ip_18/bd_48ac_s00tr_0.xci' referenced by design 'bd_48ac' could not be found.
WARNING: [BD 41-2576] File 'c:/Users/Arf/Desktop/ip_camera/New folder/IP-Camera-on-board-Antminer-S9/ip_camera/ip_camera.gen/sources_1/bd/design_1/ip/design_1_smartconnect_0_0/bd_0/ip/ip_19/bd_48ac_s00sic_0.xci' referenced by design 'bd_48ac' could not be found.
WARNING: [BD 41-2576] File 'c:/Users/Arf/Desktop/ip_camera/New folder/IP-Camera-on-board-Antminer-S9/ip_camera/ip_camera.gen/sources_1/bd/design_1/ip/design_1_smartconnect_0_0/bd_0/ip/ip_20/bd_48ac_s00a2s_0.xci' referenced by design 'bd_48ac' could not be found.
WARNING: [BD 41-2576] File 'c:/Users/Arf/Desktop/ip_camera/New folder/IP-Camera-on-board-Antminer-S9/ip_camera/ip_camera.gen/sources_1/bd/design_1/ip/design_1_smartconnect_0_0/bd_0/ip/ip_21/bd_48ac_sarn_0.xci' referenced by design 'bd_48ac' could not be found.
WARNING: [BD 41-2576] File 'c:/Users/Arf/Desktop/ip_camera/New folder/IP-Camera-on-board-Antminer-S9/ip_camera/ip_camera.gen/sources_1/bd/design_1/ip/design_1_smartconnect_0_0/bd_0/ip/ip_22/bd_48ac_srn_0.xci' referenced by design 'bd_48ac' could not be found.
WARNING: [BD 41-2576] File 'c:/Users/Arf/Desktop/ip_camera/New folder/IP-Camera-on-board-Antminer-S9/ip_camera/ip_camera.gen/sources_1/bd/design_1/ip/design_1_smartconnect_0_0/bd_0/ip/ip_23/bd_48ac_sawn_0.xci' referenced by design 'bd_48ac' could not be found.
WARNING: [BD 41-2576] File 'c:/Users/Arf/Desktop/ip_camera/New folder/IP-Camera-on-board-Antminer-S9/ip_camera/ip_camera.gen/sources_1/bd/design_1/ip/design_1_smartconnect_0_0/bd_0/ip/ip_24/bd_48ac_swn_0.xci' referenced by design 'bd_48ac' could not be found.
WARNING: [BD 41-2576] File 'c:/Users/Arf/Desktop/ip_camera/New folder/IP-Camera-on-board-Antminer-S9/ip_camera/ip_camera.gen/sources_1/bd/design_1/ip/design_1_smartconnect_0_0/bd_0/ip/ip_25/bd_48ac_sbn_0.xci' referenced by design 'bd_48ac' could not be found.
WARNING: [BD 41-2576] File 'c:/Users/Arf/Desktop/ip_camera/New folder/IP-Camera-on-board-Antminer-S9/ip_camera/ip_camera.gen/sources_1/bd/design_1/ip/design_1_smartconnect_0_0/bd_0/ip/ip_26/bd_48ac_m00s2a_0.xci' referenced by design 'bd_48ac' could not be found.
WARNING: [BD 41-2576] File 'c:/Users/Arf/Desktop/ip_camera/New folder/IP-Camera-on-board-Antminer-S9/ip_camera/ip_camera.gen/sources_1/bd/design_1/ip/design_1_smartconnect_0_0/bd_0/ip/ip_27/bd_48ac_m00arn_0.xci' referenced by design 'bd_48ac' could not be found.
WARNING: [BD 41-2576] File 'c:/Users/Arf/Desktop/ip_camera/New folder/IP-Camera-on-board-Antminer-S9/ip_camera/ip_camera.gen/sources_1/bd/design_1/ip/design_1_smartconnect_0_0/bd_0/ip/ip_28/bd_48ac_m00rn_0.xci' referenced by design 'bd_48ac' could not be found.
WARNING: [BD 41-2576] File 'c:/Users/Arf/Desktop/ip_camera/New folder/IP-Camera-on-board-Antminer-S9/ip_camera/ip_camera.gen/sources_1/bd/design_1/ip/design_1_smartconnect_0_0/bd_0/ip/ip_29/bd_48ac_m00awn_0.xci' referenced by design 'bd_48ac' could not be found.
WARNING: [BD 41-2576] File 'c:/Users/Arf/Desktop/ip_camera/New folder/IP-Camera-on-board-Antminer-S9/ip_camera/ip_camera.gen/sources_1/bd/design_1/ip/design_1_smartconnect_0_0/bd_0/ip/ip_30/bd_48ac_m00wn_0.xci' referenced by design 'bd_48ac' could not be found.
WARNING: [BD 41-2576] File 'c:/Users/Arf/Desktop/ip_camera/New folder/IP-Camera-on-board-Antminer-S9/ip_camera/ip_camera.gen/sources_1/bd/design_1/ip/design_1_smartconnect_0_0/bd_0/ip/ip_31/bd_48ac_m00bn_0.xci' referenced by design 'bd_48ac' could not be found.
WARNING: [BD 41-2576] File 'c:/Users/Arf/Desktop/ip_camera/New folder/IP-Camera-on-board-Antminer-S9/ip_camera/ip_camera.gen/sources_1/bd/design_1/ip/design_1_smartconnect_0_0/bd_0/ip/ip_32/bd_48ac_m00e_0.xci' referenced by design 'bd_48ac' could not be found.
WARNING: [BD 41-2576] File 'c:/Users/Arf/Desktop/ip_camera/New folder/IP-Camera-on-board-Antminer-S9/ip_camera/ip_camera.gen/sources_1/bd/design_1/ip/design_1_smartconnect_0_0/bd_0/ip/ip_33/bd_48ac_m01s2a_0.xci' referenced by design 'bd_48ac' could not be found.
WARNING: [BD 41-2576] File 'c:/Users/Arf/Desktop/ip_camera/New folder/IP-Camera-on-board-Antminer-S9/ip_camera/ip_camera.gen/sources_1/bd/design_1/ip/design_1_smartconnect_0_0/bd_0/ip/ip_34/bd_48ac_m01arn_0.xci' referenced by design 'bd_48ac' could not be found.
WARNING: [BD 41-2576] File 'c:/Users/Arf/Desktop/ip_camera/New folder/IP-Camera-on-board-Antminer-S9/ip_camera/ip_camera.gen/sources_1/bd/design_1/ip/design_1_smartconnect_0_0/bd_0/ip/ip_35/bd_48ac_m01rn_0.xci' referenced by design 'bd_48ac' could not be found.
WARNING: [BD 41-2576] File 'c:/Users/Arf/Desktop/ip_camera/New folder/IP-Camera-on-board-Antminer-S9/ip_camera/ip_camera.gen/sources_1/bd/design_1/ip/design_1_smartconnect_0_0/bd_0/ip/ip_36/bd_48ac_m01awn_0.xci' referenced by design 'bd_48ac' could not be found.
WARNING: [BD 41-2576] File 'c:/Users/Arf/Desktop/ip_camera/New folder/IP-Camera-on-board-Antminer-S9/ip_camera/ip_camera.gen/sources_1/bd/design_1/ip/design_1_smartconnect_0_0/bd_0/ip/ip_37/bd_48ac_m01wn_0.xci' referenced by design 'bd_48ac' could not be found.
WARNING: [BD 41-2576] File 'c:/Users/Arf/Desktop/ip_camera/New folder/IP-Camera-on-board-Antminer-S9/ip_camera/ip_camera.gen/sources_1/bd/design_1/ip/design_1_smartconnect_0_0/bd_0/ip/ip_38/bd_48ac_m01bn_0.xci' referenced by design 'bd_48ac' could not be found.
WARNING: [BD 41-2576] File 'c:/Users/Arf/Desktop/ip_camera/New folder/IP-Camera-on-board-Antminer-S9/ip_camera/ip_camera.gen/sources_1/bd/design_1/ip/design_1_smartconnect_0_0/bd_0/ip/ip_39/bd_48ac_m01e_0.xci' referenced by design 'bd_48ac' could not be found.
WARNING: [BD 41-2576] File 'c:/Users/Arf/Desktop/ip_camera/New folder/IP-Camera-on-board-Antminer-S9/ip_camera/ip_camera.gen/sources_1/bd/design_1/ip/design_1_smartconnect_1_0/bd_0/ip/ip_0/bd_88fd_one_0.xci' referenced by design 'bd_88fd' could not be found.
WARNING: [BD 41-2576] File 'c:/Users/Arf/Desktop/ip_camera/New folder/IP-Camera-on-board-Antminer-S9/ip_camera/ip_camera.gen/sources_1/bd/design_1/ip/design_1_smartconnect_1_0/bd_0/ip/ip_1/bd_88fd_psr_aclk_0.xci' referenced by design 'bd_88fd' could not be found.
WARNING: [BD 41-2576] File 'c:/Users/Arf/Desktop/ip_camera/New folder/IP-Camera-on-board-Antminer-S9/ip_camera/ip_camera.gen/sources_1/bd/design_1/ip/design_1_smartconnect_1_0/bd_0/ip/ip_2/bd_88fd_s00mmu_0.xci' referenced by design 'bd_88fd' could not be found.
WARNING: [BD 41-2576] File 'c:/Users/Arf/Desktop/ip_camera/New folder/IP-Camera-on-board-Antminer-S9/ip_camera/ip_camera.gen/sources_1/bd/design_1/ip/design_1_smartconnect_1_0/bd_0/ip/ip_3/bd_88fd_s00tr_0.xci' referenced by design 'bd_88fd' could not be found.
WARNING: [BD 41-2576] File 'c:/Users/Arf/Desktop/ip_camera/New folder/IP-Camera-on-board-Antminer-S9/ip_camera/ip_camera.gen/sources_1/bd/design_1/ip/design_1_smartconnect_1_0/bd_0/ip/ip_4/bd_88fd_s00sic_0.xci' referenced by design 'bd_88fd' could not be found.
WARNING: [BD 41-2576] File 'c:/Users/Arf/Desktop/ip_camera/New folder/IP-Camera-on-board-Antminer-S9/ip_camera/ip_camera.gen/sources_1/bd/design_1/ip/design_1_smartconnect_1_0/bd_0/ip/ip_5/bd_88fd_s00a2s_0.xci' referenced by design 'bd_88fd' could not be found.
WARNING: [BD 41-2576] File 'c:/Users/Arf/Desktop/ip_camera/New folder/IP-Camera-on-board-Antminer-S9/ip_camera/ip_camera.gen/sources_1/bd/design_1/ip/design_1_smartconnect_1_0/bd_0/ip/ip_6/bd_88fd_sawn_0.xci' referenced by design 'bd_88fd' could not be found.
WARNING: [BD 41-2576] File 'c:/Users/Arf/Desktop/ip_camera/New folder/IP-Camera-on-board-Antminer-S9/ip_camera/ip_camera.gen/sources_1/bd/design_1/ip/design_1_smartconnect_1_0/bd_0/ip/ip_7/bd_88fd_swn_0.xci' referenced by design 'bd_88fd' could not be found.
WARNING: [BD 41-2576] File 'c:/Users/Arf/Desktop/ip_camera/New folder/IP-Camera-on-board-Antminer-S9/ip_camera/ip_camera.gen/sources_1/bd/design_1/ip/design_1_smartconnect_1_0/bd_0/ip/ip_8/bd_88fd_sbn_0.xci' referenced by design 'bd_88fd' could not be found.
WARNING: [BD 41-2576] File 'c:/Users/Arf/Desktop/ip_camera/New folder/IP-Camera-on-board-Antminer-S9/ip_camera/ip_camera.gen/sources_1/bd/design_1/ip/design_1_smartconnect_1_0/bd_0/ip/ip_9/bd_88fd_m00s2a_0.xci' referenced by design 'bd_88fd' could not be found.
WARNING: [BD 41-2576] File 'c:/Users/Arf/Desktop/ip_camera/New folder/IP-Camera-on-board-Antminer-S9/ip_camera/ip_camera.gen/sources_1/bd/design_1/ip/design_1_smartconnect_1_0/bd_0/ip/ip_10/bd_88fd_m00e_0.xci' referenced by design 'bd_88fd' could not be found.
open_project: Time (s): cpu = 00:00:44 ; elapsed = 00:00:48 . Memory (MB): peak = 1465.984 ; gain = 404.824
update_compile_order -fileset sources_1
open_bd_design {C:/Users/Arf/Desktop/ip_camera/New folder/IP-Camera-on-board-Antminer-S9/ip_camera/ip_camera.srcs/sources_1/bd/design_1/design_1.bd}
Reading block design file <C:/Users/Arf/Desktop/ip_camera/New folder/IP-Camera-on-board-Antminer-S9/ip_camera/ip_camera.srcs/sources_1/bd/design_1/design_1.bd>...
Adding component instance block -- xilinx.com:ip:processing_system7:5.5 - processing_system7_0
Adding component instance block -- xilinx.com:ip:proc_sys_reset:5.0 - proc_sys_reset_0
Adding component instance block -- xilinx.com:ip:smartconnect:1.0 - smartconnect_0
Adding component instance block -- xilinx.com:ip:smartconnect:1.0 - smartconnect_1
Adding component instance block -- xilinx.com:ip:xlconcat:2.1 - xlconcat_0
Adding component instance block -- xilinx.com:ip:axi_vdma:6.3 - axi_vdma_0
Adding component instance block -- xilinx.com:ip:axi_gpio:2.0 - axi_gpio_0
Adding component instance block -- xilinx.com:ip:axis_data_fifo:2.0 - axis_data_fifo_0
Adding component instance block -- xilinx.com:module_ref:ov7670_axi_stream_capture:1.0 - ov7670_axi_stream_ca_0
Adding component instance block -- xilinx.com:module_ref:ov7670_controller:1.0 - ov7670_controller_0
Adding component instance block -- xilinx.com:ip:xlconstant:1.1 - xlconstant_0
Successfully read diagram <design_1> from block design file <C:/Users/Arf/Desktop/ip_camera/New folder/IP-Camera-on-board-Antminer-S9/ip_camera/ip_camera.srcs/sources_1/bd/design_1/design_1.bd>
INFO: [BD 41-433] 
Design successfully migrated to use XCI files...
INFO: [BD 41-433] 
Design successfully migrated to use XCI files...
open_bd_design: Time (s): cpu = 00:00:58 ; elapsed = 00:01:25 . Memory (MB): peak = 1623.371 ; gain = 139.434
regenerate_bd_layout
validate_bd_design
INFO: [BD 5-943] Reserving offset range <0x4300_0000 [ 64K ]> from slave interface '/smartconnect_0/S00_AXI' to master interface '/smartconnect_0/M00_AXI'. This will be used by smartconnect on path for routing.
INFO: [BD 5-943] Reserving offset range <0x4120_0000 [ 64K ]> from slave interface '/smartconnect_0/S00_AXI' to master interface '/smartconnect_0/M01_AXI'. This will be used by smartconnect on path for routing.
INFO: [xilinx.com:ip:smartconnect:1.0-1] design_1_smartconnect_0_0: SmartConnect design_1_smartconnect_0_0 is in Low-Area Mode.
WARNING: [xilinx.com:ip:smartconnect:1.0-1] design_1_smartconnect_0_0: IP design_1_smartconnect_0_0 is configured in Low-area mode as all propagated traffic is low-bandwidth (AXI4LITE). SI S00_AXI has property HAS_BURST == 1. WRAP bursts are not supported in Low-area mode and will result in DECERR if received.
WARNING: [xilinx.com:ip:smartconnect:1.0-1] design_1_smartconnect_0_0: If WRAP transactions are required then turn off Low-area mode using ADVANCED_PROPERTIES. Execute following: set_property CONFIG.ADVANCED_PROPERTIES {__experimental_features__ {disable_low_area_mode 1}} [get_bd_cells /design_1_smartconnect_0_0]
xit::source_ipfile: Time (s): cpu = 00:00:03 ; elapsed = 00:00:07 . Memory (MB): peak = 1669.164 ; gain = 0.055
INFO: [BD 5-943] Reserving offset range <0x0000_0000 [ 1G ]> from slave interface '/smartconnect_1/S00_AXI' to master interface '/smartconnect_1/M00_AXI'. This will be used by smartconnect on path for routing.
INFO: [xilinx.com:ip:smartconnect:1.0-1] design_1_smartconnect_1_0: SmartConnect design_1_smartconnect_1_0 is in High-performance Mode.
ERROR: [BD 41-237] Bus Interface property CLK_DOMAIN does not match between /axis_data_fifo_0/S_AXIS(design_1_processing_system7_0_0_FCLK_CLK0) and /ov7670_axi_stream_ca_0/m_axis(design_1_ov7670_axi_stream_ca_0_0_aclk)
CRITICAL WARNING: [BD 41-237] Bus Interface property TDATA_NUM_BYTES does not match between /axis_data_fifo_0/S_AXIS(2) and /ov7670_axi_stream_ca_0/m_axis(4)
validate_bd_design: Time (s): cpu = 00:00:09 ; elapsed = 00:00:25 . Memory (MB): peak = 1685.098 ; gain = 30.152
ERROR: [Common 17-39] 'validate_bd_design' failed due to earlier errors.
startgroup
set_property CONFIG.TDATA_NUM_BYTES {4} [get_bd_cells axis_data_fifo_0]
endgroup
save_bd_design
Wrote  : <C:\Users\Arf\Desktop\ip_camera\New folder\IP-Camera-on-board-Antminer-S9\ip_camera\ip_camera.srcs\sources_1\bd\design_1\design_1.bd> 
Wrote  : <C:/Users/Arf/Desktop/ip_camera/New folder/IP-Camera-on-board-Antminer-S9/ip_camera/ip_camera.srcs/sources_1/bd/design_1/ui/bd_1f5defd0.ui> 
save_bd_design: Time (s): cpu = 00:00:08 ; elapsed = 00:00:08 . Memory (MB): peak = 1730.203 ; gain = 31.977
disconnect_bd_net /processing_system7_0_FCLK_CLK0 [get_bd_pins processing_system7_0/M_AXI_GP0_ACLK]
disconnect_bd_net /processing_system7_0_FCLK_CLK0 [get_bd_pins processing_system7_0/S_AXI_HP0_ACLK]
validate_bd_design
ERROR: [BD 41-758] The following clock pins are not connected to a valid clock source: 
/processing_system7_0/M_AXI_GP0_ACLK
/processing_system7_0/S_AXI_HP0_ACLK

ERROR: [Common 17-39] 'validate_bd_design' failed due to earlier errors.
startgroup
apply_bd_automation -rule xilinx.com:bd_rule:clkrst -config { Clk {/processing_system7_0/FCLK_CLK0 (100 MHz)} Freq {100} Ref_Clk0 {} Ref_Clk1 {} Ref_Clk2 {}}  [get_bd_pins processing_system7_0/M_AXI_GP0_ACLK]
apply_bd_automation -rule xilinx.com:bd_rule:clkrst -config { Clk {/processing_system7_0/FCLK_CLK0 (100 MHz)} Freq {100} Ref_Clk0 {} Ref_Clk1 {} Ref_Clk2 {}}  [get_bd_pins processing_system7_0/S_AXI_HP0_ACLK]
endgroup
set_property location {5 1455 438} [get_bd_cells smartconnect_1]
undo
INFO: [Common 17-17] undo 'set_property location {5 1455 438} [get_bd_cells smartconnect_1]'
undo
INFO: [Common 17-17] undo 'endgroup'
INFO: [Common 17-17] undo 'apply_bd_automation -rule xilinx.com:bd_rule:clkrst -config { Clk {/processing_system7_0/FCLK_CLK0 (100 MHz)} Freq {100} Ref_Clk0 {} Ref_Clk1 {} Ref_Clk2 {}}  [get_bd_pins processing_system7_0/S_AXI_HP0_ACLK]'
INFO: [Common 17-17] undo 'apply_bd_automation -rule xilinx.com:bd_rule:clkrst -config { Clk {/processing_system7_0/FCLK_CLK0 (100 MHz)} Freq {100} Ref_Clk0 {} Ref_Clk1 {} Ref_Clk2 {}}  [get_bd_pins processing_system7_0/M_AXI_GP0_ACLK]'
INFO: [Common 17-17] undo 'startgroup'
undo
INFO: [Common 17-17] undo 'disconnect_bd_net /processing_system7_0_FCLK_CLK0 [get_bd_pins processing_system7_0/S_AXI_HP0_ACLK]'
undo
INFO: [Common 17-17] undo 'disconnect_bd_net /processing_system7_0_FCLK_CLK0 [get_bd_pins processing_system7_0/M_AXI_GP0_ACLK]'
save_bd_design
Wrote  : <C:\Users\Arf\Desktop\ip_camera\New folder\IP-Camera-on-board-Antminer-S9\ip_camera\ip_camera.srcs\sources_1\bd\design_1\design_1.bd> 
Wrote  : <C:/Users/Arf/Desktop/ip_camera/New folder/IP-Camera-on-board-Antminer-S9/ip_camera/ip_camera.srcs/sources_1/bd/design_1/ui/bd_1f5defd0.ui> 
exit
INFO: [Common 17-206] Exiting Vivado at Tue Jun  9 01:20:47 2026...
