#-----------------------------------------------------------
# Vivado v2024.1 (64-bit)
# SW Build 5076996 on Wed May 22 18:37:14 MDT 2024
# IP Build 5075265 on Wed May 22 21:45:21 MDT 2024
# SharedData Build 5076995 on Wed May 22 18:29:18 MDT 2024
# Start of session at: Sat Jun  6 22:05:50 2026
# Process ID: 9276
# Current directory: C:/Users/Arf/Desktop/ip_camera/IP-Camera-on-board-Antminer-S9/ip_camera
# Command line: vivado.exe -gui_launcher_event rodinguilauncherevent5520 C:\Users\Arf\Desktop\ip_camera\IP-Camera-on-board-Antminer-S9\ip_camera\ip_camera.xpr
# Log file: C:/Users/Arf/Desktop/ip_camera/IP-Camera-on-board-Antminer-S9/ip_camera/vivado.log
# Journal file: C:/Users/Arf/Desktop/ip_camera/IP-Camera-on-board-Antminer-S9/ip_camera\vivado.jou
# Running On        :DESKTOP-GTOUM49
# Platform          :Windows Server 2016 or Windows 10
# Operating System  :19045
# Processor Detail  :Intel(R) Core(TM) i3-8130U CPU @ 2.20GHz
# CPU Frequency     :2208 MHz
# CPU Physical cores:2
# CPU Logical cores :4
# Host memory       :3688 MB
# Swap memory       :3869 MB
# Total Virtual     :7558 MB
# Available Virtual :2327 MB
#-----------------------------------------------------------
start_gui
open_project C:/Users/Arf/Desktop/ip_camera/IP-Camera-on-board-Antminer-S9/ip_camera/ip_camera.xpr
WARNING: [Board 49-26] cannot add Board Part xilinx.com:kcu105:part0:1.6 available at E:/xilinx/Vivado/2024.1/data/xhub/boards/XilinxBoardStore/boards/Xilinx/kcu105/1.6/board.xml as part xcku040-ffva1156-2-e specified in board_part file is either invalid or not available
WARNING: [Board 49-26] cannot add Board Part xilinx.com:kcu105:part0:1.7 available at E:/xilinx/Vivado/2024.1/data/xhub/boards/XilinxBoardStore/boards/Xilinx/kcu105/1.7/board.xml as part xcku040-ffva1156-2-e specified in board_part file is either invalid or not available
WARNING: [Board 49-26] cannot add Board Part xilinx.com:kcu116:part0:1.4 available at E:/xilinx/Vivado/2024.1/data/xhub/boards/XilinxBoardStore/boards/Xilinx/kcu116/1.4/board.xml as part xcku5p-ffvb676-2-e specified in board_part file is either invalid or not available
WARNING: [Board 49-26] cannot add Board Part xilinx.com:kcu116:part0:1.5 available at E:/xilinx/Vivado/2024.1/data/xhub/boards/XilinxBoardStore/boards/Xilinx/kcu116/1.5/board.xml as part xcku5p-ffvb676-2-e specified in board_part file is either invalid or not available
WARNING: [Board 49-26] cannot add Board Part xilinx.com:kcu1500:part0:1.2 available at E:/xilinx/Vivado/2024.1/data/xhub/boards/XilinxBoardStore/boards/Xilinx/kcu1500/1.2/board.xml as part xcku115-flvb2104-2-e specified in board_part file is either invalid or not available
WARNING: [Board 49-26] cannot add Board Part xilinx.com:vck190:part0:2.2 available at E:/xilinx/Vivado/2024.1/data/xhub/boards/XilinxBoardStore/boards/Xilinx/vck190/production/2.2/board.xml as part xcvc1902-vsva2197-2mp-e-s specified in board_part file is either invalid or not available
WARNING: [Board 49-26] cannot add Board Part xilinx.com:vck190:part0:3.0 available at E:/xilinx/Vivado/2024.1/data/xhub/boards/XilinxBoardStore/boards/Xilinx/vck190/production/3.0/board.xml as part xcvc1902-vsva2197-2mp-e-s specified in board_part file is either invalid or not available
WARNING: [Board 49-26] cannot add Board Part xilinx.com:vck190:part0:3.1 available at E:/xilinx/Vivado/2024.1/data/xhub/boards/XilinxBoardStore/boards/Xilinx/vck190/production/3.1/board.xml as part xcvc1902-vsva2197-2mp-e-s specified in board_part file is either invalid or not available
WARNING: [Board 49-26] cannot add Board Part xilinx.com:vck190:part0:3.2 available at E:/xilinx/Vivado/2024.1/data/xhub/boards/XilinxBoardStore/boards/Xilinx/vck190/production/3.2/board.xml as part xcvc1902-vsva2197-2mp-e-s specified in board_part file is either invalid or not available
WARNING: [Board 49-26] cannot add Board Part xilinx.com:vck190:part0:3.3 available at E:/xilinx/Vivado/2024.1/data/xhub/boards/XilinxBoardStore/boards/Xilinx/vck190/production/3.3/board.xml as part xcvc1902-vsva2197-2mp-e-s specified in board_part file is either invalid or not available
WARNING: [Board 49-26] cannot add Board Part xilinx.com:vck190_newl:part0:1.0 available at E:/xilinx/Vivado/2024.1/data/xhub/boards/XilinxBoardStore/boards/Xilinx/vck190_newl/production/1.0/board.xml as part xcvc1902-vsva2197-2mp-e-s specified in board_part file is either invalid or not available
WARNING: [Board 49-26] cannot add Board Part xilinx.com:vck190_newl:part0:1.1 available at E:/xilinx/Vivado/2024.1/data/xhub/boards/XilinxBoardStore/boards/Xilinx/vck190_newl/production/1.1/board.xml as part xcvc1902-vsva2197-2mp-e-s specified in board_part file is either invalid or not available
WARNING: [Board 49-26] cannot add Board Part xilinx.com:vck190_newl:part0:1.2 available at E:/xilinx/Vivado/2024.1/data/xhub/boards/XilinxBoardStore/boards/Xilinx/vck190_newl/production/1.2/board.xml as part xcvc1902-vsva2197-2mp-e-s specified in board_part file is either invalid or not available
WARNING: [Board 49-26] cannot add Board Part xilinx.com:vcu108:part0:1.6 available at E:/xilinx/Vivado/2024.1/data/xhub/boards/XilinxBoardStore/boards/Xilinx/vcu108/1.6/board.xml as part xcvu095-ffva2104-2-e specified in board_part file is either invalid or not available
WARNING: [Board 49-26] cannot add Board Part xilinx.com:vcu108:part0:1.7 available at E:/xilinx/Vivado/2024.1/data/xhub/boards/XilinxBoardStore/boards/Xilinx/vcu108/1.7/board.xml as part xcvu095-ffva2104-2-e specified in board_part file is either invalid or not available
WARNING: [Board 49-26] cannot add Board Part xilinx.com:vcu110:part0:1.4 available at E:/xilinx/Vivado/2024.1/data/xhub/boards/XilinxBoardStore/boards/Xilinx/vcu110/1.4/board.xml as part xcvu190-flgc2104-2-e specified in board_part file is either invalid or not available
WARNING: [Board 49-26] cannot add Board Part xilinx.com:vcu118:part0:2.0 available at E:/xilinx/Vivado/2024.1/data/xhub/boards/XilinxBoardStore/boards/Xilinx/vcu118/2.0/board.xml as part xcvu9p-flga2104-2l-e specified in board_part file is either invalid or not available
WARNING: [Board 49-26] cannot add Board Part xilinx.com:vcu118:part0:2.3 available at E:/xilinx/Vivado/2024.1/data/xhub/boards/XilinxBoardStore/boards/Xilinx/vcu118/2.3/board.xml as part xcvu9p-flga2104-2l-e specified in board_part file is either invalid or not available
WARNING: [Board 49-26] cannot add Board Part xilinx.com:vcu118:part0:2.4 available at E:/xilinx/Vivado/2024.1/data/xhub/boards/XilinxBoardStore/boards/Xilinx/vcu118/2.4/board.xml as part xcvu9p-flga2104-2l-e specified in board_part file is either invalid or not available
WARNING: [Board 49-26] cannot add Board Part xilinx.com:vcu128:part0:1.0 available at E:/xilinx/Vivado/2024.1/data/xhub/boards/XilinxBoardStore/boards/Xilinx/vcu128/production/1.0/board.xml as part xcvu37p-fsvh2892-2l-e specified in board_part file is either invalid or not available
WARNING: [Board 49-26] cannot add Board Part xilinx.com:vcu129:part0:1.0 available at E:/xilinx/Vivado/2024.1/data/xhub/boards/XilinxBoardStore/boards/Xilinx/vcu129/production/1.0/board.xml as part xcvu29p-fsga2577-2l-e specified in board_part file is either invalid or not available
WARNING: [Board 49-26] cannot add Board Part xilinx.com:vcu1525:part0:1.3 available at E:/xilinx/Vivado/2024.1/data/xhub/boards/XilinxBoardStore/boards/Xilinx/vcu1525/1.3/board.xml as part xcvu9p-fsgd2104-2l-e specified in board_part file is either invalid or not available
WARNING: [Board 49-26] cannot add Board Part xilinx.com:vek280:part0:1.0 available at E:/xilinx/Vivado/2024.1/data/xhub/boards/XilinxBoardStore/boards/Xilinx/vek280/production/1.0/board.xml as part xcve2802-vsvh1760-2mp-e-s specified in board_part file is either invalid or not available
WARNING: [Board 49-26] cannot add Board Part xilinx.com:vek280:part0:1.1 available at E:/xilinx/Vivado/2024.1/data/xhub/boards/XilinxBoardStore/boards/Xilinx/vek280/production/1.1/board.xml as part xcve2802-vsvh1760-2mp-e-s specified in board_part file is either invalid or not available
WARNING: [Board 49-26] cannot add Board Part xilinx.com:vek280:part0:1.2 available at E:/xilinx/Vivado/2024.1/data/xhub/boards/XilinxBoardStore/boards/Xilinx/vek280/production/1.2/board.xml as part xcve2802-vsvh1760-2mp-e-s specified in board_part file is either invalid or not available
WARNING: [Board 49-26] cannot add Board Part xilinx.com:vek280_es:part0:1.0 available at E:/xilinx/Vivado/2024.1/data/xhub/boards/XilinxBoardStore/boards/Xilinx/vek280/es/rev_a/1.0/board.xml as part xcve2802-vsvh1760-2lp-e-s-es1 specified in board_part file is either invalid or not available
WARNING: [Board 49-26] cannot add Board Part xilinx.com:vek280_es:part0:1.1 available at E:/xilinx/Vivado/2024.1/data/xhub/boards/XilinxBoardStore/boards/Xilinx/vek280/es/rev_a/1.1/board.xml as part xcve2802-vsvh1760-2lp-e-s-es1 specified in board_part file is either invalid or not available
WARNING: [Board 49-26] cannot add Board Part xilinx.com:vek280_es_revb:part0:1.0 available at E:/xilinx/Vivado/2024.1/data/xhub/boards/XilinxBoardStore/boards/Xilinx/vek280/es/rev_b/1.0/board.xml as part xcve2802-vsvh1760-2mp-e-s-es1 specified in board_part file is either invalid or not available
WARNING: [Board 49-26] cannot add Board Part xilinx.com:vek280_es_revb:part0:1.1 available at E:/xilinx/Vivado/2024.1/data/xhub/boards/XilinxBoardStore/boards/Xilinx/vek280/es/rev_b/1.1/board.xml as part xcve2802-vsvh1760-2mp-e-s-es1 specified in board_part file is either invalid or not available
WARNING: [Board 49-26] cannot add Board Part xilinx.com:vermeo_t1_mpsoc:part0:1.0 available at E:/xilinx/Vivado/2024.1/data/xhub/boards/XilinxBoardStore/boards/Xilinx/vermeo_t1_mpsoc/1.0/board.xml as part xczu19eg-ffvd1760-2l-e specified in board_part file is either invalid or not available
WARNING: [Board 49-26] cannot add Board Part xilinx.com:vermeo_t1_rfsoc:part0:1.0 available at E:/xilinx/Vivado/2024.1/data/xhub/boards/XilinxBoardStore/boards/Xilinx/vermeo_t1_rfsoc/1.0/board.xml as part xczu21dr-ffvd1156-2l-e specified in board_part file is either invalid or not available
WARNING: [Board 49-26] cannot add Board Part xilinx.com:vhk158:part0:1.0 available at E:/xilinx/Vivado/2024.1/data/xhub/boards/XilinxBoardStore/boards/Xilinx/vhk158/production/1.0/board.xml as part xcvh1582-vsva3697-2mp-e-s specified in board_part file is either invalid or not available
WARNING: [Board 49-26] cannot add Board Part xilinx.com:vhk158:part0:1.1 available at E:/xilinx/Vivado/2024.1/data/xhub/boards/XilinxBoardStore/boards/Xilinx/vhk158/production/1.1/board.xml as part xcvh1582-vsva3697-2mp-e-s specified in board_part file is either invalid or not available
WARNING: [Board 49-26] cannot add Board Part xilinx.com:vhk158_es:part0:1.0 available at E:/xilinx/Vivado/2024.1/data/xhub/boards/XilinxBoardStore/boards/Xilinx/vhk158/es/1.0/board.xml as part xcvh1582-vsva3697-2mp-e-s-es1 specified in board_part file is either invalid or not available
WARNING: [Board 49-26] cannot add Board Part xilinx.com:vhk158_es:part0:1.1 available at E:/xilinx/Vivado/2024.1/data/xhub/boards/XilinxBoardStore/boards/Xilinx/vhk158/es/1.1/board.xml as part xcvh1582-vsva3697-2mp-e-s-es1 specified in board_part file is either invalid or not available
WARNING: [Board 49-26] cannot add Board Part xilinx.com:vmk180:part0:2.2 available at E:/xilinx/Vivado/2024.1/data/xhub/boards/XilinxBoardStore/boards/Xilinx/vmk180/production/2.2/board.xml as part xcvm1802-vsva2197-2mp-e-s specified in board_part file is either invalid or not available
WARNING: [Board 49-26] cannot add Board Part xilinx.com:vmk180:part0:3.0 available at E:/xilinx/Vivado/2024.1/data/xhub/boards/XilinxBoardStore/boards/Xilinx/vmk180/production/3.0/board.xml as part xcvm1802-vsva2197-2mp-e-s specified in board_part file is either invalid or not available
WARNING: [Board 49-26] cannot add Board Part xilinx.com:vmk180:part0:3.1 available at E:/xilinx/Vivado/2024.1/data/xhub/boards/XilinxBoardStore/boards/Xilinx/vmk180/production/3.1/board.xml as part xcvm1802-vsva2197-2mp-e-s specified in board_part file is either invalid or not available
WARNING: [Board 49-26] cannot add Board Part xilinx.com:vmk180:part0:3.2 available at E:/xilinx/Vivado/2024.1/data/xhub/boards/XilinxBoardStore/boards/Xilinx/vmk180/production/3.2/board.xml as part xcvm1802-vsva2197-2mp-e-s specified in board_part file is either invalid or not available
WARNING: [Board 49-26] cannot add Board Part xilinx.com:vmk180_newl:part0:1.0 available at E:/xilinx/Vivado/2024.1/data/xhub/boards/XilinxBoardStore/boards/Xilinx/vmk180_newl/production/1.0/board.xml as part xcvm1802-vsva2197-2mp-e-s specified in board_part file is either invalid or not available
WARNING: [Board 49-26] cannot add Board Part xilinx.com:vmk180_newl:part0:1.1 available at E:/xilinx/Vivado/2024.1/data/xhub/boards/XilinxBoardStore/boards/Xilinx/vmk180_newl/production/1.1/board.xml as part xcvm1802-vsva2197-2mp-e-s specified in board_part file is either invalid or not available
WARNING: [Board 49-26] cannot add Board Part xilinx.com:vpk120:part0:1.0 available at E:/xilinx/Vivado/2024.1/data/xhub/boards/XilinxBoardStore/boards/Xilinx/vpk120/production/1.0/board.xml as part xcvp1202-vsva2785-2mp-e-s specified in board_part file is either invalid or not available
WARNING: [Board 49-26] cannot add Board Part xilinx.com:vpk120:part0:1.1 available at E:/xilinx/Vivado/2024.1/data/xhub/boards/XilinxBoardStore/boards/Xilinx/vpk120/production/1.1/board.xml as part xcvp1202-vsva2785-2mp-e-s specified in board_part file is either invalid or not available
WARNING: [Board 49-26] cannot add Board Part xilinx.com:vpk120:part0:1.2 available at E:/xilinx/Vivado/2024.1/data/xhub/boards/XilinxBoardStore/boards/Xilinx/vpk120/production/1.2/board.xml as part xcvp1202-vsva2785-2mp-e-s specified in board_part file is either invalid or not available
WARNING: [Board 49-26] cannot add Board Part xilinx.com:vpk180:part0:1.0 available at E:/xilinx/Vivado/2024.1/data/xhub/boards/XilinxBoardStore/boards/Xilinx/vpk180/production/1.0/board.xml as part xcvp1802-lsvc4072-2mp-e-s specified in board_part file is either invalid or not available
WARNING: [Board 49-26] cannot add Board Part xilinx.com:vpk180:part0:1.1 available at E:/xilinx/Vivado/2024.1/data/xhub/boards/XilinxBoardStore/boards/Xilinx/vpk180/production/1.1/board.xml as part xcvp1802-lsvc4072-2mp-e-s specified in board_part file is either invalid or not available
WARNING: [Board 49-26] cannot add Board Part xilinx.com:vpk180:part0:1.2 available at E:/xilinx/Vivado/2024.1/data/xhub/boards/XilinxBoardStore/boards/Xilinx/vpk180/production/1.2/board.xml as part xcvp1802-lsvc4072-2mp-e-s specified in board_part file is either invalid or not available
WARNING: [Board 49-26] cannot add Board Part xilinx.com:zcu102:part0:3.3 available at E:/xilinx/Vivado/2024.1/data/xhub/boards/XilinxBoardStore/boards/Xilinx/zcu102/3.3/board.xml as part xczu9eg-ffvb1156-2-e specified in board_part file is either invalid or not available
WARNING: [Board 49-26] cannot add Board Part xilinx.com:zcu102:part0:3.4 available at E:/xilinx/Vivado/2024.1/data/xhub/boards/XilinxBoardStore/boards/Xilinx/zcu102/3.4/board.xml as part xczu9eg-ffvb1156-2-e specified in board_part file is either invalid or not available
WARNING: [Board 49-26] cannot add Board Part xilinx.com:zcu104:part0:1.1 available at E:/xilinx/Vivado/2024.1/data/xhub/boards/XilinxBoardStore/boards/Xilinx/zcu104/1.1/board.xml as part xczu7ev-ffvc1156-2-e specified in board_part file is either invalid or not available
WARNING: [Board 49-26] cannot add Board Part xilinx.com:zcu106:part0:2.4 available at E:/xilinx/Vivado/2024.1/data/xhub/boards/XilinxBoardStore/boards/Xilinx/zcu106/2.4/board.xml as part xczu7ev-ffvc1156-2-e specified in board_part file is either invalid or not available
WARNING: [Board 49-26] cannot add Board Part xilinx.com:zcu106:part0:2.5 available at E:/xilinx/Vivado/2024.1/data/xhub/boards/XilinxBoardStore/boards/Xilinx/zcu106/2.5/board.xml as part xczu7ev-ffvc1156-2-e specified in board_part file is either invalid or not available
WARNING: [Board 49-26] cannot add Board Part xilinx.com:zcu106:part0:2.6 available at E:/xilinx/Vivado/2024.1/data/xhub/boards/XilinxBoardStore/boards/Xilinx/zcu106/2.6/board.xml as part xczu7ev-ffvc1156-2-e specified in board_part file is either invalid or not available
WARNING: [Board 49-26] cannot add Board Part xilinx.com:zcu111:part0:1.2 available at E:/xilinx/Vivado/2024.1/data/xhub/boards/XilinxBoardStore/boards/Xilinx/zcu111/1.2/board.xml as part xczu28dr-ffvg1517-2-e specified in board_part file is either invalid or not available
WARNING: [Board 49-26] cannot add Board Part xilinx.com:zcu111:part0:1.3 available at E:/xilinx/Vivado/2024.1/data/xhub/boards/XilinxBoardStore/boards/Xilinx/zcu111/1.3/board.xml as part xczu28dr-ffvg1517-2-e specified in board_part file is either invalid or not available
WARNING: [Board 49-26] cannot add Board Part xilinx.com:zcu111:part0:1.4 available at E:/xilinx/Vivado/2024.1/data/xhub/boards/XilinxBoardStore/boards/Xilinx/zcu111/1.4/board.xml as part xczu28dr-ffvg1517-2-e specified in board_part file is either invalid or not available
WARNING: [Board 49-26] cannot add Board Part xilinx.com:zcu1275:part0:1.0 available at E:/xilinx/Vivado/2024.1/data/xhub/boards/XilinxBoardStore/boards/Xilinx/zcu1275/1.0/board.xml as part xczu29dr-ffvf1760-2-e specified in board_part file is either invalid or not available
WARNING: [Board 49-26] cannot add Board Part xilinx.com:zcu1285:part0:1.0 available at E:/xilinx/Vivado/2024.1/data/xhub/boards/XilinxBoardStore/boards/Xilinx/zcu1285/1.0/board.xml as part xczu39dr-ffvf1760-2-i specified in board_part file is either invalid or not available
WARNING: [Board 49-26] cannot add Board Part xilinx.com:zcu208:part0:2.0 available at E:/xilinx/Vivado/2024.1/data/xhub/boards/XilinxBoardStore/boards/Xilinx/zcu208/production/2.0/board.xml as part xczu48dr-fsvg1517-2-e specified in board_part file is either invalid or not available
WARNING: [Board 49-26] cannot add Board Part xilinx.com:zcu208ld:part0:2.0 available at E:/xilinx/Vivado/2024.1/data/xhub/boards/XilinxBoardStore/boards/Xilinx/zcu208ld/production/2.0/board.xml as part xczu58dr-fsvg1517-2-i specified in board_part file is either invalid or not available
WARNING: [Board 49-26] cannot add Board Part xilinx.com:zcu216:part0:2.0 available at E:/xilinx/Vivado/2024.1/data/xhub/boards/XilinxBoardStore/boards/Xilinx/zcu216/production/2.0/board.xml as part xczu49dr-ffvf1760-2-e specified in board_part file is either invalid or not available
WARNING: [Board 49-26] cannot add Board Part xilinx.com:zcu216ld:part0:2.0 available at E:/xilinx/Vivado/2024.1/data/xhub/boards/XilinxBoardStore/boards/Xilinx/zcu216ld/production/2.0/board.xml as part xczu59dr-ffvf1760-2-i specified in board_part file is either invalid or not available
WARNING: [Board 49-26] cannot add Board Part xilinx.com:zcu670:part0:2.0 available at E:/xilinx/Vivado/2024.1/data/xhub/boards/XilinxBoardStore/boards/Xilinx/zcu670/2.0/board.xml as part xczu67dr-fsve1156-2-i specified in board_part file is either invalid or not available
WARNING: [Board 49-26] cannot add Board Part xilinx.com:zcu670ld:part0:1.0 available at E:/xilinx/Vivado/2024.1/data/xhub/boards/XilinxBoardStore/boards/Xilinx/zcu670ld/1.0/board.xml as part xczu57dr-fsve1156-2-i specified in board_part file is either invalid or not available
Scanning sources...
Finished scanning sources
INFO: [IP_Flow 19-234] Refreshing IP repositories
INFO: [IP_Flow 19-1704] No user IP repositories specified
INFO: [IP_Flow 19-2313] Loaded Vivado IP repository 'E:/xilinx/Vivado/2024.1/data/ip'.
open_project: Time (s): cpu = 00:00:42 ; elapsed = 00:00:29 . Memory (MB): peak = 1458.156 ; gain = 401.820
update_compile_order -fileset sources_1
open_bd_design {C:/Users/Arf/Desktop/ip_camera/IP-Camera-on-board-Antminer-S9/ip_camera/ip_camera.srcs/sources_1/bd/design_1/design_1.bd}
Reading block design file <C:/Users/Arf/Desktop/ip_camera/IP-Camera-on-board-Antminer-S9/ip_camera/ip_camera.srcs/sources_1/bd/design_1/design_1.bd>...
Adding component instance block -- xilinx.com:ip:processing_system7:5.5 - processing_system7_0
Adding component instance block -- xilinx.com:ip:axi_dma:7.1 - axi_dma_0
WARNING: [BD 41-1282] Parameter 'HAS_BURST' is not defined on '/axi_dma_0/M_AXIS_MM2S'. Parameter ignored.
WARNING: [BD 41-1282] Parameter 'HAS_BURST' is not defined on '/axi_dma_0/M_AXIS_MM2S'. Parameter ignored.
WARNING: [BD 41-1282] Parameter 'HAS_BURST' is not defined on '/axi_dma_0/M_AXIS_CNTRL'. Parameter ignored.
WARNING: [BD 41-1282] Parameter 'HAS_BURST' is not defined on '/axi_dma_0/M_AXIS_CNTRL'. Parameter ignored.
Adding component instance block -- xilinx.com:ip:proc_sys_reset:5.0 - proc_sys_reset_0
Adding component instance block -- xilinx.com:ip:axi_interconnect:2.1 - ps7_0_axi_periph
Adding component instance block -- xilinx.com:ip:axi_interconnect:2.1 - axi_mem_intercon
Adding component instance block -- xilinx.com:ip:axi_crossbar:2.1 - xbar
Successfully read diagram <design_1> from block design file <C:/Users/Arf/Desktop/ip_camera/IP-Camera-on-board-Antminer-S9/ip_camera/ip_camera.srcs/sources_1/bd/design_1/design_1.bd>
open_bd_design: Time (s): cpu = 00:00:12 ; elapsed = 00:00:11 . Memory (MB): peak = 1531.090 ; gain = 17.652
startgroup
create_bd_cell -type ip -vlnv xilinx.com:ip:smartconnect:1.0 smartconnect_0
endgroup
startgroup
create_bd_cell -type ip -vlnv xilinx.com:ip:smartconnect:1.0 smartconnect_1
endgroup
WARNING: [IP_Flow 19-474] Invalid Parameter 'Component_Name'
set_property location {4 1007 41} [get_bd_cells smartconnect_0]
set_property location {2.5 594 125} [get_bd_cells smartconnect_1]
delete_bd_objs [get_bd_intf_nets axi_dma_0_M_AXI_MM2S] [get_bd_intf_nets axi_mem_intercon_M00_AXI] [get_bd_intf_nets axi_dma_0_M_AXI_S2MM] [get_bd_intf_nets axi_dma_0_M_AXI_SG] [get_bd_cells axi_mem_intercon]
delete_bd_objs [get_bd_intf_nets processing_system7_0_M_AXI_GP0] [get_bd_intf_nets ps7_0_axi_periph_M00_AXI] [get_bd_cells ps7_0_axi_periph]
delete_bd_objs [get_bd_nets processing_system7_0_FCLK_CLK0]
delete_bd_objs [get_bd_nets processing_system7_0_FCLK_RESET0_N]
delete_bd_objs [get_bd_nets proc_sys_reset_0_peripheral_aresetn]
set_property location {5.5 1590 359} [get_bd_cells smartconnect_0]
set_property location {4 1556 153} [get_bd_cells smartconnect_0]
set_property location {3 1193 169} [get_bd_cells axi_dma_0]
set_property location {2.5 791 180} [get_bd_cells smartconnect_1]
WARNING: [IP_Flow 19-474] Invalid Parameter 'Component_Name'
startgroup
create_bd_cell -type ip -vlnv xilinx.com:ip:xlconcat:2.1 xlconcat_0
endgroup
startgroup
create_bd_cell -type ip -vlnv xilinx.com:ip:proc_sys_reset:5.0 proc_sys_reset_1
endgroup
set_property location {3 801 419} [get_bd_cells proc_sys_reset_1]
set_property location {3 1274 489} [get_bd_cells xlconcat_0]
startgroup
apply_bd_automation -rule xilinx.com:bd_rule:axi4 -config { Clk_master {Auto} Clk_slave {Auto} Clk_xbar {Auto} Master {/processing_system7_0/M_AXI_GP0} Slave {/axi_dma_0/S_AXI_LITE} ddr_seg {Auto} intc_ip {New AXI Interconnect} master_apm {0}}  [get_bd_intf_pins axi_dma_0/S_AXI_LITE]
INFO: [BD 5-455] Automation on '/proc_sys_reset_0/ext_reset_in' will not be run, since it is obsolete due to previously run automations
INFO: [BD 5-455] Automation on '/proc_sys_reset_0/slowest_sync_clk' will not be run, since it is obsolete due to previously run automations
apply_bd_automation -rule xilinx.com:bd_rule:board -config { Manual_Source {Auto}}  [get_bd_pins proc_sys_reset_1/ext_reset_in]
apply_bd_automation -rule xilinx.com:bd_rule:clkrst -config { Clk {/processing_system7_0/FCLK_CLK0 (50 MHz)} Freq {50} Ref_Clk0 {} Ref_Clk1 {} Ref_Clk2 {}}  [get_bd_pins proc_sys_reset_1/slowest_sync_clk]
apply_bd_automation -rule xilinx.com:bd_rule:axi4 -config { Clk_master {Auto} Clk_slave {Auto} Clk_xbar {Auto} Master {/axi_dma_0/M_AXI_MM2S} Slave {/processing_system7_0/S_AXI_HP0} ddr_seg {Auto} intc_ip {New AXI Interconnect} master_apm {0}}  [get_bd_intf_pins processing_system7_0/S_AXI_HP0]
endgroup
startgroup
apply_bd_automation -rule xilinx.com:bd_rule:axi4 -config { Clk_master {Auto} Clk_slave {/processing_system7_0/FCLK_CLK0 (50 MHz)} Clk_xbar {/processing_system7_0/FCLK_CLK0 (50 MHz)} Master {/axi_dma_0/M_AXI_S2MM} Slave {/processing_system7_0/S_AXI_HP0} ddr_seg {Auto} intc_ip {/axi_mem_intercon} master_apm {0}}  [get_bd_intf_pins axi_dma_0/M_AXI_S2MM]
INFO: [BD 41-3093] Triggering Legacy Auto Assign Algorithm
apply_bd_automation -rule xilinx.com:bd_rule:axi4 -config { Clk_master {Auto} Clk_slave {/processing_system7_0/FCLK_CLK0 (50 MHz)} Clk_xbar {/processing_system7_0/FCLK_CLK0 (50 MHz)} Master {/axi_dma_0/M_AXI_SG} Slave {/processing_system7_0/S_AXI_HP0} ddr_seg {Auto} intc_ip {/axi_mem_intercon} master_apm {0}}  [get_bd_intf_pins axi_dma_0/M_AXI_SG]
INFO: [BD 41-3093] Triggering Legacy Auto Assign Algorithm
endgroup
regenerate_bd_layout
WARNING: [IP_Flow 19-474] Invalid Parameter 'Component_Name'
startgroup
set_property -dict [list \
  CONFIG.PCW_EN_CLK1_PORT {1} \
  CONFIG.PCW_FPGA0_PERIPHERAL_FREQMHZ {100} \
  CONFIG.PCW_FPGA1_PERIPHERAL_FREQMHZ {24} \
  CONFIG.PCW_IRQ_F2P_INTR {1} \
  CONFIG.PCW_USE_FABRIC_INTERRUPT {1} \
] [get_bd_cells processing_system7_0]
endgroup
WARNING: [IP_Flow 19-474] Invalid Parameter 'Component_Name'
startgroup
set_property -dict [list \
  CONFIG.PCW_ENET0_GRP_MDIO_ENABLE {1} \
  CONFIG.PCW_ENET0_GRP_MDIO_IO {MIO 52 .. 53} \
  CONFIG.PCW_UART0_PERIPHERAL_ENABLE {0} \
  CONFIG.PCW_UART1_PERIPHERAL_ENABLE {1} \
  CONFIG.PCW_UART1_UART1_IO {MIO 48 .. 49} \
] [get_bd_cells processing_system7_0]
endgroup
WARNING: [IP_Flow 19-474] Invalid Parameter 'Component_Name'
delete_bd_objs [get_bd_intf_nets processing_system7_0_M_AXI_GP0]
delete_bd_objs [get_bd_nets processing_system7_0_FCLK_CLK0]
delete_bd_objs [get_bd_nets processing_system7_0_FCLK_RESET0_N]
delete_bd_objs [get_bd_intf_nets axi_dma_0_M_AXI_S2MM] [get_bd_intf_nets axi_dma_0_M_AXI_MM2S] [get_bd_intf_nets axi_dma_0_M_AXI_SG] [get_bd_intf_nets axi_mem_intercon_M00_AXI] [get_bd_cells axi_mem_intercon]
set_property location {4.5 1258 235} [get_bd_cells smartconnect_0]
delete_bd_objs [get_bd_intf_nets ps7_0_axi_periph_M00_AXI] [get_bd_cells ps7_0_axi_periph]
set_property location {1.5 563 -13} [get_bd_cells smartconnect_1]
regenerate_bd_layout
connect_bd_net [get_bd_pins processing_system7_0/FCLK_CLK0] [get_bd_pins proc_sys_reset_0/slowest_sync_clk]
delete_bd_objs [get_bd_cells proc_sys_reset_1]
connect_bd_net [get_bd_pins processing_system7_0/FCLK_RESET0_N] [get_bd_pins proc_sys_reset_0/ext_reset_in]
set_property -dict [list \
  CONFIG.NUM_MI {2} \
  CONFIG.NUM_SI {1} \
] [get_bd_cells smartconnect_0]
WARNING: [IP_Flow 19-474] Invalid Parameter 'Component_Name'
WARNING: [IP_Flow 19-474] Invalid Parameter 'Component_Name'
connect_bd_intf_net [get_bd_intf_pins processing_system7_0/M_AXI_GP0] [get_bd_intf_pins smartconnect_0/S00_AXI]
connect_bd_net [get_bd_pins processing_system7_0/FCLK_CLK0] [get_bd_pins smartconnect_0/aclk]
delete_bd_objs [get_bd_nets proc_sys_reset_0_peripheral_aresetn]
connect_bd_net [get_bd_pins proc_sys_reset_0/peripheral_aresetn] [get_bd_pins smartconnect_0/aresetn]
set_property CONFIG.NUM_SI {1} [get_bd_cells smartconnect_1]
connect_bd_intf_net [get_bd_intf_pins smartconnect_1/M00_AXI] [get_bd_intf_pins processing_system7_0/S_AXI_HP0]
connect_bd_net [get_bd_pins processing_system7_0/FCLK_CLK0] [get_bd_pins smartconnect_1/aclk]
connect_bd_net [get_bd_pins proc_sys_reset_0/peripheral_aresetn] [get_bd_pins smartconnect_1/aresetn]
delete_bd_objs [get_bd_cells axi_dma_0]
startgroup
create_bd_cell -type ip -vlnv xilinx.com:ip:axi_vdma:6.3 axi_vdma_0
endgroup
set_property -dict [list CONFIG.c_m_axi_s2mm_data_width.VALUE_SRC PROPAGATED] [get_bd_cells axi_vdma_0]
set_property -dict [list \
  CONFIG.c_enable_vert_flip {0} \
  CONFIG.c_include_mm2s {0} \
  CONFIG.c_num_fstores {2} \
  CONFIG.c_s2mm_max_burst_length {256} \
] [get_bd_cells axi_vdma_0]
connect_bd_intf_net [get_bd_intf_pins smartconnect_0/M00_AXI] [get_bd_intf_pins axi_vdma_0/S_AXI_LITE]
connect_bd_intf_net [get_bd_intf_pins axi_vdma_0/M_AXI_S2MM] [get_bd_intf_pins smartconnect_1/S00_AXI]
connect_bd_net [get_bd_pins processing_system7_0/FCLK_CLK0] [get_bd_pins axi_vdma_0/s_axi_lite_aclk]
connect_bd_net [get_bd_pins processing_system7_0/FCLK_CLK0] [get_bd_pins axi_vdma_0/m_axi_s2mm_aclk]
connect_bd_net [get_bd_pins proc_sys_reset_0/peripheral_aresetn] [get_bd_pins axi_vdma_0/axi_resetn]
startgroup
create_bd_cell -type ip -vlnv xilinx.com:ip:axi_gpio:2.0 axi_gpio_0
endgroup
set_property -dict [list \
  CONFIG.C_ALL_OUTPUTS {1} \
  CONFIG.C_DOUT_DEFAULT {0x3} \
  CONFIG.C_GPIO_WIDTH {2} \
] [get_bd_cells axi_gpio_0]
connect_bd_intf_net [get_bd_intf_pins smartconnect_0/M01_AXI] [get_bd_intf_pins axi_gpio_0/S_AXI]
connect_bd_net [get_bd_pins processing_system7_0/FCLK_CLK0] [get_bd_pins axi_gpio_0/s_axi_aclk]
connect_bd_net [get_bd_pins proc_sys_reset_0/peripheral_aresetn] [get_bd_pins axi_gpio_0/s_axi_aresetn]
startgroup
make_bd_pins_external  [get_bd_cells axi_gpio_0]
make_bd_intf_pins_external  [get_bd_cells axi_gpio_0]
endgroup
startgroup
create_bd_cell -type ip -vlnv xilinx.com:ip:axis_data_fifo:2.0 axis_data_fifo_0
endgroup
set_property -dict [list CONFIG.HAS_TSTRB.VALUE_SRC USER CONFIG.TDATA_NUM_BYTES.VALUE_SRC USER CONFIG.HAS_TLAST.VALUE_SRC USER CONFIG.HAS_TKEEP.VALUE_SRC USER] [get_bd_cells axis_data_fifo_0]
set_property -dict [list \
  CONFIG.HAS_TLAST {1} \
  CONFIG.IS_ACLK_ASYNC {1} \
  CONFIG.TDATA_NUM_BYTES {2} \
] [get_bd_cells axis_data_fifo_0]
regenerate_bd_layout
set_property CONFIG.NUM_PORTS {1} [get_bd_cells xlconcat_0]
connect_bd_net [get_bd_pins axi_vdma_0/s2mm_introut] [get_bd_pins xlconcat_0/In0]
connect_bd_net [get_bd_pins xlconcat_0/dout] [get_bd_pins processing_system7_0/IRQ_F2P]
startgroup
make_bd_pins_external  [get_bd_pins processing_system7_0/FCLK_CLK1]
endgroup
regenerate_bd_layout
connect_bd_net [get_bd_pins processing_system7_0/FCLK_CLK0] [get_bd_pins axis_data_fifo_0/s_axis_aclk]
connect_bd_net [get_bd_pins proc_sys_reset_0/peripheral_aresetn] [get_bd_pins axis_data_fifo_0/s_axis_aresetn]
connect_bd_intf_net [get_bd_intf_pins axis_data_fifo_0/M_AXIS] [get_bd_intf_pins axi_vdma_0/S_AXIS_S2MM]
startgroup
make_bd_intf_pins_external  [get_bd_intf_pins processing_system7_0/IIC_0]
endgroup
undo
INFO: [Common 17-17] undo 'endgroup'
INFO: [Common 17-17] undo 'make_bd_intf_pins_external  [get_bd_intf_pins processing_system7_0/IIC_0]'
INFO: [Common 17-17] undo 'startgroup'
startgroup
make_bd_intf_pins_external  [get_bd_intf_pins processing_system7_0/IIC_0]
endgroup
delete_bd_objs [get_bd_intf_nets processing_system7_0_IIC_0] [get_bd_intf_ports IIC_0_0]
WARNING: [IP_Flow 19-474] Invalid Parameter 'Component_Name'
startgroup
make_bd_pins_external  [get_bd_pins processing_system7_0/I2C0_SDA_I]
WARNING: [BD 41-1306] The connection to interface pin </processing_system7_0/I2C0_SDA_I> is being overridden by the user with net <I2C0_SDA_I_0_1>. This pin will not be connected as a part of interface connection <IIC_0>.
endgroup
startgroup
make_bd_pins_external  [get_bd_pins processing_system7_0/I2C0_SCL_O]
WARNING: [BD 41-1306] The connection to interface pin </processing_system7_0/I2C0_SCL_O> is being overridden by the user with net <processing_system7_0_I2C0_SCL_O>. This pin will not be connected as a part of interface connection <IIC_0>.
endgroup
regenerate_bd_layout
regenerate_bd_layout
regenerate_bd_layout
save_bd_design
Wrote  : <C:\Users\Arf\Desktop\ip_camera\IP-Camera-on-board-Antminer-S9\ip_camera\ip_camera.srcs\sources_1\bd\design_1\design_1.bd> 
Wrote  : <C:/Users/Arf/Desktop/ip_camera/IP-Camera-on-board-Antminer-S9/ip_camera/ip_camera.srcs/sources_1/bd/design_1/ui/bd_1f5defd0.ui> 
save_bd_design: Time (s): cpu = 00:00:02 ; elapsed = 00:00:09 . Memory (MB): peak = 2409.902 ; gain = 0.000
startgroup
apply_bd_automation -rule xilinx.com:bd_rule:clkrst -config { Clk {/processing_system7_0/FCLK_CLK0 (100 MHz)} Freq {100} Ref_Clk0 {} Ref_Clk1 {} Ref_Clk2 {}}  [get_bd_pins axi_vdma_0/s_axis_s2mm_aclk]
INFO: [BD 5-455] Automation on '/axis_data_fifo_0/m_axis_aclk' will not be run, since it is obsolete due to previously run automations
apply_bd_automation -rule xilinx.com:bd_rule:clkrst -config { Clk {/processing_system7_0/FCLK_CLK0 (100 MHz)} Freq {100} Ref_Clk0 {} Ref_Clk1 {} Ref_Clk2 {}}  [get_bd_pins processing_system7_0/M_AXI_GP0_ACLK]
apply_bd_automation -rule xilinx.com:bd_rule:clkrst -config { Clk {/processing_system7_0/FCLK_CLK0 (100 MHz)} Freq {100} Ref_Clk0 {} Ref_Clk1 {} Ref_Clk2 {}}  [get_bd_pins processing_system7_0/S_AXI_HP0_ACLK]
endgroup
undo
INFO: [Common 17-17] undo 'endgroup'
INFO: [Common 17-17] undo 'apply_bd_automation -rule xilinx.com:bd_rule:clkrst -config { Clk {/processing_system7_0/FCLK_CLK0 (100 MHz)} Freq {100} Ref_Clk0 {} Ref_Clk1 {} Ref_Clk2 {}}  [get_bd_pins processing_system7_0/S_AXI_HP0_ACLK]'
INFO: [Common 17-17] undo 'apply_bd_automation -rule xilinx.com:bd_rule:clkrst -config { Clk {/processing_system7_0/FCLK_CLK0 (100 MHz)} Freq {100} Ref_Clk0 {} Ref_Clk1 {} Ref_Clk2 {}}  [get_bd_pins processing_system7_0/M_AXI_GP0_ACLK]'
INFO: [Common 17-17] undo 'apply_bd_automation -rule xilinx.com:bd_rule:clkrst -config { Clk {/processing_system7_0/FCLK_CLK0 (100 MHz)} Freq {100} Ref_Clk0 {} Ref_Clk1 {} Ref_Clk2 {}}  [get_bd_pins axi_vdma_0/s_axis_s2mm_aclk]'
INFO: [Common 17-17] undo 'startgroup'
redo
INFO: [Common 17-16] redo 'startgroup'
INFO: [Common 17-16] redo 'apply_bd_automation -rule xilinx.com:bd_rule:clkrst -config { Clk {/processing_system7_0/FCLK_CLK0 (100 MHz)} Freq {100} Ref_Clk0 {} Ref_Clk1 {} Ref_Clk2 {}}  [get_bd_pins axi_vdma_0/s_axis_s2mm_aclk]'
INFO: [Common 17-16] redo 'apply_bd_automation -rule xilinx.com:bd_rule:clkrst -config { Clk {/processing_system7_0/FCLK_CLK0 (100 MHz)} Freq {100} Ref_Clk0 {} Ref_Clk1 {} Ref_Clk2 {}}  [get_bd_pins processing_system7_0/M_AXI_GP0_ACLK]'
INFO: [Common 17-16] redo 'apply_bd_automation -rule xilinx.com:bd_rule:clkrst -config { Clk {/processing_system7_0/FCLK_CLK0 (100 MHz)} Freq {100} Ref_Clk0 {} Ref_Clk1 {} Ref_Clk2 {}}  [get_bd_pins processing_system7_0/S_AXI_HP0_ACLK]'
INFO: [Common 17-16] redo 'endgroup'
undo
INFO: [Common 17-17] undo 'endgroup'
INFO: [Common 17-17] undo 'apply_bd_automation -rule xilinx.com:bd_rule:clkrst -config { Clk {/processing_system7_0/FCLK_CLK0 (100 MHz)} Freq {100} Ref_Clk0 {} Ref_Clk1 {} Ref_Clk2 {}}  [get_bd_pins processing_system7_0/S_AXI_HP0_ACLK]'
INFO: [Common 17-17] undo 'apply_bd_automation -rule xilinx.com:bd_rule:clkrst -config { Clk {/processing_system7_0/FCLK_CLK0 (100 MHz)} Freq {100} Ref_Clk0 {} Ref_Clk1 {} Ref_Clk2 {}}  [get_bd_pins processing_system7_0/M_AXI_GP0_ACLK]'
INFO: [Common 17-17] undo 'apply_bd_automation -rule xilinx.com:bd_rule:clkrst -config { Clk {/processing_system7_0/FCLK_CLK0 (100 MHz)} Freq {100} Ref_Clk0 {} Ref_Clk1 {} Ref_Clk2 {}}  [get_bd_pins axi_vdma_0/s_axis_s2mm_aclk]'
INFO: [Common 17-17] undo 'startgroup'
redo
INFO: [Common 17-16] redo 'startgroup'
INFO: [Common 17-16] redo 'apply_bd_automation -rule xilinx.com:bd_rule:clkrst -config { Clk {/processing_system7_0/FCLK_CLK0 (100 MHz)} Freq {100} Ref_Clk0 {} Ref_Clk1 {} Ref_Clk2 {}}  [get_bd_pins axi_vdma_0/s_axis_s2mm_aclk]'
INFO: [Common 17-16] redo 'apply_bd_automation -rule xilinx.com:bd_rule:clkrst -config { Clk {/processing_system7_0/FCLK_CLK0 (100 MHz)} Freq {100} Ref_Clk0 {} Ref_Clk1 {} Ref_Clk2 {}}  [get_bd_pins processing_system7_0/M_AXI_GP0_ACLK]'
INFO: [Common 17-16] redo 'apply_bd_automation -rule xilinx.com:bd_rule:clkrst -config { Clk {/processing_system7_0/FCLK_CLK0 (100 MHz)} Freq {100} Ref_Clk0 {} Ref_Clk1 {} Ref_Clk2 {}}  [get_bd_pins processing_system7_0/S_AXI_HP0_ACLK]'
INFO: [Common 17-16] redo 'endgroup'
undo
INFO: [Common 17-17] undo 'endgroup'
INFO: [Common 17-17] undo 'apply_bd_automation -rule xilinx.com:bd_rule:clkrst -config { Clk {/processing_system7_0/FCLK_CLK0 (100 MHz)} Freq {100} Ref_Clk0 {} Ref_Clk1 {} Ref_Clk2 {}}  [get_bd_pins processing_system7_0/S_AXI_HP0_ACLK]'
INFO: [Common 17-17] undo 'apply_bd_automation -rule xilinx.com:bd_rule:clkrst -config { Clk {/processing_system7_0/FCLK_CLK0 (100 MHz)} Freq {100} Ref_Clk0 {} Ref_Clk1 {} Ref_Clk2 {}}  [get_bd_pins processing_system7_0/M_AXI_GP0_ACLK]'
INFO: [Common 17-17] undo 'apply_bd_automation -rule xilinx.com:bd_rule:clkrst -config { Clk {/processing_system7_0/FCLK_CLK0 (100 MHz)} Freq {100} Ref_Clk0 {} Ref_Clk1 {} Ref_Clk2 {}}  [get_bd_pins axi_vdma_0/s_axis_s2mm_aclk]'
INFO: [Common 17-17] undo 'startgroup'
startgroup
apply_bd_automation -rule xilinx.com:bd_rule:clkrst -config { Clk {/processing_system7_0/FCLK_CLK0 (100 MHz)} Freq {100} Ref_Clk0 {} Ref_Clk1 {} Ref_Clk2 {}}  [get_bd_pins axi_vdma_0/s_axis_s2mm_aclk]
INFO: [BD 5-455] Automation on '/axis_data_fifo_0/m_axis_aclk' will not be run, since it is obsolete due to previously run automations
apply_bd_automation -rule xilinx.com:bd_rule:clkrst -config { Clk {/processing_system7_0/FCLK_CLK0 (100 MHz)} Freq {100} Ref_Clk0 {} Ref_Clk1 {} Ref_Clk2 {}}  [get_bd_pins processing_system7_0/M_AXI_GP0_ACLK]
apply_bd_automation -rule xilinx.com:bd_rule:clkrst -config { Clk {/processing_system7_0/FCLK_CLK0 (100 MHz)} Freq {100} Ref_Clk0 {} Ref_Clk1 {} Ref_Clk2 {}}  [get_bd_pins processing_system7_0/S_AXI_HP0_ACLK]
endgroup
undo
INFO: [Common 17-17] undo 'endgroup'
INFO: [Common 17-17] undo 'apply_bd_automation -rule xilinx.com:bd_rule:clkrst -config { Clk {/processing_system7_0/FCLK_CLK0 (100 MHz)} Freq {100} Ref_Clk0 {} Ref_Clk1 {} Ref_Clk2 {}}  [get_bd_pins processing_system7_0/S_AXI_HP0_ACLK]'
INFO: [Common 17-17] undo 'apply_bd_automation -rule xilinx.com:bd_rule:clkrst -config { Clk {/processing_system7_0/FCLK_CLK0 (100 MHz)} Freq {100} Ref_Clk0 {} Ref_Clk1 {} Ref_Clk2 {}}  [get_bd_pins processing_system7_0/M_AXI_GP0_ACLK]'
INFO: [Common 17-17] undo 'apply_bd_automation -rule xilinx.com:bd_rule:clkrst -config { Clk {/processing_system7_0/FCLK_CLK0 (100 MHz)} Freq {100} Ref_Clk0 {} Ref_Clk1 {} Ref_Clk2 {}}  [get_bd_pins axi_vdma_0/s_axis_s2mm_aclk]'
INFO: [Common 17-17] undo 'startgroup'
redo
INFO: [Common 17-16] redo 'startgroup'
INFO: [Common 17-16] redo 'apply_bd_automation -rule xilinx.com:bd_rule:clkrst -config { Clk {/processing_system7_0/FCLK_CLK0 (100 MHz)} Freq {100} Ref_Clk0 {} Ref_Clk1 {} Ref_Clk2 {}}  [get_bd_pins axi_vdma_0/s_axis_s2mm_aclk]'
INFO: [Common 17-16] redo 'apply_bd_automation -rule xilinx.com:bd_rule:clkrst -config { Clk {/processing_system7_0/FCLK_CLK0 (100 MHz)} Freq {100} Ref_Clk0 {} Ref_Clk1 {} Ref_Clk2 {}}  [get_bd_pins processing_system7_0/M_AXI_GP0_ACLK]'
INFO: [Common 17-16] redo 'apply_bd_automation -rule xilinx.com:bd_rule:clkrst -config { Clk {/processing_system7_0/FCLK_CLK0 (100 MHz)} Freq {100} Ref_Clk0 {} Ref_Clk1 {} Ref_Clk2 {}}  [get_bd_pins processing_system7_0/S_AXI_HP0_ACLK]'
INFO: [Common 17-16] redo 'endgroup'
undo
INFO: [Common 17-17] undo 'endgroup'
INFO: [Common 17-17] undo 'apply_bd_automation -rule xilinx.com:bd_rule:clkrst -config { Clk {/processing_system7_0/FCLK_CLK0 (100 MHz)} Freq {100} Ref_Clk0 {} Ref_Clk1 {} Ref_Clk2 {}}  [get_bd_pins processing_system7_0/S_AXI_HP0_ACLK]'
INFO: [Common 17-17] undo 'apply_bd_automation -rule xilinx.com:bd_rule:clkrst -config { Clk {/processing_system7_0/FCLK_CLK0 (100 MHz)} Freq {100} Ref_Clk0 {} Ref_Clk1 {} Ref_Clk2 {}}  [get_bd_pins processing_system7_0/M_AXI_GP0_ACLK]'
INFO: [Common 17-17] undo 'apply_bd_automation -rule xilinx.com:bd_rule:clkrst -config { Clk {/processing_system7_0/FCLK_CLK0 (100 MHz)} Freq {100} Ref_Clk0 {} Ref_Clk1 {} Ref_Clk2 {}}  [get_bd_pins axi_vdma_0/s_axis_s2mm_aclk]'
INFO: [Common 17-17] undo 'startgroup'
save_bd_design
Wrote  : <C:\Users\Arf\Desktop\ip_camera\IP-Camera-on-board-Antminer-S9\ip_camera\ip_camera.srcs\sources_1\bd\design_1\design_1.bd> 
Wrote  : <C:/Users/Arf/Desktop/ip_camera/IP-Camera-on-board-Antminer-S9/ip_camera/ip_camera.srcs/sources_1/bd/design_1/ui/bd_1f5defd0.ui> 
exit
INFO: [Common 17-206] Exiting Vivado at Sat Jun  6 22:53:16 2026...
