Copyright 1986-2022 Xilinx, Inc. All Rights Reserved. Copyright 2022-2024 Advanced Micro Devices, Inc. All Rights Reserved.
---------------------------------------------------------------------------------------------------------------------------------------------
| Tool Version : Vivado v.2024.1 (win64) Build 5076996 Wed May 22 18:37:14 MDT 2024
| Date         : Fri Jun 12 18:33:04 2026
| Host         : DESKTOP-GTOUM49 running 64-bit major release  (build 9200)
| Command      : report_drc -file design_1_wrapper_drc_routed.rpt -pb design_1_wrapper_drc_routed.pb -rpx design_1_wrapper_drc_routed.rpx
| Design       : design_1_wrapper
| Device       : xc7z010clg400-1
| Speed File   : -1
| Design State : Fully Routed
---------------------------------------------------------------------------------------------------------------------------------------------

Report DRC

Table of Contents
-----------------
1. REPORT SUMMARY
2. REPORT DETAILS

1. REPORT SUMMARY
-----------------
            Netlist: netlist
          Floorplan: design_1
      Design limits: <entire design considered>
           Ruledeck: default
             Max violations: <unlimited>
             Violations found: 4
+-----------+------------------+---------------------------------+------------+
| Rule      | Severity         | Description                     | Violations |
+-----------+------------------+---------------------------------+------------+
| NSTD-1    | Critical Warning | Unspecified I/O Standard        | 1          |
| UCIO-1    | Critical Warning | Unconstrained Logical Port      | 1          |
| RPBF-3    | Warning          | IO port buffering is incomplete | 1          |
| RTSTAT-10 | Warning          | No routable loads               | 1          |
+-----------+------------------+---------------------------------+------------+

2. REPORT DETAILS
-----------------
NSTD-1#1 Critical Warning
Unspecified I/O Standard  
19 out of 149 logical ports use I/O standard (IOSTANDARD) value 'DEFAULT', instead of a user assigned specific value. This may cause I/O contention or incompatibility with the board power or connectivity affecting performance, signal integrity or in extreme cases cause damage to the device or the components to which it is connected. To correct this violation, specify all I/O standards. This design will fail to generate a bitstream unless all logical ports have a user specified I/O standard value defined. To allow bitstream creation with unspecified I/O standard values (not recommended), use this command: set_property SEVERITY {Warning} [get_drc_checks NSTD-1].  NOTE: When using the Vivado Runs infrastructure (e.g. launch_runs Tcl command), add this command to a .tcl file and add that file as a pre-hook for write_bitstream step for the implementation run. Problem ports: GPIO_0_tri_o[1:0], config_finished_0, d_0[7:0], href_0, pclk_0, pwdn_0,
reset_0, sioc_0, siod_0, vsync_0, xclk_0.
Related violations: <none>

UCIO-1#1 Critical Warning
Unconstrained Logical Port  
19 out of 149 logical ports have no user assigned specific location constraint (LOC). This may cause I/O contention or incompatibility with the board power or connectivity affecting performance, signal integrity or in extreme cases cause damage to the device or the components to which it is connected. To correct this violation, specify all pin locations. This design will fail to generate a bitstream unless all logical ports have a user specified site LOC constraint defined.  To allow bitstream creation with unspecified pin locations (not recommended), use this command: set_property SEVERITY {Warning} [get_drc_checks UCIO-1].  NOTE: When using the Vivado Runs infrastructure (e.g. launch_runs Tcl command), add this command to a .tcl file and add that file as a pre-hook for write_bitstream step for the implementation run.  Problem ports: GPIO_0_tri_o[1:0], config_finished_0, d_0[7:0], href_0, pclk_0, pwdn_0,
reset_0, sioc_0, siod_0, vsync_0, xclk_0.
Related violations: <none>

RPBF-3#1 Warning
IO port buffering is incomplete  
Device port siod_0 expects both input and output buffering but the buffers are incomplete.
Related violations: <none>

RTSTAT-10#1 Warning
No routable loads  
15 net(s) have no routable loads. The problem bus(es) and/or net(s) are design_1_i/smartconnect_0/inst/m00_nodes/m00_ar_node/inst/mi_handler_m_sc_areset_pipe,
design_1_i/smartconnect_0/inst/m00_nodes/m00_w_node/inst/mi_handler_m_sc_areset_pipe,
design_1_i/smartconnect_0/inst/m01_nodes/m01_r_node/inst/mi_handler_m_sc_areset_pipe,
design_1_i/smartconnect_0/inst/m01_nodes/m01_w_node/inst/mi_handler_m_sc_areset_pipe,
design_1_i/smartconnect_0/inst/m01_nodes/m01_aw_node/inst/mi_handler_m_sc_areset_pipe,
design_1_i/smartconnect_0/inst/s00_nodes/s00_ar_node/inst/mi_handler_m_sc_areset_pipe,
design_1_i/smartconnect_0/inst/m00_nodes/m00_aw_node/inst/mi_handler_m_sc_areset_pipe,
design_1_i/smartconnect_0/inst/m01_nodes/m01_ar_node/inst/mi_handler_m_sc_areset_pipe,
design_1_i/smartconnect_0/inst/s00_nodes/s00_r_node/inst/mi_handler_m_sc_areset_pipe,
design_1_i/smartconnect_0/inst/s00_nodes/s00_aw_node/inst/mi_handler_m_sc_areset_pipe,
design_1_i/smartconnect_0/inst/s00_nodes/s00_b_node/inst/mi_handler_m_sc_areset_pipe,
design_1_i/smartconnect_0/inst/m00_nodes/m00_r_node/inst/mi_handler_m_sc_areset_pipe,
design_1_i/smartconnect_0/inst/m00_nodes/m00_b_node/inst/mi_handler_m_sc_areset_pipe
design_1_i/smartconnect_0/inst/m01_nodes/m01_b_node/inst/mi_handler_m_sc_areset_pipe.
Related violations: <none>


