Copyright 1986-2022 Xilinx, Inc. All Rights Reserved. Copyright 2022-2024 Advanced Micro Devices, Inc. All Rights Reserved.
------------------------------------------------------------------------------------------------------------------------------------------------------------------------------------------------------------------------------------------------
| Tool Version : Vivado v.2024.1 (win64) Build 5076996 Wed May 22 18:37:14 MDT 2024
| Date         : Fri Jun 12 01:10:57 2026
| Host         : DESKTOP-GTOUM49 running 64-bit major release  (build 9200)
| Command      : report_timing_summary -max_paths 10 -report_unconstrained -file ov7670_controller_timing_summary_routed.rpt -pb ov7670_controller_timing_summary_routed.pb -rpx ov7670_controller_timing_summary_routed.rpx -warn_on_violation
| Design       : ov7670_controller
| Device       : 7z010-clg400
| Speed File   : -1  PRODUCTION 1.12 2019-11-22
| Design State : Routed
------------------------------------------------------------------------------------------------------------------------------------------------------------------------------------------------------------------------------------------------

Timing Summary Report

------------------------------------------------------------------------------------------------
| Timer Settings
| --------------
------------------------------------------------------------------------------------------------

  Enable Multi Corner Analysis               :  Yes
  Enable Pessimism Removal                   :  Yes
  Pessimism Removal Resolution               :  Nearest Common Node
  Enable Input Delay Default Clock           :  No
  Enable Preset / Clear Arcs                 :  No
  Disable Flight Delays                      :  No
  Ignore I/O Paths                           :  No
  Timing Early Launch at Borrowing Latches   :  No
  Borrow Time for Max Delay Exceptions       :  Yes
  Merge Timing Exceptions                    :  Yes
  Inter-SLR Compensation                     :  Conservative

  Corner  Analyze    Analyze    
  Name    Max Paths  Min Paths  
  ------  ---------  ---------  
  Slow    Yes        Yes        
  Fast    Yes        Yes        


------------------------------------------------------------------------------------------------
| Report Methodology
| ------------------
------------------------------------------------------------------------------------------------

Rule       Severity          Description                       Violations  
---------  ----------------  --------------------------------  ----------  
TIMING-17  Critical Warning  Non-clocked sequential cell       85          
HPDR-1     Warning           Port pin direction inconsistency  1           

Note: This report is based on the most recent report_methodology run and may not be up-to-date. Run report_methodology on the current design for the latest report.



check_timing report

Table of Contents
-----------------
1. checking no_clock (85)
2. checking constant_clock (0)
3. checking pulse_width_clock (0)
4. checking unconstrained_internal_endpoints (189)
5. checking no_input_delay (1)
6. checking no_output_delay (4)
7. checking multiple_clock (0)
8. checking generated_clocks (0)
9. checking loops (0)
10. checking partial_input_delay (0)
11. checking partial_output_delay (0)
12. checking latch_loops (0)

1. checking no_clock (85)
-------------------------
 There are 85 register/latch pins with no clock driven by root clock pin: clk (HIGH)


2. checking constant_clock (0)
------------------------------
 There are 0 register/latch pins with constant_clock.


3. checking pulse_width_clock (0)
---------------------------------
 There are 0 register/latch pins which need pulse_width check


4. checking unconstrained_internal_endpoints (189)
--------------------------------------------------
 There are 189 pins that are not constrained for maximum delay. (HIGH)

 There are 0 pins that are not constrained for maximum delay due to constant clock.


5. checking no_input_delay (1)
------------------------------
 There is 1 input port with no input delay specified. (HIGH)

 There are 0 input ports with no input delay but user has a false path constraint.


6. checking no_output_delay (4)
-------------------------------
 There are 4 ports with no output delay specified. (HIGH)

 There are 0 ports with no output delay but user has a false path constraint

 There are 0 ports with no output delay but with a timing clock defined on it or propagating through it


7. checking multiple_clock (0)
------------------------------
 There are 0 register/latch pins with multiple clocks.


8. checking generated_clocks (0)
--------------------------------
 There are 0 generated clocks that are not connected to a clock source.


9. checking loops (0)
---------------------
 There are 0 combinational loops in the design.


10. checking partial_input_delay (0)
------------------------------------
 There are 0 input ports with partial input delay specified.


11. checking partial_output_delay (0)
-------------------------------------
 There are 0 ports with partial output delay specified.


12. checking latch_loops (0)
----------------------------
 There are 0 combinational latch loops in the design through latch input



------------------------------------------------------------------------------------------------
| Design Timing Summary
| ---------------------
------------------------------------------------------------------------------------------------

    WNS(ns)      TNS(ns)  TNS Failing Endpoints  TNS Total Endpoints      WHS(ns)      THS(ns)  THS Failing Endpoints  THS Total Endpoints     WPWS(ns)     TPWS(ns)  TPWS Failing Endpoints  TPWS Total Endpoints  
    -------      -------  ---------------------  -------------------      -------      -------  ---------------------  -------------------     --------     --------  ----------------------  --------------------  
        inf        0.000                      0                  193          inf        0.000                      0                  193           NA           NA                      NA                    NA  


There are no user specified timing constraints.


------------------------------------------------------------------------------------------------
| Clock Summary
| -------------
------------------------------------------------------------------------------------------------


------------------------------------------------------------------------------------------------
| Intra Clock Table
| -----------------
------------------------------------------------------------------------------------------------

Clock             WNS(ns)      TNS(ns)  TNS Failing Endpoints  TNS Total Endpoints      WHS(ns)      THS(ns)  THS Failing Endpoints  THS Total Endpoints     WPWS(ns)     TPWS(ns)  TPWS Failing Endpoints  TPWS Total Endpoints  
-----             -------      -------  ---------------------  -------------------      -------      -------  ---------------------  -------------------     --------     --------  ----------------------  --------------------  


------------------------------------------------------------------------------------------------
| Inter Clock Table
| -----------------
------------------------------------------------------------------------------------------------

From Clock    To Clock          WNS(ns)      TNS(ns)  TNS Failing Endpoints  TNS Total Endpoints      WHS(ns)      THS(ns)  THS Failing Endpoints  THS Total Endpoints  
----------    --------          -------      -------  ---------------------  -------------------      -------      -------  ---------------------  -------------------  


------------------------------------------------------------------------------------------------
| Other Path Groups Table
| -----------------------
------------------------------------------------------------------------------------------------

Path Group    From Clock    To Clock          WNS(ns)      TNS(ns)  TNS Failing Endpoints  TNS Total Endpoints      WHS(ns)      THS(ns)  THS Failing Endpoints  THS Total Endpoints  
----------    ----------    --------          -------      -------  ---------------------  -------------------      -------      -------  ---------------------  -------------------  


------------------------------------------------------------------------------------------------
| User Ignored Path Table
| -----------------------
------------------------------------------------------------------------------------------------

Path Group    From Clock    To Clock    
----------    ----------    --------    


------------------------------------------------------------------------------------------------
| Unconstrained Path Table
| ------------------------
------------------------------------------------------------------------------------------------

Path Group    From Clock    To Clock    
----------    ----------    --------    
(none)                                    


------------------------------------------------------------------------------------------------
| Timing Details
| --------------
------------------------------------------------------------------------------------------------


--------------------------------------------------------------------------------------
Path Group:  (none)
From Clock:  
  To Clock:  

Max Delay           193 Endpoints
Min Delay           193 Endpoints
--------------------------------------------------------------------------------------


Max Delay Paths
--------------------------------------------------------------------------------------
Slack:                    inf
  Source:                 Inst_ov7670_registers/sreg_reg/CLKARDCLK
                            (rising edge-triggered cell RAMB18E1)
  Destination:            config_finished
                            (output port)
  Path Group:             (none)
  Path Type:              Max at Slow Process Corner
  Data Path Delay:        9.767ns  (logic 5.315ns (54.413%)  route 4.453ns (45.587%))
  Logic Levels:           4  (LUT4=2 OBUF=1 RAMB18E1=1)

    Location             Delay type                Incr(ns)  Path(ns)    Netlist Resource(s)
  -------------------------------------------------------------------    -------------------
    RAMB18_X2Y0          RAMB18E1                     0.000     0.000 r  Inst_ov7670_registers/sreg_reg/CLKARDCLK
    RAMB18_X2Y0          RAMB18E1 (Prop_ramb18e1_CLKARDCLK_DOADO[11])
                                                      2.454     2.454 r  Inst_ov7670_registers/sreg_reg/DOADO[11]
                         net (fo=2, routed)           1.123     3.577    Inst_ov7670_registers/DOADO[11]
    SLICE_X37Y1          LUT4 (Prop_lut4_I2_O)        0.124     3.701 f  Inst_ov7670_registers/config_finished_OBUF_inst_i_4/O
                         net (fo=1, routed)           0.942     4.643    Inst_ov7670_registers/config_finished_OBUF_inst_i_4_n_0
    SLICE_X36Y0          LUT4 (Prop_lut4_I1_O)        0.124     4.767 r  Inst_ov7670_registers/config_finished_OBUF_inst_i_2/O
                         net (fo=40, routed)          2.388     7.155    config_finished_OBUF
    T19                  OBUF (Prop_obuf_I_O)         2.613     9.767 r  config_finished_OBUF_inst/O
                         net (fo=0)                   0.000     9.767    config_finished
    T19                                                               r  config_finished (OUT)
  -------------------------------------------------------------------    -------------------

Slack:                    inf
  Source:                 Inst_ov7670_registers/sreg_reg/CLKARDCLK
                            (rising edge-triggered cell RAMB18E1)
  Destination:            Inst_i2c_sender/busy_sr_reg[4]/CE
  Path Group:             (none)
  Path Type:              Max at Slow Process Corner
  Data Path Delay:        6.901ns  (logic 2.826ns (40.952%)  route 4.075ns (59.048%))
  Logic Levels:           4  (LUT4=2 LUT6=1 RAMB18E1=1)

    Location             Delay type                Incr(ns)  Path(ns)    Netlist Resource(s)
  -------------------------------------------------------------------    -------------------
    RAMB18_X2Y0          RAMB18E1                     0.000     0.000 r  Inst_ov7670_registers/sreg_reg/CLKARDCLK
    RAMB18_X2Y0          RAMB18E1 (Prop_ramb18e1_CLKARDCLK_DOADO[11])
                                                      2.454     2.454 f  Inst_ov7670_registers/sreg_reg/DOADO[11]
                         net (fo=2, routed)           1.123     3.577    Inst_ov7670_registers/DOADO[11]
    SLICE_X37Y1          LUT4 (Prop_lut4_I2_O)        0.124     3.701 r  Inst_ov7670_registers/config_finished_OBUF_inst_i_4/O
                         net (fo=1, routed)           0.942     4.643    Inst_ov7670_registers/config_finished_OBUF_inst_i_4_n_0
    SLICE_X36Y0          LUT4 (Prop_lut4_I1_O)        0.124     4.767 f  Inst_ov7670_registers/config_finished_OBUF_inst_i_2/O
                         net (fo=40, routed)          0.853     5.620    Inst_i2c_sender/data_sr_reg[31]_0
    SLICE_X39Y3          LUT6 (Prop_lut6_I0_O)        0.124     5.744 r  Inst_i2c_sender/busy_sr[31]_i_1/O
                         net (fo=60, routed)          1.157     6.901    Inst_i2c_sender/busy_sr0
    SLICE_X38Y4          FDRE                                         r  Inst_i2c_sender/busy_sr_reg[4]/CE
  -------------------------------------------------------------------    -------------------

Slack:                    inf
  Source:                 Inst_ov7670_registers/sreg_reg/CLKARDCLK
                            (rising edge-triggered cell RAMB18E1)
  Destination:            Inst_i2c_sender/busy_sr_reg[5]/CE
  Path Group:             (none)
  Path Type:              Max at Slow Process Corner
  Data Path Delay:        6.901ns  (logic 2.826ns (40.952%)  route 4.075ns (59.048%))
  Logic Levels:           4  (LUT4=2 LUT6=1 RAMB18E1=1)

    Location             Delay type                Incr(ns)  Path(ns)    Netlist Resource(s)
  -------------------------------------------------------------------    -------------------
    RAMB18_X2Y0          RAMB18E1                     0.000     0.000 r  Inst_ov7670_registers/sreg_reg/CLKARDCLK
    RAMB18_X2Y0          RAMB18E1 (Prop_ramb18e1_CLKARDCLK_DOADO[11])
                                                      2.454     2.454 f  Inst_ov7670_registers/sreg_reg/DOADO[11]
                         net (fo=2, routed)           1.123     3.577    Inst_ov7670_registers/DOADO[11]
    SLICE_X37Y1          LUT4 (Prop_lut4_I2_O)        0.124     3.701 r  Inst_ov7670_registers/config_finished_OBUF_inst_i_4/O
                         net (fo=1, routed)           0.942     4.643    Inst_ov7670_registers/config_finished_OBUF_inst_i_4_n_0
    SLICE_X36Y0          LUT4 (Prop_lut4_I1_O)        0.124     4.767 f  Inst_ov7670_registers/config_finished_OBUF_inst_i_2/O
                         net (fo=40, routed)          0.853     5.620    Inst_i2c_sender/data_sr_reg[31]_0
    SLICE_X39Y3          LUT6 (Prop_lut6_I0_O)        0.124     5.744 r  Inst_i2c_sender/busy_sr[31]_i_1/O
                         net (fo=60, routed)          1.157     6.901    Inst_i2c_sender/busy_sr0
    SLICE_X38Y4          FDRE                                         r  Inst_i2c_sender/busy_sr_reg[5]/CE
  -------------------------------------------------------------------    -------------------

Slack:                    inf
  Source:                 Inst_ov7670_registers/sreg_reg/CLKARDCLK
                            (rising edge-triggered cell RAMB18E1)
  Destination:            Inst_i2c_sender/busy_sr_reg[6]/CE
  Path Group:             (none)
  Path Type:              Max at Slow Process Corner
  Data Path Delay:        6.901ns  (logic 2.826ns (40.952%)  route 4.075ns (59.048%))
  Logic Levels:           4  (LUT4=2 LUT6=1 RAMB18E1=1)

    Location             Delay type                Incr(ns)  Path(ns)    Netlist Resource(s)
  -------------------------------------------------------------------    -------------------
    RAMB18_X2Y0          RAMB18E1                     0.000     0.000 r  Inst_ov7670_registers/sreg_reg/CLKARDCLK
    RAMB18_X2Y0          RAMB18E1 (Prop_ramb18e1_CLKARDCLK_DOADO[11])
                                                      2.454     2.454 f  Inst_ov7670_registers/sreg_reg/DOADO[11]
                         net (fo=2, routed)           1.123     3.577    Inst_ov7670_registers/DOADO[11]
    SLICE_X37Y1          LUT4 (Prop_lut4_I2_O)        0.124     3.701 r  Inst_ov7670_registers/config_finished_OBUF_inst_i_4/O
                         net (fo=1, routed)           0.942     4.643    Inst_ov7670_registers/config_finished_OBUF_inst_i_4_n_0
    SLICE_X36Y0          LUT4 (Prop_lut4_I1_O)        0.124     4.767 f  Inst_ov7670_registers/config_finished_OBUF_inst_i_2/O
                         net (fo=40, routed)          0.853     5.620    Inst_i2c_sender/data_sr_reg[31]_0
    SLICE_X39Y3          LUT6 (Prop_lut6_I0_O)        0.124     5.744 r  Inst_i2c_sender/busy_sr[31]_i_1/O
                         net (fo=60, routed)          1.157     6.901    Inst_i2c_sender/busy_sr0
    SLICE_X38Y4          FDRE                                         r  Inst_i2c_sender/busy_sr_reg[6]/CE
  -------------------------------------------------------------------    -------------------

Slack:                    inf
  Source:                 Inst_ov7670_registers/sreg_reg/CLKARDCLK
                            (rising edge-triggered cell RAMB18E1)
  Destination:            Inst_i2c_sender/busy_sr_reg[7]/CE
  Path Group:             (none)
  Path Type:              Max at Slow Process Corner
  Data Path Delay:        6.901ns  (logic 2.826ns (40.952%)  route 4.075ns (59.048%))
  Logic Levels:           4  (LUT4=2 LUT6=1 RAMB18E1=1)

    Location             Delay type                Incr(ns)  Path(ns)    Netlist Resource(s)
  -------------------------------------------------------------------    -------------------
    RAMB18_X2Y0          RAMB18E1                     0.000     0.000 r  Inst_ov7670_registers/sreg_reg/CLKARDCLK
    RAMB18_X2Y0          RAMB18E1 (Prop_ramb18e1_CLKARDCLK_DOADO[11])
                                                      2.454     2.454 f  Inst_ov7670_registers/sreg_reg/DOADO[11]
                         net (fo=2, routed)           1.123     3.577    Inst_ov7670_registers/DOADO[11]
    SLICE_X37Y1          LUT4 (Prop_lut4_I2_O)        0.124     3.701 r  Inst_ov7670_registers/config_finished_OBUF_inst_i_4/O
                         net (fo=1, routed)           0.942     4.643    Inst_ov7670_registers/config_finished_OBUF_inst_i_4_n_0
    SLICE_X36Y0          LUT4 (Prop_lut4_I1_O)        0.124     4.767 f  Inst_ov7670_registers/config_finished_OBUF_inst_i_2/O
                         net (fo=40, routed)          0.853     5.620    Inst_i2c_sender/data_sr_reg[31]_0
    SLICE_X39Y3          LUT6 (Prop_lut6_I0_O)        0.124     5.744 r  Inst_i2c_sender/busy_sr[31]_i_1/O
                         net (fo=60, routed)          1.157     6.901    Inst_i2c_sender/busy_sr0
    SLICE_X38Y4          FDRE                                         r  Inst_i2c_sender/busy_sr_reg[7]/CE
  -------------------------------------------------------------------    -------------------

Slack:                    inf
  Source:                 Inst_ov7670_registers/sreg_reg/CLKARDCLK
                            (rising edge-triggered cell RAMB18E1)
  Destination:            Inst_i2c_sender/busy_sr_reg[1]/CE
  Path Group:             (none)
  Path Type:              Max at Slow Process Corner
  Data Path Delay:        6.753ns  (logic 2.826ns (41.850%)  route 3.927ns (58.150%))
  Logic Levels:           4  (LUT4=2 LUT6=1 RAMB18E1=1)

    Location             Delay type                Incr(ns)  Path(ns)    Netlist Resource(s)
  -------------------------------------------------------------------    -------------------
    RAMB18_X2Y0          RAMB18E1                     0.000     0.000 r  Inst_ov7670_registers/sreg_reg/CLKARDCLK
    RAMB18_X2Y0          RAMB18E1 (Prop_ramb18e1_CLKARDCLK_DOADO[11])
                                                      2.454     2.454 f  Inst_ov7670_registers/sreg_reg/DOADO[11]
                         net (fo=2, routed)           1.123     3.577    Inst_ov7670_registers/DOADO[11]
    SLICE_X37Y1          LUT4 (Prop_lut4_I2_O)        0.124     3.701 r  Inst_ov7670_registers/config_finished_OBUF_inst_i_4/O
                         net (fo=1, routed)           0.942     4.643    Inst_ov7670_registers/config_finished_OBUF_inst_i_4_n_0
    SLICE_X36Y0          LUT4 (Prop_lut4_I1_O)        0.124     4.767 f  Inst_ov7670_registers/config_finished_OBUF_inst_i_2/O
                         net (fo=40, routed)          0.853     5.620    Inst_i2c_sender/data_sr_reg[31]_0
    SLICE_X39Y3          LUT6 (Prop_lut6_I0_O)        0.124     5.744 r  Inst_i2c_sender/busy_sr[31]_i_1/O
                         net (fo=60, routed)          1.009     6.753    Inst_i2c_sender/busy_sr0
    SLICE_X37Y3          FDRE                                         r  Inst_i2c_sender/busy_sr_reg[1]/CE
  -------------------------------------------------------------------    -------------------

Slack:                    inf
  Source:                 Inst_ov7670_registers/sreg_reg/CLKARDCLK
                            (rising edge-triggered cell RAMB18E1)
  Destination:            Inst_i2c_sender/busy_sr_reg[2]/CE
  Path Group:             (none)
  Path Type:              Max at Slow Process Corner
  Data Path Delay:        6.753ns  (logic 2.826ns (41.850%)  route 3.927ns (58.150%))
  Logic Levels:           4  (LUT4=2 LUT6=1 RAMB18E1=1)

    Location             Delay type                Incr(ns)  Path(ns)    Netlist Resource(s)
  -------------------------------------------------------------------    -------------------
    RAMB18_X2Y0          RAMB18E1                     0.000     0.000 r  Inst_ov7670_registers/sreg_reg/CLKARDCLK
    RAMB18_X2Y0          RAMB18E1 (Prop_ramb18e1_CLKARDCLK_DOADO[11])
                                                      2.454     2.454 f  Inst_ov7670_registers/sreg_reg/DOADO[11]
                         net (fo=2, routed)           1.123     3.577    Inst_ov7670_registers/DOADO[11]
    SLICE_X37Y1          LUT4 (Prop_lut4_I2_O)        0.124     3.701 r  Inst_ov7670_registers/config_finished_OBUF_inst_i_4/O
                         net (fo=1, routed)           0.942     4.643    Inst_ov7670_registers/config_finished_OBUF_inst_i_4_n_0
    SLICE_X36Y0          LUT4 (Prop_lut4_I1_O)        0.124     4.767 f  Inst_ov7670_registers/config_finished_OBUF_inst_i_2/O
                         net (fo=40, routed)          0.853     5.620    Inst_i2c_sender/data_sr_reg[31]_0
    SLICE_X39Y3          LUT6 (Prop_lut6_I0_O)        0.124     5.744 r  Inst_i2c_sender/busy_sr[31]_i_1/O
                         net (fo=60, routed)          1.009     6.753    Inst_i2c_sender/busy_sr0
    SLICE_X37Y3          FDRE                                         r  Inst_i2c_sender/busy_sr_reg[2]/CE
  -------------------------------------------------------------------    -------------------

Slack:                    inf
  Source:                 Inst_ov7670_registers/sreg_reg/CLKARDCLK
                            (rising edge-triggered cell RAMB18E1)
  Destination:            Inst_i2c_sender/busy_sr_reg[31]/CE
  Path Group:             (none)
  Path Type:              Max at Slow Process Corner
  Data Path Delay:        6.753ns  (logic 2.826ns (41.850%)  route 3.927ns (58.150%))
  Logic Levels:           4  (LUT4=2 LUT6=1 RAMB18E1=1)

    Location             Delay type                Incr(ns)  Path(ns)    Netlist Resource(s)
  -------------------------------------------------------------------    -------------------
    RAMB18_X2Y0          RAMB18E1                     0.000     0.000 r  Inst_ov7670_registers/sreg_reg/CLKARDCLK
    RAMB18_X2Y0          RAMB18E1 (Prop_ramb18e1_CLKARDCLK_DOADO[11])
                                                      2.454     2.454 f  Inst_ov7670_registers/sreg_reg/DOADO[11]
                         net (fo=2, routed)           1.123     3.577    Inst_ov7670_registers/DOADO[11]
    SLICE_X37Y1          LUT4 (Prop_lut4_I2_O)        0.124     3.701 r  Inst_ov7670_registers/config_finished_OBUF_inst_i_4/O
                         net (fo=1, routed)           0.942     4.643    Inst_ov7670_registers/config_finished_OBUF_inst_i_4_n_0
    SLICE_X36Y0          LUT4 (Prop_lut4_I1_O)        0.124     4.767 f  Inst_ov7670_registers/config_finished_OBUF_inst_i_2/O
                         net (fo=40, routed)          0.853     5.620    Inst_i2c_sender/data_sr_reg[31]_0
    SLICE_X39Y3          LUT6 (Prop_lut6_I0_O)        0.124     5.744 r  Inst_i2c_sender/busy_sr[31]_i_1/O
                         net (fo=60, routed)          1.009     6.753    Inst_i2c_sender/busy_sr0
    SLICE_X37Y3          FDRE                                         r  Inst_i2c_sender/busy_sr_reg[31]/CE
  -------------------------------------------------------------------    -------------------

Slack:                    inf
  Source:                 Inst_ov7670_registers/sreg_reg/CLKARDCLK
                            (rising edge-triggered cell RAMB18E1)
  Destination:            Inst_i2c_sender/busy_sr_reg[3]/CE
  Path Group:             (none)
  Path Type:              Max at Slow Process Corner
  Data Path Delay:        6.753ns  (logic 2.826ns (41.850%)  route 3.927ns (58.150%))
  Logic Levels:           4  (LUT4=2 LUT6=1 RAMB18E1=1)

    Location             Delay type                Incr(ns)  Path(ns)    Netlist Resource(s)
  -------------------------------------------------------------------    -------------------
    RAMB18_X2Y0          RAMB18E1                     0.000     0.000 r  Inst_ov7670_registers/sreg_reg/CLKARDCLK
    RAMB18_X2Y0          RAMB18E1 (Prop_ramb18e1_CLKARDCLK_DOADO[11])
                                                      2.454     2.454 f  Inst_ov7670_registers/sreg_reg/DOADO[11]
                         net (fo=2, routed)           1.123     3.577    Inst_ov7670_registers/DOADO[11]
    SLICE_X37Y1          LUT4 (Prop_lut4_I2_O)        0.124     3.701 r  Inst_ov7670_registers/config_finished_OBUF_inst_i_4/O
                         net (fo=1, routed)           0.942     4.643    Inst_ov7670_registers/config_finished_OBUF_inst_i_4_n_0
    SLICE_X36Y0          LUT4 (Prop_lut4_I1_O)        0.124     4.767 f  Inst_ov7670_registers/config_finished_OBUF_inst_i_2/O
                         net (fo=40, routed)          0.853     5.620    Inst_i2c_sender/data_sr_reg[31]_0
    SLICE_X39Y3          LUT6 (Prop_lut6_I0_O)        0.124     5.744 r  Inst_i2c_sender/busy_sr[31]_i_1/O
                         net (fo=60, routed)          1.009     6.753    Inst_i2c_sender/busy_sr0
    SLICE_X37Y3          FDRE                                         r  Inst_i2c_sender/busy_sr_reg[3]/CE
  -------------------------------------------------------------------    -------------------

Slack:                    inf
  Source:                 Inst_ov7670_registers/sreg_reg/CLKARDCLK
                            (rising edge-triggered cell RAMB18E1)
  Destination:            Inst_i2c_sender/data_sr_reg[13]/CE
  Path Group:             (none)
  Path Type:              Max at Slow Process Corner
  Data Path Delay:        6.555ns  (logic 2.826ns (43.115%)  route 3.729ns (56.885%))
  Logic Levels:           4  (LUT4=2 LUT6=1 RAMB18E1=1)

    Location             Delay type                Incr(ns)  Path(ns)    Netlist Resource(s)
  -------------------------------------------------------------------    -------------------
    RAMB18_X2Y0          RAMB18E1                     0.000     0.000 r  Inst_ov7670_registers/sreg_reg/CLKARDCLK
    RAMB18_X2Y0          RAMB18E1 (Prop_ramb18e1_CLKARDCLK_DOADO[11])
                                                      2.454     2.454 f  Inst_ov7670_registers/sreg_reg/DOADO[11]
                         net (fo=2, routed)           1.123     3.577    Inst_ov7670_registers/DOADO[11]
    SLICE_X37Y1          LUT4 (Prop_lut4_I2_O)        0.124     3.701 r  Inst_ov7670_registers/config_finished_OBUF_inst_i_4/O
                         net (fo=1, routed)           0.942     4.643    Inst_ov7670_registers/config_finished_OBUF_inst_i_4_n_0
    SLICE_X36Y0          LUT4 (Prop_lut4_I1_O)        0.124     4.767 f  Inst_ov7670_registers/config_finished_OBUF_inst_i_2/O
                         net (fo=40, routed)          0.853     5.620    Inst_i2c_sender/data_sr_reg[31]_0
    SLICE_X39Y3          LUT6 (Prop_lut6_I0_O)        0.124     5.744 r  Inst_i2c_sender/busy_sr[31]_i_1/O
                         net (fo=60, routed)          0.810     6.555    Inst_i2c_sender/busy_sr0
    SLICE_X36Y0          FDRE                                         r  Inst_i2c_sender/data_sr_reg[13]/CE
  -------------------------------------------------------------------    -------------------





Min Delay Paths
--------------------------------------------------------------------------------------
Slack:                    inf
  Source:                 Inst_i2c_sender/data_sr_reg[24]/C
                            (rising edge-triggered cell FDRE)
  Destination:            Inst_i2c_sender/data_sr_reg[25]/D
  Path Group:             (none)
  Path Type:              Min at Fast Process Corner
  Data Path Delay:        0.262ns  (logic 0.141ns (53.880%)  route 0.121ns (46.120%))
  Logic Levels:           1  (FDRE=1)

    Location             Delay type                Incr(ns)  Path(ns)    Netlist Resource(s)
  -------------------------------------------------------------------    -------------------
    SLICE_X36Y2          FDRE                         0.000     0.000 r  Inst_i2c_sender/data_sr_reg[24]/C
    SLICE_X36Y2          FDRE (Prop_fdre_C_Q)         0.141     0.141 r  Inst_i2c_sender/data_sr_reg[24]/Q
                         net (fo=1, routed)           0.121     0.262    Inst_i2c_sender/data_sr_reg_n_0_[24]
    SLICE_X36Y2          FDRE                                         r  Inst_i2c_sender/data_sr_reg[25]/D
  -------------------------------------------------------------------    -------------------

Slack:                    inf
  Source:                 Inst_i2c_sender/data_sr_reg[22]/C
                            (rising edge-triggered cell FDRE)
  Destination:            Inst_i2c_sender/data_sr_reg[23]/D
  Path Group:             (none)
  Path Type:              Min at Fast Process Corner
  Data Path Delay:        0.266ns  (logic 0.141ns (52.942%)  route 0.125ns (47.058%))
  Logic Levels:           1  (FDRE=1)

    Location             Delay type                Incr(ns)  Path(ns)    Netlist Resource(s)
  -------------------------------------------------------------------    -------------------
    SLICE_X36Y3          FDRE                         0.000     0.000 r  Inst_i2c_sender/data_sr_reg[22]/C
    SLICE_X36Y3          FDRE (Prop_fdre_C_Q)         0.141     0.141 r  Inst_i2c_sender/data_sr_reg[22]/Q
                         net (fo=2, routed)           0.125     0.266    Inst_i2c_sender/data_sr_reg_n_0_[22]
    SLICE_X36Y2          FDRE                                         r  Inst_i2c_sender/data_sr_reg[23]/D
  -------------------------------------------------------------------    -------------------

Slack:                    inf
  Source:                 Inst_i2c_sender/taken_reg/C
                            (rising edge-triggered cell FDRE)
  Destination:            Inst_ov7670_registers/address_reg_rep[5]/CE
  Path Group:             (none)
  Path Type:              Min at Fast Process Corner
  Data Path Delay:        0.272ns  (logic 0.141ns (51.783%)  route 0.131ns (48.217%))
  Logic Levels:           1  (FDRE=1)

    Location             Delay type                Incr(ns)  Path(ns)    Netlist Resource(s)
  -------------------------------------------------------------------    -------------------
    SLICE_X36Y3          FDRE                         0.000     0.000 r  Inst_i2c_sender/taken_reg/C
    SLICE_X36Y3          FDRE (Prop_fdre_C_Q)         0.141     0.141 r  Inst_i2c_sender/taken_reg/Q
                         net (fo=9, routed)           0.131     0.272    Inst_ov7670_registers/taken
    SLICE_X36Y5          FDRE                                         r  Inst_ov7670_registers/address_reg_rep[5]/CE
  -------------------------------------------------------------------    -------------------

Slack:                    inf
  Source:                 Inst_i2c_sender/taken_reg/C
                            (rising edge-triggered cell FDRE)
  Destination:            Inst_ov7670_registers/address_reg_rep[6]/CE
  Path Group:             (none)
  Path Type:              Min at Fast Process Corner
  Data Path Delay:        0.272ns  (logic 0.141ns (51.783%)  route 0.131ns (48.217%))
  Logic Levels:           1  (FDRE=1)

    Location             Delay type                Incr(ns)  Path(ns)    Netlist Resource(s)
  -------------------------------------------------------------------    -------------------
    SLICE_X36Y3          FDRE                         0.000     0.000 r  Inst_i2c_sender/taken_reg/C
    SLICE_X36Y3          FDRE (Prop_fdre_C_Q)         0.141     0.141 r  Inst_i2c_sender/taken_reg/Q
                         net (fo=9, routed)           0.131     0.272    Inst_ov7670_registers/taken
    SLICE_X36Y5          FDRE                                         r  Inst_ov7670_registers/address_reg_rep[6]/CE
  -------------------------------------------------------------------    -------------------

Slack:                    inf
  Source:                 Inst_i2c_sender/taken_reg/C
                            (rising edge-triggered cell FDRE)
  Destination:            Inst_ov7670_registers/address_reg_rep[7]/CE
  Path Group:             (none)
  Path Type:              Min at Fast Process Corner
  Data Path Delay:        0.272ns  (logic 0.141ns (51.783%)  route 0.131ns (48.217%))
  Logic Levels:           1  (FDRE=1)

    Location             Delay type                Incr(ns)  Path(ns)    Netlist Resource(s)
  -------------------------------------------------------------------    -------------------
    SLICE_X36Y3          FDRE                         0.000     0.000 r  Inst_i2c_sender/taken_reg/C
    SLICE_X36Y3          FDRE (Prop_fdre_C_Q)         0.141     0.141 r  Inst_i2c_sender/taken_reg/Q
                         net (fo=9, routed)           0.131     0.272    Inst_ov7670_registers/taken
    SLICE_X36Y5          FDRE                                         r  Inst_ov7670_registers/address_reg_rep[7]/CE
  -------------------------------------------------------------------    -------------------

Slack:                    inf
  Source:                 Inst_i2c_sender/data_sr_reg[27]/C
                            (rising edge-triggered cell FDRE)
  Destination:            Inst_i2c_sender/data_sr_reg[28]/D
  Path Group:             (none)
  Path Type:              Min at Fast Process Corner
  Data Path Delay:        0.274ns  (logic 0.141ns (51.546%)  route 0.133ns (48.454%))
  Logic Levels:           1  (FDRE=1)

    Location             Delay type                Incr(ns)  Path(ns)    Netlist Resource(s)
  -------------------------------------------------------------------    -------------------
    SLICE_X36Y3          FDRE                         0.000     0.000 r  Inst_i2c_sender/data_sr_reg[27]/C
    SLICE_X36Y3          FDRE (Prop_fdre_C_Q)         0.141     0.141 r  Inst_i2c_sender/data_sr_reg[27]/Q
                         net (fo=2, routed)           0.133     0.274    Inst_i2c_sender/data_sr_reg_n_0_[27]
    SLICE_X36Y4          FDRE                                         r  Inst_i2c_sender/data_sr_reg[28]/D
  -------------------------------------------------------------------    -------------------

Slack:                    inf
  Source:                 Inst_i2c_sender/data_sr_reg[31]/C
                            (rising edge-triggered cell FDRE)
  Destination:            Inst_i2c_sender/data_sr_reg[31]/D
  Path Group:             (none)
  Path Type:              Min at Fast Process Corner
  Data Path Delay:        0.305ns  (logic 0.186ns (61.042%)  route 0.119ns (38.958%))
  Logic Levels:           2  (FDRE=1 LUT6=1)

    Location             Delay type                Incr(ns)  Path(ns)    Netlist Resource(s)
  -------------------------------------------------------------------    -------------------
    SLICE_X39Y4          FDRE                         0.000     0.000 r  Inst_i2c_sender/data_sr_reg[31]/C
    SLICE_X39Y4          FDRE (Prop_fdre_C_Q)         0.141     0.141 r  Inst_i2c_sender/data_sr_reg[31]/Q
                         net (fo=2, routed)           0.119     0.260    Inst_i2c_sender/siod_OBUF
    SLICE_X39Y4          LUT6 (Prop_lut6_I0_O)        0.045     0.305 r  Inst_i2c_sender/data_sr[31]_i_1/O
                         net (fo=1, routed)           0.000     0.305    Inst_i2c_sender/data_sr[31]_i_1_n_0
    SLICE_X39Y4          FDRE                                         r  Inst_i2c_sender/data_sr_reg[31]/D
  -------------------------------------------------------------------    -------------------

Slack:                    inf
  Source:                 Inst_i2c_sender/data_sr_reg[1]/C
                            (rising edge-triggered cell FDRE)
  Destination:            Inst_i2c_sender/data_sr_reg[2]/D
  Path Group:             (none)
  Path Type:              Min at Fast Process Corner
  Data Path Delay:        0.308ns  (logic 0.128ns (41.585%)  route 0.180ns (58.415%))
  Logic Levels:           1  (FDRE=1)

    Location             Delay type                Incr(ns)  Path(ns)    Netlist Resource(s)
  -------------------------------------------------------------------    -------------------
    SLICE_X37Y2          FDRE                         0.000     0.000 r  Inst_i2c_sender/data_sr_reg[1]/C
    SLICE_X37Y2          FDRE (Prop_fdre_C_Q)         0.128     0.128 r  Inst_i2c_sender/data_sr_reg[1]/Q
                         net (fo=1, routed)           0.180     0.308    Inst_i2c_sender/data_sr_reg_n_0_[1]
    SLICE_X36Y2          FDRE                                         r  Inst_i2c_sender/data_sr_reg[2]/D
  -------------------------------------------------------------------    -------------------

Slack:                    inf
  Source:                 Inst_i2c_sender/data_sr_reg[9]/C
                            (rising edge-triggered cell FDRE)
  Destination:            Inst_i2c_sender/data_sr_reg[10]/D
  Path Group:             (none)
  Path Type:              Min at Fast Process Corner
  Data Path Delay:        0.311ns  (logic 0.226ns (72.621%)  route 0.085ns (27.379%))
  Logic Levels:           2  (FDRE=1 LUT3=1)

    Location             Delay type                Incr(ns)  Path(ns)    Netlist Resource(s)
  -------------------------------------------------------------------    -------------------
    SLICE_X37Y1          FDRE                         0.000     0.000 r  Inst_i2c_sender/data_sr_reg[9]/C
    SLICE_X37Y1          FDRE (Prop_fdre_C_Q)         0.128     0.128 r  Inst_i2c_sender/data_sr_reg[9]/Q
                         net (fo=1, routed)           0.085     0.213    Inst_i2c_sender/data_sr_reg_n_0_[9]
    SLICE_X37Y1          LUT3 (Prop_lut3_I0_O)        0.098     0.311 r  Inst_i2c_sender/data_sr[10]_i_1/O
                         net (fo=1, routed)           0.000     0.311    Inst_i2c_sender/data_sr[10]_i_1_n_0
    SLICE_X37Y1          FDRE                                         r  Inst_i2c_sender/data_sr_reg[10]/D
  -------------------------------------------------------------------    -------------------

Slack:                    inf
  Source:                 Inst_i2c_sender/data_sr_reg[29]/C
                            (rising edge-triggered cell FDRE)
  Destination:            Inst_i2c_sender/data_sr_reg[30]/D
  Path Group:             (none)
  Path Type:              Min at Fast Process Corner
  Data Path Delay:        0.313ns  (logic 0.141ns (45.034%)  route 0.172ns (54.966%))
  Logic Levels:           1  (FDRE=1)

    Location             Delay type                Incr(ns)  Path(ns)    Netlist Resource(s)
  -------------------------------------------------------------------    -------------------
    SLICE_X36Y4          FDRE                         0.000     0.000 r  Inst_i2c_sender/data_sr_reg[29]/C
    SLICE_X36Y4          FDRE (Prop_fdre_C_Q)         0.141     0.141 r  Inst_i2c_sender/data_sr_reg[29]/Q
                         net (fo=1, routed)           0.172     0.313    Inst_i2c_sender/data_sr_reg_n_0_[29]
    SLICE_X36Y4          FDRE                                         r  Inst_i2c_sender/data_sr_reg[30]/D
  -------------------------------------------------------------------    -------------------





