Copyright 1986-2022 Xilinx, Inc. All Rights Reserved. Copyright 2022-2024 Advanced Micro Devices, Inc. All Rights Reserved.
---------------------------------------------------------------------------------------------------------------------------------------------
| Tool Version : Vivado v.2024.1 (win64) Build 5076996 Wed May 22 18:37:14 MDT 2024
| Date         : Fri Jun 12 01:10:39 2026
| Host         : DESKTOP-GTOUM49 running 64-bit major release  (build 9200)
| Command      : report_drc -file ov7670_controller_drc_routed.rpt -pb ov7670_controller_drc_routed.pb -rpx ov7670_controller_drc_routed.rpx
| Design       : ov7670_controller
| Device       : xc7z010clg400-1
| Speed File   : -1
| Design State : Fully Routed
---------------------------------------------------------------------------------------------------------------------------------------------

Report DRC

Table of Contents
-----------------
1. REPORT SUMMARY
2. REPORT DETAILS

1. REPORT SUMMARY
-----------------
            Netlist: netlist
          Floorplan: design_1
      Design limits: <entire design considered>
           Ruledeck: default
             Max violations: <unlimited>
             Violations found: 4
+--------+------------------+---------------------------------+------------+
| Rule   | Severity         | Description                     | Violations |
+--------+------------------+---------------------------------+------------+
| NSTD-1 | Critical Warning | Unspecified I/O Standard        | 1          |
| UCIO-1 | Critical Warning | Unconstrained Logical Port      | 1          |
| RPBF-3 | Warning          | IO port buffering is incomplete | 1          |
| ZPS7-1 | Warning          | PS7 block required              | 1          |
+--------+------------------+---------------------------------+------------+

2. REPORT DETAILS
-----------------
NSTD-1#1 Critical Warning
Unspecified I/O Standard  
8 out of 8 logical ports use I/O standard (IOSTANDARD) value 'DEFAULT', instead of a user assigned specific value. This may cause I/O contention or incompatibility with the board power or connectivity affecting performance, signal integrity or in extreme cases cause damage to the device or the components to which it is connected. To correct this violation, specify all I/O standards. This design will fail to generate a bitstream unless all logical ports have a user specified I/O standard value defined. To allow bitstream creation with unspecified I/O standard values (not recommended), use this command: set_property SEVERITY {Warning} [get_drc_checks NSTD-1].  NOTE: When using the Vivado Runs infrastructure (e.g. launch_runs Tcl command), add this command to a .tcl file and add that file as a pre-hook for write_bitstream step for the implementation run. Problem ports: clk, config_finished, pwdn, resend, reset, sioc, siod, xclk.
Related violations: <none>

UCIO-1#1 Critical Warning
Unconstrained Logical Port  
8 out of 8 logical ports have no user assigned specific location constraint (LOC). This may cause I/O contention or incompatibility with the board power or connectivity affecting performance, signal integrity or in extreme cases cause damage to the device or the components to which it is connected. To correct this violation, specify all pin locations. This design will fail to generate a bitstream unless all logical ports have a user specified site LOC constraint defined.  To allow bitstream creation with unspecified pin locations (not recommended), use this command: set_property SEVERITY {Warning} [get_drc_checks UCIO-1].  NOTE: When using the Vivado Runs infrastructure (e.g. launch_runs Tcl command), add this command to a .tcl file and add that file as a pre-hook for write_bitstream step for the implementation run.  Problem ports: clk, config_finished, pwdn, resend, reset, sioc, siod, xclk.
Related violations: <none>

RPBF-3#1 Warning
IO port buffering is incomplete  
Device port siod expects both input and output buffering but the buffers are incomplete.
Related violations: <none>

ZPS7-1#1 Warning
PS7 block required  
The PS7 cell must be used in this Zynq design in order to enable correct default configuration.
Related violations: <none>


