
*** Running vivado
    with args -log design_1_wrapper.vdi -applog -m64 -product Vivado -messageDb vivado.pb -mode batch -source design_1_wrapper.tcl -notrace



****** Vivado v2024.1 (64-bit)
  **** SW Build 5076996 on Wed May 22 18:37:14 MDT 2024
  **** IP Build 5075265 on Wed May 22 21:45:21 MDT 2024
  **** SharedData Build 5076995 on Wed May 22 18:29:18 MDT 2024
  **** Start of session at: Fri Jun 12 18:25:40 2026
    ** Copyright 1986-2022 Xilinx, Inc. All Rights Reserved.
    ** Copyright 2022-2024 Advanced Micro Devices, Inc. All Rights Reserved.

source design_1_wrapper.tcl -notrace
create_project: Time (s): cpu = 00:00:10 ; elapsed = 00:00:20 . Memory (MB): peak = 498.371 ; gain = 201.266
INFO: [IP_Flow 19-234] Refreshing IP repositories
INFO: [IP_Flow 19-1704] No user IP repositories specified
INFO: [IP_Flow 19-2313] Loaded Vivado IP repository 'E:/xilinx/Vivado/2024.1/data/ip'.
add_files: Time (s): cpu = 00:00:05 ; elapsed = 00:00:28 . Memory (MB): peak = 549.309 ; gain = 50.938
Command: link_design -top design_1_wrapper -part xc7z010clg400-1
Design is defaulting to srcset: sources_1
Design is defaulting to constrset: constrs_1
INFO: [Device 21-403] Loading part xc7z010clg400-1
INFO: [Device 21-9227] Part: xc7z010clg400-1 does not have CEAM library.
INFO: [Project 1-454] Reading design checkpoint 'c:/Users/Arf/Desktop/ip_camera/New folder/IP-Camera-on-board-Antminer-S9/ip_camera/ip_camera.gen/sources_1/bd/design_1/ip/design_1_axi_gpio_0_0/design_1_axi_gpio_0_0.dcp' for cell 'design_1_i/axi_gpio_0'
INFO: [Project 1-454] Reading design checkpoint 'c:/Users/Arf/Desktop/ip_camera/New folder/IP-Camera-on-board-Antminer-S9/ip_camera/ip_camera.gen/sources_1/bd/design_1/ip/design_1_axi_vdma_0_0/design_1_axi_vdma_0_0.dcp' for cell 'design_1_i/axi_vdma_0'
INFO: [Project 1-454] Reading design checkpoint 'c:/Users/Arf/Desktop/ip_camera/New folder/IP-Camera-on-board-Antminer-S9/ip_camera/ip_camera.gen/sources_1/bd/design_1/ip/design_1_axis_data_fifo_0_0/design_1_axis_data_fifo_0_0.dcp' for cell 'design_1_i/axis_data_fifo_0'
INFO: [Project 1-454] Reading design checkpoint 'c:/Users/Arf/Desktop/ip_camera/New folder/IP-Camera-on-board-Antminer-S9/ip_camera/ip_camera.gen/sources_1/bd/design_1/ip/design_1_ov7670_axi_stream_ca_0_0/design_1_ov7670_axi_stream_ca_0_0.dcp' for cell 'design_1_i/ov7670_axi_stream_ca_0'
INFO: [Project 1-454] Reading design checkpoint 'c:/Users/Arf/Desktop/ip_camera/New folder/IP-Camera-on-board-Antminer-S9/ip_camera/ip_camera.gen/sources_1/bd/design_1/ip/design_1_ov7670_controller_0_0/design_1_ov7670_controller_0_0.dcp' for cell 'design_1_i/ov7670_controller_0'
INFO: [Project 1-454] Reading design checkpoint 'c:/Users/Arf/Desktop/ip_camera/New folder/IP-Camera-on-board-Antminer-S9/ip_camera/ip_camera.gen/sources_1/bd/design_1/ip/design_1_proc_sys_reset_0_0/design_1_proc_sys_reset_0_0.dcp' for cell 'design_1_i/proc_sys_reset_0'
INFO: [Project 1-454] Reading design checkpoint 'c:/Users/Arf/Desktop/ip_camera/New folder/IP-Camera-on-board-Antminer-S9/ip_camera/ip_camera.gen/sources_1/bd/design_1/ip/design_1_proc_sys_reset_1_0/design_1_proc_sys_reset_1_0.dcp' for cell 'design_1_i/proc_sys_reset_cam'
INFO: [Project 1-454] Reading design checkpoint 'c:/Users/Arf/Desktop/ip_camera/New folder/IP-Camera-on-board-Antminer-S9/ip_camera/ip_camera.gen/sources_1/bd/design_1/ip/design_1_processing_system7_0_0/design_1_processing_system7_0_0.dcp' for cell 'design_1_i/processing_system7_0'
INFO: [Project 1-454] Reading design checkpoint 'c:/Users/Arf/Desktop/ip_camera/New folder/IP-Camera-on-board-Antminer-S9/ip_camera/ip_camera.gen/sources_1/bd/design_1/ip/design_1_smartconnect_0_0/design_1_smartconnect_0_0.dcp' for cell 'design_1_i/smartconnect_0'
INFO: [Project 1-454] Reading design checkpoint 'c:/Users/Arf/Desktop/ip_camera/New folder/IP-Camera-on-board-Antminer-S9/ip_camera/ip_camera.gen/sources_1/bd/design_1/ip/design_1_smartconnect_1_0/design_1_smartconnect_1_0.dcp' for cell 'design_1_i/smartconnect_1'
Netlist sorting complete. Time (s): cpu = 00:00:01 ; elapsed = 00:00:00.676 . Memory (MB): peak = 1018.406 ; gain = 0.000
INFO: [Netlist 29-17] Analyzing 160 Unisim elements for replacement
INFO: [Netlist 29-28] Unisim Transformation completed in 0 CPU seconds
INFO: [Project 1-479] Netlist was created with Vivado 2024.1
INFO: [Project 1-570] Preparing netlist for logic optimization
INFO: [Opt 31-141] Inserted 1 OBUFs to IO ports without IO buffers.
Parsing XDC File [c:/Users/Arf/Desktop/ip_camera/New folder/IP-Camera-on-board-Antminer-S9/ip_camera/ip_camera.gen/sources_1/bd/design_1/ip/design_1_processing_system7_0_0/design_1_processing_system7_0_0.xdc] for cell 'design_1_i/processing_system7_0/inst'
WARNING: [Vivado 12-2489] -input_jitter contains time 1.249980 which will be rounded to 1.250 to ensure it is an integer multiple of 1 picosecond [c:/Users/Arf/Desktop/ip_camera/New folder/IP-Camera-on-board-Antminer-S9/ip_camera/ip_camera.gen/sources_1/bd/design_1/ip/design_1_processing_system7_0_0/design_1_processing_system7_0_0.xdc:21]
Finished Parsing XDC File [c:/Users/Arf/Desktop/ip_camera/New folder/IP-Camera-on-board-Antminer-S9/ip_camera/ip_camera.gen/sources_1/bd/design_1/ip/design_1_processing_system7_0_0/design_1_processing_system7_0_0.xdc] for cell 'design_1_i/processing_system7_0/inst'
Parsing XDC File [c:/Users/Arf/Desktop/ip_camera/New folder/IP-Camera-on-board-Antminer-S9/ip_camera/ip_camera.gen/sources_1/bd/design_1/ip/design_1_proc_sys_reset_0_0/design_1_proc_sys_reset_0_0_board.xdc] for cell 'design_1_i/proc_sys_reset_0/U0'
Finished Parsing XDC File [c:/Users/Arf/Desktop/ip_camera/New folder/IP-Camera-on-board-Antminer-S9/ip_camera/ip_camera.gen/sources_1/bd/design_1/ip/design_1_proc_sys_reset_0_0/design_1_proc_sys_reset_0_0_board.xdc] for cell 'design_1_i/proc_sys_reset_0/U0'
Parsing XDC File [c:/Users/Arf/Desktop/ip_camera/New folder/IP-Camera-on-board-Antminer-S9/ip_camera/ip_camera.gen/sources_1/bd/design_1/ip/design_1_proc_sys_reset_0_0/design_1_proc_sys_reset_0_0.xdc] for cell 'design_1_i/proc_sys_reset_0/U0'
Finished Parsing XDC File [c:/Users/Arf/Desktop/ip_camera/New folder/IP-Camera-on-board-Antminer-S9/ip_camera/ip_camera.gen/sources_1/bd/design_1/ip/design_1_proc_sys_reset_0_0/design_1_proc_sys_reset_0_0.xdc] for cell 'design_1_i/proc_sys_reset_0/U0'
Parsing XDC File [c:/Users/Arf/Desktop/ip_camera/New folder/IP-Camera-on-board-Antminer-S9/ip_camera/ip_camera.gen/sources_1/bd/design_1/ip/design_1_smartconnect_0_0/bd_0/ip/ip_1/bd_48ac_psr_aclk_0_board.xdc] for cell 'design_1_i/smartconnect_0/inst/clk_map/psr_aclk/U0'
Finished Parsing XDC File [c:/Users/Arf/Desktop/ip_camera/New folder/IP-Camera-on-board-Antminer-S9/ip_camera/ip_camera.gen/sources_1/bd/design_1/ip/design_1_smartconnect_0_0/bd_0/ip/ip_1/bd_48ac_psr_aclk_0_board.xdc] for cell 'design_1_i/smartconnect_0/inst/clk_map/psr_aclk/U0'
Parsing XDC File [c:/Users/Arf/Desktop/ip_camera/New folder/IP-Camera-on-board-Antminer-S9/ip_camera/ip_camera.gen/sources_1/bd/design_1/ip/design_1_smartconnect_0_0/bd_0/ip/ip_1/bd_48ac_psr_aclk_0.xdc] for cell 'design_1_i/smartconnect_0/inst/clk_map/psr_aclk/U0'
Finished Parsing XDC File [c:/Users/Arf/Desktop/ip_camera/New folder/IP-Camera-on-board-Antminer-S9/ip_camera/ip_camera.gen/sources_1/bd/design_1/ip/design_1_smartconnect_0_0/bd_0/ip/ip_1/bd_48ac_psr_aclk_0.xdc] for cell 'design_1_i/smartconnect_0/inst/clk_map/psr_aclk/U0'
Parsing XDC File [c:/Users/Arf/Desktop/ip_camera/New folder/IP-Camera-on-board-Antminer-S9/ip_camera/ip_camera.gen/sources_1/bd/design_1/ip/design_1_smartconnect_0_0/bd_0/ip/ip_12/bd_48ac_arni_0_clocks.xdc] for cell 'design_1_i/smartconnect_0/inst/switchboards/i_nodes/i_ar_node/inst'
WARNING: [Vivado_Tcl 4-921] Waiver ID 'CDC-1' -to list should not be empty. [c:/Users/Arf/Desktop/ip_camera/New folder/IP-Camera-on-board-Antminer-S9/ip_camera/ip_camera.gen/sources_1/bd/design_1/ip/design_1_smartconnect_0_0/bd_0/ip/ip_12/bd_48ac_arni_0_clocks.xdc:49]
WARNING: [Vivado_Tcl 4-921] Waiver ID 'CDC-1' -to list should not be empty. [c:/Users/Arf/Desktop/ip_camera/New folder/IP-Camera-on-board-Antminer-S9/ip_camera/ip_camera.gen/sources_1/bd/design_1/ip/design_1_smartconnect_0_0/bd_0/ip/ip_12/bd_48ac_arni_0_clocks.xdc:52]
WARNING: [Vivado_Tcl 4-921] Waiver ID 'CDC-1' -to list should not be empty. [c:/Users/Arf/Desktop/ip_camera/New folder/IP-Camera-on-board-Antminer-S9/ip_camera/ip_camera.gen/sources_1/bd/design_1/ip/design_1_smartconnect_0_0/bd_0/ip/ip_12/bd_48ac_arni_0_clocks.xdc:55]
WARNING: [Vivado_Tcl 4-921] Waiver ID 'CDC-1' -to list should not be empty. [c:/Users/Arf/Desktop/ip_camera/New folder/IP-Camera-on-board-Antminer-S9/ip_camera/ip_camera.gen/sources_1/bd/design_1/ip/design_1_smartconnect_0_0/bd_0/ip/ip_12/bd_48ac_arni_0_clocks.xdc:59]
WARNING: [Vivado_Tcl 4-921] Waiver ID 'CDC-1' -to list should not be empty. [c:/Users/Arf/Desktop/ip_camera/New folder/IP-Camera-on-board-Antminer-S9/ip_camera/ip_camera.gen/sources_1/bd/design_1/ip/design_1_smartconnect_0_0/bd_0/ip/ip_12/bd_48ac_arni_0_clocks.xdc:66]
WARNING: [Vivado_Tcl 4-921] Waiver ID 'CDC-1' -to list should not be empty. [c:/Users/Arf/Desktop/ip_camera/New folder/IP-Camera-on-board-Antminer-S9/ip_camera/ip_camera.gen/sources_1/bd/design_1/ip/design_1_smartconnect_0_0/bd_0/ip/ip_12/bd_48ac_arni_0_clocks.xdc:70]
WARNING: [Vivado_Tcl 4-921] Waiver ID 'CDC-1' -to list should not be empty. [c:/Users/Arf/Desktop/ip_camera/New folder/IP-Camera-on-board-Antminer-S9/ip_camera/ip_camera.gen/sources_1/bd/design_1/ip/design_1_smartconnect_0_0/bd_0/ip/ip_12/bd_48ac_arni_0_clocks.xdc:82]
WARNING: [Vivado_Tcl 4-921] Waiver ID 'CDC-4' -to list should not be empty. [c:/Users/Arf/Desktop/ip_camera/New folder/IP-Camera-on-board-Antminer-S9/ip_camera/ip_camera.gen/sources_1/bd/design_1/ip/design_1_smartconnect_0_0/bd_0/ip/ip_12/bd_48ac_arni_0_clocks.xdc:85]
WARNING: [Vivado_Tcl 4-921] Waiver ID 'CDC-4' -to list should not be empty. [c:/Users/Arf/Desktop/ip_camera/New folder/IP-Camera-on-board-Antminer-S9/ip_camera/ip_camera.gen/sources_1/bd/design_1/ip/design_1_smartconnect_0_0/bd_0/ip/ip_12/bd_48ac_arni_0_clocks.xdc:88]
WARNING: [Vivado_Tcl 4-921] Waiver ID 'CDC-2' -to list should not be empty. [c:/Users/Arf/Desktop/ip_camera/New folder/IP-Camera-on-board-Antminer-S9/ip_camera/ip_camera.gen/sources_1/bd/design_1/ip/design_1_smartconnect_0_0/bd_0/ip/ip_12/bd_48ac_arni_0_clocks.xdc:91]
WARNING: [Vivado_Tcl 4-921] Waiver ID 'CDC-2' -to list should not be empty. [c:/Users/Arf/Desktop/ip_camera/New folder/IP-Camera-on-board-Antminer-S9/ip_camera/ip_camera.gen/sources_1/bd/design_1/ip/design_1_smartconnect_0_0/bd_0/ip/ip_12/bd_48ac_arni_0_clocks.xdc:94]
WARNING: [Vivado_Tcl 4-921] Waiver ID 'CDC-2' -to list should not be empty. [c:/Users/Arf/Desktop/ip_camera/New folder/IP-Camera-on-board-Antminer-S9/ip_camera/ip_camera.gen/sources_1/bd/design_1/ip/design_1_smartconnect_0_0/bd_0/ip/ip_12/bd_48ac_arni_0_clocks.xdc:97]
WARNING: [Vivado_Tcl 4-921] Waiver ID 'CDC-2' -to list should not be empty. [c:/Users/Arf/Desktop/ip_camera/New folder/IP-Camera-on-board-Antminer-S9/ip_camera/ip_camera.gen/sources_1/bd/design_1/ip/design_1_smartconnect_0_0/bd_0/ip/ip_12/bd_48ac_arni_0_clocks.xdc:100]
WARNING: [Vivado_Tcl 4-921] Waiver ID 'CDC-1' -to list should not be empty. [c:/Users/Arf/Desktop/ip_camera/New folder/IP-Camera-on-board-Antminer-S9/ip_camera/ip_camera.gen/sources_1/bd/design_1/ip/design_1_smartconnect_0_0/bd_0/ip/ip_12/bd_48ac_arni_0_clocks.xdc:104]
WARNING: [Vivado_Tcl 4-921] Waiver ID 'CDC-10' -to list should not be empty. [c:/Users/Arf/Desktop/ip_camera/New folder/IP-Camera-on-board-Antminer-S9/ip_camera/ip_camera.gen/sources_1/bd/design_1/ip/design_1_smartconnect_0_0/bd_0/ip/ip_12/bd_48ac_arni_0_clocks.xdc:107]
WARNING: [Vivado_Tcl 4-921] Waiver ID 'CDC-10' -to list should not be empty. [c:/Users/Arf/Desktop/ip_camera/New folder/IP-Camera-on-board-Antminer-S9/ip_camera/ip_camera.gen/sources_1/bd/design_1/ip/design_1_smartconnect_0_0/bd_0/ip/ip_12/bd_48ac_arni_0_clocks.xdc:110]
WARNING: [Vivado_Tcl 4-921] Waiver ID 'CDC-1' -to list should not be empty. [c:/Users/Arf/Desktop/ip_camera/New folder/IP-Camera-on-board-Antminer-S9/ip_camera/ip_camera.gen/sources_1/bd/design_1/ip/design_1_smartconnect_0_0/bd_0/ip/ip_12/bd_48ac_arni_0_clocks.xdc:113]
WARNING: [Vivado_Tcl 4-921] Waiver ID 'CDC-1' -to list should not be empty. [c:/Users/Arf/Desktop/ip_camera/New folder/IP-Camera-on-board-Antminer-S9/ip_camera/ip_camera.gen/sources_1/bd/design_1/ip/design_1_smartconnect_0_0/bd_0/ip/ip_12/bd_48ac_arni_0_clocks.xdc:116]
WARNING: [Vivado_Tcl 4-921] Waiver ID 'CDC-13' -to list should not be empty. [c:/Users/Arf/Desktop/ip_camera/New folder/IP-Camera-on-board-Antminer-S9/ip_camera/ip_camera.gen/sources_1/bd/design_1/ip/design_1_smartconnect_0_0/bd_0/ip/ip_12/bd_48ac_arni_0_clocks.xdc:122]
WARNING: [Vivado_Tcl 4-921] Waiver ID 'CDC-1' -to list should not be empty. [c:/Users/Arf/Desktop/ip_camera/New folder/IP-Camera-on-board-Antminer-S9/ip_camera/ip_camera.gen/sources_1/bd/design_1/ip/design_1_smartconnect_0_0/bd_0/ip/ip_12/bd_48ac_arni_0_clocks.xdc:125]
WARNING: [Vivado_Tcl 4-921] Waiver ID 'CDC-1' -to list should not be empty. [c:/Users/Arf/Desktop/ip_camera/New folder/IP-Camera-on-board-Antminer-S9/ip_camera/ip_camera.gen/sources_1/bd/design_1/ip/design_1_smartconnect_0_0/bd_0/ip/ip_12/bd_48ac_arni_0_clocks.xdc:128]
WARNING: [Vivado_Tcl 4-921] Waiver ID 'CDC-13' -to list should not be empty. [c:/Users/Arf/Desktop/ip_camera/New folder/IP-Camera-on-board-Antminer-S9/ip_camera/ip_camera.gen/sources_1/bd/design_1/ip/design_1_smartconnect_0_0/bd_0/ip/ip_12/bd_48ac_arni_0_clocks.xdc:131]
WARNING: [Vivado_Tcl 4-921] Waiver ID 'CDC-1' -to list should not be empty. [c:/Users/Arf/Desktop/ip_camera/New folder/IP-Camera-on-board-Antminer-S9/ip_camera/ip_camera.gen/sources_1/bd/design_1/ip/design_1_smartconnect_0_0/bd_0/ip/ip_12/bd_48ac_arni_0_clocks.xdc:134]
WARNING: [Vivado_Tcl 4-921] Waiver ID 'CDC-10' -to list should not be empty. [c:/Users/Arf/Desktop/ip_camera/New folder/IP-Camera-on-board-Antminer-S9/ip_camera/ip_camera.gen/sources_1/bd/design_1/ip/design_1_smartconnect_0_0/bd_0/ip/ip_12/bd_48ac_arni_0_clocks.xdc:137]
WARNING: [Vivado_Tcl 4-921] Waiver ID 'CDC-1' -to list should not be empty. [c:/Users/Arf/Desktop/ip_camera/New folder/IP-Camera-on-board-Antminer-S9/ip_camera/ip_camera.gen/sources_1/bd/design_1/ip/design_1_smartconnect_0_0/bd_0/ip/ip_12/bd_48ac_arni_0_clocks.xdc:140]
WARNING: [Vivado_Tcl 4-921] Waiver ID 'CDC-1' -to list should not be empty. [c:/Users/Arf/Desktop/ip_camera/New folder/IP-Camera-on-board-Antminer-S9/ip_camera/ip_camera.gen/sources_1/bd/design_1/ip/design_1_smartconnect_0_0/bd_0/ip/ip_12/bd_48ac_arni_0_clocks.xdc:143]
WARNING: [Vivado_Tcl 4-921] Waiver ID 'CDC-1' -to list should not be empty. [c:/Users/Arf/Desktop/ip_camera/New folder/IP-Camera-on-board-Antminer-S9/ip_camera/ip_camera.gen/sources_1/bd/design_1/ip/design_1_smartconnect_0_0/bd_0/ip/ip_12/bd_48ac_arni_0_clocks.xdc:146]
WARNING: [Vivado_Tcl 4-921] Waiver ID 'CDC-2' -to list should not be empty. [c:/Users/Arf/Desktop/ip_camera/New folder/IP-Camera-on-board-Antminer-S9/ip_camera/ip_camera.gen/sources_1/bd/design_1/ip/design_1_smartconnect_0_0/bd_0/ip/ip_12/bd_48ac_arni_0_clocks.xdc:149]
WARNING: [Vivado_Tcl 4-921] Waiver ID 'CDC-1' -to list should not be empty. [c:/Users/Arf/Desktop/ip_camera/New folder/IP-Camera-on-board-Antminer-S9/ip_camera/ip_camera.gen/sources_1/bd/design_1/ip/design_1_smartconnect_0_0/bd_0/ip/ip_12/bd_48ac_arni_0_clocks.xdc:152]
WARNING: [Vivado_Tcl 4-921] Waiver ID 'CDC-1' -to list should not be empty. [c:/Users/Arf/Desktop/ip_camera/New folder/IP-Camera-on-board-Antminer-S9/ip_camera/ip_camera.gen/sources_1/bd/design_1/ip/design_1_smartconnect_0_0/bd_0/ip/ip_12/bd_48ac_arni_0_clocks.xdc:155]
WARNING: [Vivado_Tcl 4-921] Waiver ID 'CDC-1' -to list should not be empty. [c:/Users/Arf/Desktop/ip_camera/New folder/IP-Camera-on-board-Antminer-S9/ip_camera/ip_camera.gen/sources_1/bd/design_1/ip/design_1_smartconnect_0_0/bd_0/ip/ip_12/bd_48ac_arni_0_clocks.xdc:158]
WARNING: [Vivado_Tcl 4-921] Waiver ID 'CDC-10' -to list should not be empty. [c:/Users/Arf/Desktop/ip_camera/New folder/IP-Camera-on-board-Antminer-S9/ip_camera/ip_camera.gen/sources_1/bd/design_1/ip/design_1_smartconnect_0_0/bd_0/ip/ip_12/bd_48ac_arni_0_clocks.xdc:161]
WARNING: [Vivado_Tcl 4-921] Waiver ID 'CDC-4' -to list should not be empty. [c:/Users/Arf/Desktop/ip_camera/New folder/IP-Camera-on-board-Antminer-S9/ip_camera/ip_camera.gen/sources_1/bd/design_1/ip/design_1_smartconnect_0_0/bd_0/ip/ip_12/bd_48ac_arni_0_clocks.xdc:164]
WARNING: [Vivado_Tcl 4-921] Waiver ID 'CDC-4' -to list should not be empty. [c:/Users/Arf/Desktop/ip_camera/New folder/IP-Camera-on-board-Antminer-S9/ip_camera/ip_camera.gen/sources_1/bd/design_1/ip/design_1_smartconnect_0_0/bd_0/ip/ip_12/bd_48ac_arni_0_clocks.xdc:167]
WARNING: [Vivado_Tcl 4-921] Waiver ID 'CDC-4' -to list should not be empty. [c:/Users/Arf/Desktop/ip_camera/New folder/IP-Camera-on-board-Antminer-S9/ip_camera/ip_camera.gen/sources_1/bd/design_1/ip/design_1_smartconnect_0_0/bd_0/ip/ip_12/bd_48ac_arni_0_clocks.xdc:171]
WARNING: [Vivado_Tcl 4-921] Waiver ID 'CDC-4' -to list should not be empty. [c:/Users/Arf/Desktop/ip_camera/New folder/IP-Camera-on-board-Antminer-S9/ip_camera/ip_camera.gen/sources_1/bd/design_1/ip/design_1_smartconnect_0_0/bd_0/ip/ip_12/bd_48ac_arni_0_clocks.xdc:174]
WARNING: [Vivado_Tcl 4-921] Waiver ID 'CDC-1' -to list should not be empty. [c:/Users/Arf/Desktop/ip_camera/New folder/IP-Camera-on-board-Antminer-S9/ip_camera/ip_camera.gen/sources_1/bd/design_1/ip/design_1_smartconnect_0_0/bd_0/ip/ip_12/bd_48ac_arni_0_clocks.xdc:178]
WARNING: [Vivado_Tcl 4-935] Waiver ID 'CDC-1' is a duplicate and will not be added again. [c:/Users/Arf/Desktop/ip_camera/New folder/IP-Camera-on-board-Antminer-S9/ip_camera/ip_camera.gen/sources_1/bd/design_1/ip/design_1_smartconnect_0_0/bd_0/ip/ip_12/bd_48ac_arni_0_clocks.xdc:181]
WARNING: [Vivado_Tcl 4-921] Waiver ID 'CDC-13' -to list should not be empty. [c:/Users/Arf/Desktop/ip_camera/New folder/IP-Camera-on-board-Antminer-S9/ip_camera/ip_camera.gen/sources_1/bd/design_1/ip/design_1_smartconnect_0_0/bd_0/ip/ip_12/bd_48ac_arni_0_clocks.xdc:184]
Finished Parsing XDC File [c:/Users/Arf/Desktop/ip_camera/New folder/IP-Camera-on-board-Antminer-S9/ip_camera/ip_camera.gen/sources_1/bd/design_1/ip/design_1_smartconnect_0_0/bd_0/ip/ip_12/bd_48ac_arni_0_clocks.xdc] for cell 'design_1_i/smartconnect_0/inst/switchboards/i_nodes/i_ar_node/inst'
Parsing XDC File [c:/Users/Arf/Desktop/ip_camera/New folder/IP-Camera-on-board-Antminer-S9/ip_camera/ip_camera.gen/sources_1/bd/design_1/ip/design_1_smartconnect_0_0/bd_0/ip/ip_13/bd_48ac_rni_0_clocks.xdc] for cell 'design_1_i/smartconnect_0/inst/switchboards/i_nodes/i_r_node/inst'
WARNING: [Vivado_Tcl 4-921] Waiver ID 'CDC-1' -to list should not be empty. [c:/Users/Arf/Desktop/ip_camera/New folder/IP-Camera-on-board-Antminer-S9/ip_camera/ip_camera.gen/sources_1/bd/design_1/ip/design_1_smartconnect_0_0/bd_0/ip/ip_13/bd_48ac_rni_0_clocks.xdc:49]
WARNING: [Vivado_Tcl 4-921] Waiver ID 'CDC-1' -to list should not be empty. [c:/Users/Arf/Desktop/ip_camera/New folder/IP-Camera-on-board-Antminer-S9/ip_camera/ip_camera.gen/sources_1/bd/design_1/ip/design_1_smartconnect_0_0/bd_0/ip/ip_13/bd_48ac_rni_0_clocks.xdc:52]
WARNING: [Vivado_Tcl 4-921] Waiver ID 'CDC-1' -to list should not be empty. [c:/Users/Arf/Desktop/ip_camera/New folder/IP-Camera-on-board-Antminer-S9/ip_camera/ip_camera.gen/sources_1/bd/design_1/ip/design_1_smartconnect_0_0/bd_0/ip/ip_13/bd_48ac_rni_0_clocks.xdc:55]
WARNING: [Vivado_Tcl 4-921] Waiver ID 'CDC-1' -to list should not be empty. [c:/Users/Arf/Desktop/ip_camera/New folder/IP-Camera-on-board-Antminer-S9/ip_camera/ip_camera.gen/sources_1/bd/design_1/ip/design_1_smartconnect_0_0/bd_0/ip/ip_13/bd_48ac_rni_0_clocks.xdc:59]
WARNING: [Vivado_Tcl 4-921] Waiver ID 'CDC-1' -to list should not be empty. [c:/Users/Arf/Desktop/ip_camera/New folder/IP-Camera-on-board-Antminer-S9/ip_camera/ip_camera.gen/sources_1/bd/design_1/ip/design_1_smartconnect_0_0/bd_0/ip/ip_13/bd_48ac_rni_0_clocks.xdc:66]
WARNING: [Vivado_Tcl 4-921] Waiver ID 'CDC-1' -to list should not be empty. [c:/Users/Arf/Desktop/ip_camera/New folder/IP-Camera-on-board-Antminer-S9/ip_camera/ip_camera.gen/sources_1/bd/design_1/ip/design_1_smartconnect_0_0/bd_0/ip/ip_13/bd_48ac_rni_0_clocks.xdc:70]
WARNING: [Vivado_Tcl 4-921] Waiver ID 'CDC-1' -to list should not be empty. [c:/Users/Arf/Desktop/ip_camera/New folder/IP-Camera-on-board-Antminer-S9/ip_camera/ip_camera.gen/sources_1/bd/design_1/ip/design_1_smartconnect_0_0/bd_0/ip/ip_13/bd_48ac_rni_0_clocks.xdc:82]
WARNING: [Vivado_Tcl 4-921] Waiver ID 'CDC-4' -to list should not be empty. [c:/Users/Arf/Desktop/ip_camera/New folder/IP-Camera-on-board-Antminer-S9/ip_camera/ip_camera.gen/sources_1/bd/design_1/ip/design_1_smartconnect_0_0/bd_0/ip/ip_13/bd_48ac_rni_0_clocks.xdc:85]
WARNING: [Vivado_Tcl 4-921] Waiver ID 'CDC-4' -to list should not be empty. [c:/Users/Arf/Desktop/ip_camera/New folder/IP-Camera-on-board-Antminer-S9/ip_camera/ip_camera.gen/sources_1/bd/design_1/ip/design_1_smartconnect_0_0/bd_0/ip/ip_13/bd_48ac_rni_0_clocks.xdc:88]
WARNING: [Vivado_Tcl 4-921] Waiver ID 'CDC-2' -to list should not be empty. [c:/Users/Arf/Desktop/ip_camera/New folder/IP-Camera-on-board-Antminer-S9/ip_camera/ip_camera.gen/sources_1/bd/design_1/ip/design_1_smartconnect_0_0/bd_0/ip/ip_13/bd_48ac_rni_0_clocks.xdc:91]
WARNING: [Vivado_Tcl 4-921] Waiver ID 'CDC-2' -to list should not be empty. [c:/Users/Arf/Desktop/ip_camera/New folder/IP-Camera-on-board-Antminer-S9/ip_camera/ip_camera.gen/sources_1/bd/design_1/ip/design_1_smartconnect_0_0/bd_0/ip/ip_13/bd_48ac_rni_0_clocks.xdc:94]
WARNING: [Vivado_Tcl 4-921] Waiver ID 'CDC-2' -to list should not be empty. [c:/Users/Arf/Desktop/ip_camera/New folder/IP-Camera-on-board-Antminer-S9/ip_camera/ip_camera.gen/sources_1/bd/design_1/ip/design_1_smartconnect_0_0/bd_0/ip/ip_13/bd_48ac_rni_0_clocks.xdc:97]
WARNING: [Vivado_Tcl 4-921] Waiver ID 'CDC-2' -to list should not be empty. [c:/Users/Arf/Desktop/ip_camera/New folder/IP-Camera-on-board-Antminer-S9/ip_camera/ip_camera.gen/sources_1/bd/design_1/ip/design_1_smartconnect_0_0/bd_0/ip/ip_13/bd_48ac_rni_0_clocks.xdc:100]
WARNING: [Vivado_Tcl 4-921] Waiver ID 'CDC-1' -to list should not be empty. [c:/Users/Arf/Desktop/ip_camera/New folder/IP-Camera-on-board-Antminer-S9/ip_camera/ip_camera.gen/sources_1/bd/design_1/ip/design_1_smartconnect_0_0/bd_0/ip/ip_13/bd_48ac_rni_0_clocks.xdc:104]
WARNING: [Vivado_Tcl 4-921] Waiver ID 'CDC-10' -to list should not be empty. [c:/Users/Arf/Desktop/ip_camera/New folder/IP-Camera-on-board-Antminer-S9/ip_camera/ip_camera.gen/sources_1/bd/design_1/ip/design_1_smartconnect_0_0/bd_0/ip/ip_13/bd_48ac_rni_0_clocks.xdc:107]
WARNING: [Vivado_Tcl 4-921] Waiver ID 'CDC-10' -to list should not be empty. [c:/Users/Arf/Desktop/ip_camera/New folder/IP-Camera-on-board-Antminer-S9/ip_camera/ip_camera.gen/sources_1/bd/design_1/ip/design_1_smartconnect_0_0/bd_0/ip/ip_13/bd_48ac_rni_0_clocks.xdc:110]
WARNING: [Vivado_Tcl 4-921] Waiver ID 'CDC-1' -to list should not be empty. [c:/Users/Arf/Desktop/ip_camera/New folder/IP-Camera-on-board-Antminer-S9/ip_camera/ip_camera.gen/sources_1/bd/design_1/ip/design_1_smartconnect_0_0/bd_0/ip/ip_13/bd_48ac_rni_0_clocks.xdc:113]
WARNING: [Vivado_Tcl 4-921] Waiver ID 'CDC-1' -to list should not be empty. [c:/Users/Arf/Desktop/ip_camera/New folder/IP-Camera-on-board-Antminer-S9/ip_camera/ip_camera.gen/sources_1/bd/design_1/ip/design_1_smartconnect_0_0/bd_0/ip/ip_13/bd_48ac_rni_0_clocks.xdc:116]
WARNING: [Vivado_Tcl 4-921] Waiver ID 'CDC-13' -to list should not be empty. [c:/Users/Arf/Desktop/ip_camera/New folder/IP-Camera-on-board-Antminer-S9/ip_camera/ip_camera.gen/sources_1/bd/design_1/ip/design_1_smartconnect_0_0/bd_0/ip/ip_13/bd_48ac_rni_0_clocks.xdc:122]
WARNING: [Vivado_Tcl 4-921] Waiver ID 'CDC-1' -to list should not be empty. [c:/Users/Arf/Desktop/ip_camera/New folder/IP-Camera-on-board-Antminer-S9/ip_camera/ip_camera.gen/sources_1/bd/design_1/ip/design_1_smartconnect_0_0/bd_0/ip/ip_13/bd_48ac_rni_0_clocks.xdc:125]
WARNING: [Vivado_Tcl 4-921] Waiver ID 'CDC-1' -to list should not be empty. [c:/Users/Arf/Desktop/ip_camera/New folder/IP-Camera-on-board-Antminer-S9/ip_camera/ip_camera.gen/sources_1/bd/design_1/ip/design_1_smartconnect_0_0/bd_0/ip/ip_13/bd_48ac_rni_0_clocks.xdc:128]
WARNING: [Vivado_Tcl 4-921] Waiver ID 'CDC-13' -to list should not be empty. [c:/Users/Arf/Desktop/ip_camera/New folder/IP-Camera-on-board-Antminer-S9/ip_camera/ip_camera.gen/sources_1/bd/design_1/ip/design_1_smartconnect_0_0/bd_0/ip/ip_13/bd_48ac_rni_0_clocks.xdc:131]
WARNING: [Vivado_Tcl 4-921] Waiver ID 'CDC-1' -to list should not be empty. [c:/Users/Arf/Desktop/ip_camera/New folder/IP-Camera-on-board-Antminer-S9/ip_camera/ip_camera.gen/sources_1/bd/design_1/ip/design_1_smartconnect_0_0/bd_0/ip/ip_13/bd_48ac_rni_0_clocks.xdc:134]
WARNING: [Vivado_Tcl 4-921] Waiver ID 'CDC-10' -to list should not be empty. [c:/Users/Arf/Desktop/ip_camera/New folder/IP-Camera-on-board-Antminer-S9/ip_camera/ip_camera.gen/sources_1/bd/design_1/ip/design_1_smartconnect_0_0/bd_0/ip/ip_13/bd_48ac_rni_0_clocks.xdc:137]
WARNING: [Vivado_Tcl 4-921] Waiver ID 'CDC-1' -to list should not be empty. [c:/Users/Arf/Desktop/ip_camera/New folder/IP-Camera-on-board-Antminer-S9/ip_camera/ip_camera.gen/sources_1/bd/design_1/ip/design_1_smartconnect_0_0/bd_0/ip/ip_13/bd_48ac_rni_0_clocks.xdc:140]
WARNING: [Vivado_Tcl 4-921] Waiver ID 'CDC-1' -to list should not be empty. [c:/Users/Arf/Desktop/ip_camera/New folder/IP-Camera-on-board-Antminer-S9/ip_camera/ip_camera.gen/sources_1/bd/design_1/ip/design_1_smartconnect_0_0/bd_0/ip/ip_13/bd_48ac_rni_0_clocks.xdc:143]
WARNING: [Vivado_Tcl 4-921] Waiver ID 'CDC-1' -to list should not be empty. [c:/Users/Arf/Desktop/ip_camera/New folder/IP-Camera-on-board-Antminer-S9/ip_camera/ip_camera.gen/sources_1/bd/design_1/ip/design_1_smartconnect_0_0/bd_0/ip/ip_13/bd_48ac_rni_0_clocks.xdc:146]
WARNING: [Vivado_Tcl 4-921] Waiver ID 'CDC-2' -to list should not be empty. [c:/Users/Arf/Desktop/ip_camera/New folder/IP-Camera-on-board-Antminer-S9/ip_camera/ip_camera.gen/sources_1/bd/design_1/ip/design_1_smartconnect_0_0/bd_0/ip/ip_13/bd_48ac_rni_0_clocks.xdc:149]
WARNING: [Vivado_Tcl 4-921] Waiver ID 'CDC-1' -to list should not be empty. [c:/Users/Arf/Desktop/ip_camera/New folder/IP-Camera-on-board-Antminer-S9/ip_camera/ip_camera.gen/sources_1/bd/design_1/ip/design_1_smartconnect_0_0/bd_0/ip/ip_13/bd_48ac_rni_0_clocks.xdc:152]
WARNING: [Vivado_Tcl 4-921] Waiver ID 'CDC-1' -to list should not be empty. [c:/Users/Arf/Desktop/ip_camera/New folder/IP-Camera-on-board-Antminer-S9/ip_camera/ip_camera.gen/sources_1/bd/design_1/ip/design_1_smartconnect_0_0/bd_0/ip/ip_13/bd_48ac_rni_0_clocks.xdc:155]
WARNING: [Vivado_Tcl 4-921] Waiver ID 'CDC-1' -to list should not be empty. [c:/Users/Arf/Desktop/ip_camera/New folder/IP-Camera-on-board-Antminer-S9/ip_camera/ip_camera.gen/sources_1/bd/design_1/ip/design_1_smartconnect_0_0/bd_0/ip/ip_13/bd_48ac_rni_0_clocks.xdc:158]
WARNING: [Vivado_Tcl 4-921] Waiver ID 'CDC-10' -to list should not be empty. [c:/Users/Arf/Desktop/ip_camera/New folder/IP-Camera-on-board-Antminer-S9/ip_camera/ip_camera.gen/sources_1/bd/design_1/ip/design_1_smartconnect_0_0/bd_0/ip/ip_13/bd_48ac_rni_0_clocks.xdc:161]
WARNING: [Vivado_Tcl 4-921] Waiver ID 'CDC-4' -to list should not be empty. [c:/Users/Arf/Desktop/ip_camera/New folder/IP-Camera-on-board-Antminer-S9/ip_camera/ip_camera.gen/sources_1/bd/design_1/ip/design_1_smartconnect_0_0/bd_0/ip/ip_13/bd_48ac_rni_0_clocks.xdc:164]
WARNING: [Vivado_Tcl 4-921] Waiver ID 'CDC-4' -to list should not be empty. [c:/Users/Arf/Desktop/ip_camera/New folder/IP-Camera-on-board-Antminer-S9/ip_camera/ip_camera.gen/sources_1/bd/design_1/ip/design_1_smartconnect_0_0/bd_0/ip/ip_13/bd_48ac_rni_0_clocks.xdc:167]
WARNING: [Vivado_Tcl 4-921] Waiver ID 'CDC-4' -to list should not be empty. [c:/Users/Arf/Desktop/ip_camera/New folder/IP-Camera-on-board-Antminer-S9/ip_camera/ip_camera.gen/sources_1/bd/design_1/ip/design_1_smartconnect_0_0/bd_0/ip/ip_13/bd_48ac_rni_0_clocks.xdc:171]
WARNING: [Vivado_Tcl 4-921] Waiver ID 'CDC-4' -to list should not be empty. [c:/Users/Arf/Desktop/ip_camera/New folder/IP-Camera-on-board-Antminer-S9/ip_camera/ip_camera.gen/sources_1/bd/design_1/ip/design_1_smartconnect_0_0/bd_0/ip/ip_13/bd_48ac_rni_0_clocks.xdc:174]
WARNING: [Vivado_Tcl 4-921] Waiver ID 'CDC-1' -to list should not be empty. [c:/Users/Arf/Desktop/ip_camera/New folder/IP-Camera-on-board-Antminer-S9/ip_camera/ip_camera.gen/sources_1/bd/design_1/ip/design_1_smartconnect_0_0/bd_0/ip/ip_13/bd_48ac_rni_0_clocks.xdc:178]
WARNING: [Vivado_Tcl 4-935] Waiver ID 'CDC-1' is a duplicate and will not be added again. [c:/Users/Arf/Desktop/ip_camera/New folder/IP-Camera-on-board-Antminer-S9/ip_camera/ip_camera.gen/sources_1/bd/design_1/ip/design_1_smartconnect_0_0/bd_0/ip/ip_13/bd_48ac_rni_0_clocks.xdc:181]
WARNING: [Vivado_Tcl 4-921] Waiver ID 'CDC-13' -to list should not be empty. [c:/Users/Arf/Desktop/ip_camera/New folder/IP-Camera-on-board-Antminer-S9/ip_camera/ip_camera.gen/sources_1/bd/design_1/ip/design_1_smartconnect_0_0/bd_0/ip/ip_13/bd_48ac_rni_0_clocks.xdc:184]
Finished Parsing XDC File [c:/Users/Arf/Desktop/ip_camera/New folder/IP-Camera-on-board-Antminer-S9/ip_camera/ip_camera.gen/sources_1/bd/design_1/ip/design_1_smartconnect_0_0/bd_0/ip/ip_13/bd_48ac_rni_0_clocks.xdc] for cell 'design_1_i/smartconnect_0/inst/switchboards/i_nodes/i_r_node/inst'
Parsing XDC File [c:/Users/Arf/Desktop/ip_camera/New folder/IP-Camera-on-board-Antminer-S9/ip_camera/ip_camera.gen/sources_1/bd/design_1/ip/design_1_smartconnect_0_0/bd_0/ip/ip_14/bd_48ac_awni_0_clocks.xdc] for cell 'design_1_i/smartconnect_0/inst/switchboards/i_nodes/i_aw_node/inst'
WARNING: [Vivado_Tcl 4-921] Waiver ID 'CDC-1' -to list should not be empty. [c:/Users/Arf/Desktop/ip_camera/New folder/IP-Camera-on-board-Antminer-S9/ip_camera/ip_camera.gen/sources_1/bd/design_1/ip/design_1_smartconnect_0_0/bd_0/ip/ip_14/bd_48ac_awni_0_clocks.xdc:49]
WARNING: [Vivado_Tcl 4-921] Waiver ID 'CDC-1' -to list should not be empty. [c:/Users/Arf/Desktop/ip_camera/New folder/IP-Camera-on-board-Antminer-S9/ip_camera/ip_camera.gen/sources_1/bd/design_1/ip/design_1_smartconnect_0_0/bd_0/ip/ip_14/bd_48ac_awni_0_clocks.xdc:52]
WARNING: [Vivado_Tcl 4-921] Waiver ID 'CDC-1' -to list should not be empty. [c:/Users/Arf/Desktop/ip_camera/New folder/IP-Camera-on-board-Antminer-S9/ip_camera/ip_camera.gen/sources_1/bd/design_1/ip/design_1_smartconnect_0_0/bd_0/ip/ip_14/bd_48ac_awni_0_clocks.xdc:55]
WARNING: [Vivado_Tcl 4-921] Waiver ID 'CDC-1' -to list should not be empty. [c:/Users/Arf/Desktop/ip_camera/New folder/IP-Camera-on-board-Antminer-S9/ip_camera/ip_camera.gen/sources_1/bd/design_1/ip/design_1_smartconnect_0_0/bd_0/ip/ip_14/bd_48ac_awni_0_clocks.xdc:59]
WARNING: [Vivado_Tcl 4-921] Waiver ID 'CDC-1' -to list should not be empty. [c:/Users/Arf/Desktop/ip_camera/New folder/IP-Camera-on-board-Antminer-S9/ip_camera/ip_camera.gen/sources_1/bd/design_1/ip/design_1_smartconnect_0_0/bd_0/ip/ip_14/bd_48ac_awni_0_clocks.xdc:66]
WARNING: [Vivado_Tcl 4-921] Waiver ID 'CDC-1' -to list should not be empty. [c:/Users/Arf/Desktop/ip_camera/New folder/IP-Camera-on-board-Antminer-S9/ip_camera/ip_camera.gen/sources_1/bd/design_1/ip/design_1_smartconnect_0_0/bd_0/ip/ip_14/bd_48ac_awni_0_clocks.xdc:70]
WARNING: [Vivado_Tcl 4-921] Waiver ID 'CDC-1' -to list should not be empty. [c:/Users/Arf/Desktop/ip_camera/New folder/IP-Camera-on-board-Antminer-S9/ip_camera/ip_camera.gen/sources_1/bd/design_1/ip/design_1_smartconnect_0_0/bd_0/ip/ip_14/bd_48ac_awni_0_clocks.xdc:82]
WARNING: [Vivado_Tcl 4-921] Waiver ID 'CDC-4' -to list should not be empty. [c:/Users/Arf/Desktop/ip_camera/New folder/IP-Camera-on-board-Antminer-S9/ip_camera/ip_camera.gen/sources_1/bd/design_1/ip/design_1_smartconnect_0_0/bd_0/ip/ip_14/bd_48ac_awni_0_clocks.xdc:85]
WARNING: [Vivado_Tcl 4-921] Waiver ID 'CDC-4' -to list should not be empty. [c:/Users/Arf/Desktop/ip_camera/New folder/IP-Camera-on-board-Antminer-S9/ip_camera/ip_camera.gen/sources_1/bd/design_1/ip/design_1_smartconnect_0_0/bd_0/ip/ip_14/bd_48ac_awni_0_clocks.xdc:88]
WARNING: [Vivado_Tcl 4-921] Waiver ID 'CDC-2' -to list should not be empty. [c:/Users/Arf/Desktop/ip_camera/New folder/IP-Camera-on-board-Antminer-S9/ip_camera/ip_camera.gen/sources_1/bd/design_1/ip/design_1_smartconnect_0_0/bd_0/ip/ip_14/bd_48ac_awni_0_clocks.xdc:91]
WARNING: [Vivado_Tcl 4-921] Waiver ID 'CDC-2' -to list should not be empty. [c:/Users/Arf/Desktop/ip_camera/New folder/IP-Camera-on-board-Antminer-S9/ip_camera/ip_camera.gen/sources_1/bd/design_1/ip/design_1_smartconnect_0_0/bd_0/ip/ip_14/bd_48ac_awni_0_clocks.xdc:94]
WARNING: [Vivado_Tcl 4-921] Waiver ID 'CDC-2' -to list should not be empty. [c:/Users/Arf/Desktop/ip_camera/New folder/IP-Camera-on-board-Antminer-S9/ip_camera/ip_camera.gen/sources_1/bd/design_1/ip/design_1_smartconnect_0_0/bd_0/ip/ip_14/bd_48ac_awni_0_clocks.xdc:97]
WARNING: [Vivado_Tcl 4-921] Waiver ID 'CDC-2' -to list should not be empty. [c:/Users/Arf/Desktop/ip_camera/New folder/IP-Camera-on-board-Antminer-S9/ip_camera/ip_camera.gen/sources_1/bd/design_1/ip/design_1_smartconnect_0_0/bd_0/ip/ip_14/bd_48ac_awni_0_clocks.xdc:100]
WARNING: [Vivado_Tcl 4-921] Waiver ID 'CDC-1' -to list should not be empty. [c:/Users/Arf/Desktop/ip_camera/New folder/IP-Camera-on-board-Antminer-S9/ip_camera/ip_camera.gen/sources_1/bd/design_1/ip/design_1_smartconnect_0_0/bd_0/ip/ip_14/bd_48ac_awni_0_clocks.xdc:104]
WARNING: [Vivado_Tcl 4-921] Waiver ID 'CDC-10' -to list should not be empty. [c:/Users/Arf/Desktop/ip_camera/New folder/IP-Camera-on-board-Antminer-S9/ip_camera/ip_camera.gen/sources_1/bd/design_1/ip/design_1_smartconnect_0_0/bd_0/ip/ip_14/bd_48ac_awni_0_clocks.xdc:107]
WARNING: [Vivado_Tcl 4-921] Waiver ID 'CDC-10' -to list should not be empty. [c:/Users/Arf/Desktop/ip_camera/New folder/IP-Camera-on-board-Antminer-S9/ip_camera/ip_camera.gen/sources_1/bd/design_1/ip/design_1_smartconnect_0_0/bd_0/ip/ip_14/bd_48ac_awni_0_clocks.xdc:110]
WARNING: [Vivado_Tcl 4-921] Waiver ID 'CDC-1' -to list should not be empty. [c:/Users/Arf/Desktop/ip_camera/New folder/IP-Camera-on-board-Antminer-S9/ip_camera/ip_camera.gen/sources_1/bd/design_1/ip/design_1_smartconnect_0_0/bd_0/ip/ip_14/bd_48ac_awni_0_clocks.xdc:113]
INFO: [Common 17-14] Message 'Vivado 12-180' appears 100 times and further instances of the messages will be disabled. Use the Tcl command set_msg_config to change the current settings. [c:/Users/Arf/Desktop/ip_camera/New folder/IP-Camera-on-board-Antminer-S9/ip_camera/ip_camera.gen/sources_1/bd/design_1/ip/design_1_smartconnect_0_0/bd_0/ip/ip_14/bd_48ac_awni_0_clocks.xdc:116]
WARNING: [Vivado_Tcl 4-921] Waiver ID 'CDC-1' -to list should not be empty. [c:/Users/Arf/Desktop/ip_camera/New folder/IP-Camera-on-board-Antminer-S9/ip_camera/ip_camera.gen/sources_1/bd/design_1/ip/design_1_smartconnect_0_0/bd_0/ip/ip_14/bd_48ac_awni_0_clocks.xdc:116]
WARNING: [Vivado_Tcl 4-921] Waiver ID 'CDC-13' -to list should not be empty. [c:/Users/Arf/Desktop/ip_camera/New folder/IP-Camera-on-board-Antminer-S9/ip_camera/ip_camera.gen/sources_1/bd/design_1/ip/design_1_smartconnect_0_0/bd_0/ip/ip_14/bd_48ac_awni_0_clocks.xdc:122]
WARNING: [Vivado_Tcl 4-921] Waiver ID 'CDC-1' -to list should not be empty. [c:/Users/Arf/Desktop/ip_camera/New folder/IP-Camera-on-board-Antminer-S9/ip_camera/ip_camera.gen/sources_1/bd/design_1/ip/design_1_smartconnect_0_0/bd_0/ip/ip_14/bd_48ac_awni_0_clocks.xdc:125]
WARNING: [Vivado_Tcl 4-921] Waiver ID 'CDC-1' -to list should not be empty. [c:/Users/Arf/Desktop/ip_camera/New folder/IP-Camera-on-board-Antminer-S9/ip_camera/ip_camera.gen/sources_1/bd/design_1/ip/design_1_smartconnect_0_0/bd_0/ip/ip_14/bd_48ac_awni_0_clocks.xdc:128]
WARNING: [Vivado_Tcl 4-921] Waiver ID 'CDC-13' -to list should not be empty. [c:/Users/Arf/Desktop/ip_camera/New folder/IP-Camera-on-board-Antminer-S9/ip_camera/ip_camera.gen/sources_1/bd/design_1/ip/design_1_smartconnect_0_0/bd_0/ip/ip_14/bd_48ac_awni_0_clocks.xdc:131]
WARNING: [Vivado_Tcl 4-921] Waiver ID 'CDC-1' -to list should not be empty. [c:/Users/Arf/Desktop/ip_camera/New folder/IP-Camera-on-board-Antminer-S9/ip_camera/ip_camera.gen/sources_1/bd/design_1/ip/design_1_smartconnect_0_0/bd_0/ip/ip_14/bd_48ac_awni_0_clocks.xdc:134]
WARNING: [Vivado_Tcl 4-921] Waiver ID 'CDC-10' -to list should not be empty. [c:/Users/Arf/Desktop/ip_camera/New folder/IP-Camera-on-board-Antminer-S9/ip_camera/ip_camera.gen/sources_1/bd/design_1/ip/design_1_smartconnect_0_0/bd_0/ip/ip_14/bd_48ac_awni_0_clocks.xdc:137]
INFO: [Common 17-14] Message 'Vivado_Tcl 4-921' appears 100 times and further instances of the messages will be disabled. Use the Tcl command set_msg_config to change the current settings. [c:/Users/Arf/Desktop/ip_camera/New folder/IP-Camera-on-board-Antminer-S9/ip_camera/ip_camera.gen/sources_1/bd/design_1/ip/design_1_smartconnect_0_0/bd_0/ip/ip_14/bd_48ac_awni_0_clocks.xdc:137]
WARNING: [Vivado_Tcl 4-935] Waiver ID 'CDC-1' is a duplicate and will not be added again. [c:/Users/Arf/Desktop/ip_camera/New folder/IP-Camera-on-board-Antminer-S9/ip_camera/ip_camera.gen/sources_1/bd/design_1/ip/design_1_smartconnect_0_0/bd_0/ip/ip_14/bd_48ac_awni_0_clocks.xdc:181]
Finished Parsing XDC File [c:/Users/Arf/Desktop/ip_camera/New folder/IP-Camera-on-board-Antminer-S9/ip_camera/ip_camera.gen/sources_1/bd/design_1/ip/design_1_smartconnect_0_0/bd_0/ip/ip_14/bd_48ac_awni_0_clocks.xdc] for cell 'design_1_i/smartconnect_0/inst/switchboards/i_nodes/i_aw_node/inst'
Parsing XDC File [c:/Users/Arf/Desktop/ip_camera/New folder/IP-Camera-on-board-Antminer-S9/ip_camera/ip_camera.gen/sources_1/bd/design_1/ip/design_1_smartconnect_0_0/bd_0/ip/ip_15/bd_48ac_wni_0_clocks.xdc] for cell 'design_1_i/smartconnect_0/inst/switchboards/i_nodes/i_w_node/inst'
WARNING: [Vivado_Tcl 4-935] Waiver ID 'CDC-1' is a duplicate and will not be added again. [c:/Users/Arf/Desktop/ip_camera/New folder/IP-Camera-on-board-Antminer-S9/ip_camera/ip_camera.gen/sources_1/bd/design_1/ip/design_1_smartconnect_0_0/bd_0/ip/ip_15/bd_48ac_wni_0_clocks.xdc:181]
Finished Parsing XDC File [c:/Users/Arf/Desktop/ip_camera/New folder/IP-Camera-on-board-Antminer-S9/ip_camera/ip_camera.gen/sources_1/bd/design_1/ip/design_1_smartconnect_0_0/bd_0/ip/ip_15/bd_48ac_wni_0_clocks.xdc] for cell 'design_1_i/smartconnect_0/inst/switchboards/i_nodes/i_w_node/inst'
Parsing XDC File [c:/Users/Arf/Desktop/ip_camera/New folder/IP-Camera-on-board-Antminer-S9/ip_camera/ip_camera.gen/sources_1/bd/design_1/ip/design_1_smartconnect_0_0/bd_0/ip/ip_16/bd_48ac_bni_0_clocks.xdc] for cell 'design_1_i/smartconnect_0/inst/switchboards/i_nodes/i_b_node/inst'
WARNING: [Vivado_Tcl 4-935] Waiver ID 'CDC-1' is a duplicate and will not be added again. [c:/Users/Arf/Desktop/ip_camera/New folder/IP-Camera-on-board-Antminer-S9/ip_camera/ip_camera.gen/sources_1/bd/design_1/ip/design_1_smartconnect_0_0/bd_0/ip/ip_16/bd_48ac_bni_0_clocks.xdc:181]
Finished Parsing XDC File [c:/Users/Arf/Desktop/ip_camera/New folder/IP-Camera-on-board-Antminer-S9/ip_camera/ip_camera.gen/sources_1/bd/design_1/ip/design_1_smartconnect_0_0/bd_0/ip/ip_16/bd_48ac_bni_0_clocks.xdc] for cell 'design_1_i/smartconnect_0/inst/switchboards/i_nodes/i_b_node/inst'
Parsing XDC File [c:/Users/Arf/Desktop/ip_camera/New folder/IP-Camera-on-board-Antminer-S9/ip_camera/ip_camera.gen/sources_1/bd/design_1/ip/design_1_smartconnect_0_0/bd_0/ip/ip_21/bd_48ac_sarn_0_clocks.xdc] for cell 'design_1_i/smartconnect_0/inst/s00_nodes/s00_ar_node/inst'
Finished Parsing XDC File [c:/Users/Arf/Desktop/ip_camera/New folder/IP-Camera-on-board-Antminer-S9/ip_camera/ip_camera.gen/sources_1/bd/design_1/ip/design_1_smartconnect_0_0/bd_0/ip/ip_21/bd_48ac_sarn_0_clocks.xdc] for cell 'design_1_i/smartconnect_0/inst/s00_nodes/s00_ar_node/inst'
Parsing XDC File [c:/Users/Arf/Desktop/ip_camera/New folder/IP-Camera-on-board-Antminer-S9/ip_camera/ip_camera.gen/sources_1/bd/design_1/ip/design_1_smartconnect_0_0/bd_0/ip/ip_22/bd_48ac_srn_0_clocks.xdc] for cell 'design_1_i/smartconnect_0/inst/s00_nodes/s00_r_node/inst'
Finished Parsing XDC File [c:/Users/Arf/Desktop/ip_camera/New folder/IP-Camera-on-board-Antminer-S9/ip_camera/ip_camera.gen/sources_1/bd/design_1/ip/design_1_smartconnect_0_0/bd_0/ip/ip_22/bd_48ac_srn_0_clocks.xdc] for cell 'design_1_i/smartconnect_0/inst/s00_nodes/s00_r_node/inst'
Parsing XDC File [c:/Users/Arf/Desktop/ip_camera/New folder/IP-Camera-on-board-Antminer-S9/ip_camera/ip_camera.gen/sources_1/bd/design_1/ip/design_1_smartconnect_0_0/bd_0/ip/ip_23/bd_48ac_sawn_0_clocks.xdc] for cell 'design_1_i/smartconnect_0/inst/s00_nodes/s00_aw_node/inst'
Finished Parsing XDC File [c:/Users/Arf/Desktop/ip_camera/New folder/IP-Camera-on-board-Antminer-S9/ip_camera/ip_camera.gen/sources_1/bd/design_1/ip/design_1_smartconnect_0_0/bd_0/ip/ip_23/bd_48ac_sawn_0_clocks.xdc] for cell 'design_1_i/smartconnect_0/inst/s00_nodes/s00_aw_node/inst'
Parsing XDC File [c:/Users/Arf/Desktop/ip_camera/New folder/IP-Camera-on-board-Antminer-S9/ip_camera/ip_camera.gen/sources_1/bd/design_1/ip/design_1_smartconnect_0_0/bd_0/ip/ip_24/bd_48ac_swn_0_clocks.xdc] for cell 'design_1_i/smartconnect_0/inst/s00_nodes/s00_w_node/inst'
Finished Parsing XDC File [c:/Users/Arf/Desktop/ip_camera/New folder/IP-Camera-on-board-Antminer-S9/ip_camera/ip_camera.gen/sources_1/bd/design_1/ip/design_1_smartconnect_0_0/bd_0/ip/ip_24/bd_48ac_swn_0_clocks.xdc] for cell 'design_1_i/smartconnect_0/inst/s00_nodes/s00_w_node/inst'
Parsing XDC File [c:/Users/Arf/Desktop/ip_camera/New folder/IP-Camera-on-board-Antminer-S9/ip_camera/ip_camera.gen/sources_1/bd/design_1/ip/design_1_smartconnect_0_0/bd_0/ip/ip_25/bd_48ac_sbn_0_clocks.xdc] for cell 'design_1_i/smartconnect_0/inst/s00_nodes/s00_b_node/inst'
Finished Parsing XDC File [c:/Users/Arf/Desktop/ip_camera/New folder/IP-Camera-on-board-Antminer-S9/ip_camera/ip_camera.gen/sources_1/bd/design_1/ip/design_1_smartconnect_0_0/bd_0/ip/ip_25/bd_48ac_sbn_0_clocks.xdc] for cell 'design_1_i/smartconnect_0/inst/s00_nodes/s00_b_node/inst'
Parsing XDC File [c:/Users/Arf/Desktop/ip_camera/New folder/IP-Camera-on-board-Antminer-S9/ip_camera/ip_camera.gen/sources_1/bd/design_1/ip/design_1_smartconnect_0_0/bd_0/ip/ip_27/bd_48ac_m00arn_0_clocks.xdc] for cell 'design_1_i/smartconnect_0/inst/m00_nodes/m00_ar_node/inst'
Finished Parsing XDC File [c:/Users/Arf/Desktop/ip_camera/New folder/IP-Camera-on-board-Antminer-S9/ip_camera/ip_camera.gen/sources_1/bd/design_1/ip/design_1_smartconnect_0_0/bd_0/ip/ip_27/bd_48ac_m00arn_0_clocks.xdc] for cell 'design_1_i/smartconnect_0/inst/m00_nodes/m00_ar_node/inst'
Parsing XDC File [c:/Users/Arf/Desktop/ip_camera/New folder/IP-Camera-on-board-Antminer-S9/ip_camera/ip_camera.gen/sources_1/bd/design_1/ip/design_1_smartconnect_0_0/bd_0/ip/ip_28/bd_48ac_m00rn_0_clocks.xdc] for cell 'design_1_i/smartconnect_0/inst/m00_nodes/m00_r_node/inst'
Finished Parsing XDC File [c:/Users/Arf/Desktop/ip_camera/New folder/IP-Camera-on-board-Antminer-S9/ip_camera/ip_camera.gen/sources_1/bd/design_1/ip/design_1_smartconnect_0_0/bd_0/ip/ip_28/bd_48ac_m00rn_0_clocks.xdc] for cell 'design_1_i/smartconnect_0/inst/m00_nodes/m00_r_node/inst'
Parsing XDC File [c:/Users/Arf/Desktop/ip_camera/New folder/IP-Camera-on-board-Antminer-S9/ip_camera/ip_camera.gen/sources_1/bd/design_1/ip/design_1_smartconnect_0_0/bd_0/ip/ip_29/bd_48ac_m00awn_0_clocks.xdc] for cell 'design_1_i/smartconnect_0/inst/m00_nodes/m00_aw_node/inst'
Finished Parsing XDC File [c:/Users/Arf/Desktop/ip_camera/New folder/IP-Camera-on-board-Antminer-S9/ip_camera/ip_camera.gen/sources_1/bd/design_1/ip/design_1_smartconnect_0_0/bd_0/ip/ip_29/bd_48ac_m00awn_0_clocks.xdc] for cell 'design_1_i/smartconnect_0/inst/m00_nodes/m00_aw_node/inst'
Parsing XDC File [c:/Users/Arf/Desktop/ip_camera/New folder/IP-Camera-on-board-Antminer-S9/ip_camera/ip_camera.gen/sources_1/bd/design_1/ip/design_1_smartconnect_0_0/bd_0/ip/ip_30/bd_48ac_m00wn_0_clocks.xdc] for cell 'design_1_i/smartconnect_0/inst/m00_nodes/m00_w_node/inst'
Finished Parsing XDC File [c:/Users/Arf/Desktop/ip_camera/New folder/IP-Camera-on-board-Antminer-S9/ip_camera/ip_camera.gen/sources_1/bd/design_1/ip/design_1_smartconnect_0_0/bd_0/ip/ip_30/bd_48ac_m00wn_0_clocks.xdc] for cell 'design_1_i/smartconnect_0/inst/m00_nodes/m00_w_node/inst'
Parsing XDC File [c:/Users/Arf/Desktop/ip_camera/New folder/IP-Camera-on-board-Antminer-S9/ip_camera/ip_camera.gen/sources_1/bd/design_1/ip/design_1_smartconnect_0_0/bd_0/ip/ip_31/bd_48ac_m00bn_0_clocks.xdc] for cell 'design_1_i/smartconnect_0/inst/m00_nodes/m00_b_node/inst'
Finished Parsing XDC File [c:/Users/Arf/Desktop/ip_camera/New folder/IP-Camera-on-board-Antminer-S9/ip_camera/ip_camera.gen/sources_1/bd/design_1/ip/design_1_smartconnect_0_0/bd_0/ip/ip_31/bd_48ac_m00bn_0_clocks.xdc] for cell 'design_1_i/smartconnect_0/inst/m00_nodes/m00_b_node/inst'
Parsing XDC File [c:/Users/Arf/Desktop/ip_camera/New folder/IP-Camera-on-board-Antminer-S9/ip_camera/ip_camera.gen/sources_1/bd/design_1/ip/design_1_smartconnect_0_0/bd_0/ip/ip_34/bd_48ac_m01arn_0_clocks.xdc] for cell 'design_1_i/smartconnect_0/inst/m01_nodes/m01_ar_node/inst'
Finished Parsing XDC File [c:/Users/Arf/Desktop/ip_camera/New folder/IP-Camera-on-board-Antminer-S9/ip_camera/ip_camera.gen/sources_1/bd/design_1/ip/design_1_smartconnect_0_0/bd_0/ip/ip_34/bd_48ac_m01arn_0_clocks.xdc] for cell 'design_1_i/smartconnect_0/inst/m01_nodes/m01_ar_node/inst'
Parsing XDC File [c:/Users/Arf/Desktop/ip_camera/New folder/IP-Camera-on-board-Antminer-S9/ip_camera/ip_camera.gen/sources_1/bd/design_1/ip/design_1_smartconnect_0_0/bd_0/ip/ip_35/bd_48ac_m01rn_0_clocks.xdc] for cell 'design_1_i/smartconnect_0/inst/m01_nodes/m01_r_node/inst'
Finished Parsing XDC File [c:/Users/Arf/Desktop/ip_camera/New folder/IP-Camera-on-board-Antminer-S9/ip_camera/ip_camera.gen/sources_1/bd/design_1/ip/design_1_smartconnect_0_0/bd_0/ip/ip_35/bd_48ac_m01rn_0_clocks.xdc] for cell 'design_1_i/smartconnect_0/inst/m01_nodes/m01_r_node/inst'
Parsing XDC File [c:/Users/Arf/Desktop/ip_camera/New folder/IP-Camera-on-board-Antminer-S9/ip_camera/ip_camera.gen/sources_1/bd/design_1/ip/design_1_smartconnect_0_0/bd_0/ip/ip_36/bd_48ac_m01awn_0_clocks.xdc] for cell 'design_1_i/smartconnect_0/inst/m01_nodes/m01_aw_node/inst'
Finished Parsing XDC File [c:/Users/Arf/Desktop/ip_camera/New folder/IP-Camera-on-board-Antminer-S9/ip_camera/ip_camera.gen/sources_1/bd/design_1/ip/design_1_smartconnect_0_0/bd_0/ip/ip_36/bd_48ac_m01awn_0_clocks.xdc] for cell 'design_1_i/smartconnect_0/inst/m01_nodes/m01_aw_node/inst'
Parsing XDC File [c:/Users/Arf/Desktop/ip_camera/New folder/IP-Camera-on-board-Antminer-S9/ip_camera/ip_camera.gen/sources_1/bd/design_1/ip/design_1_smartconnect_0_0/bd_0/ip/ip_37/bd_48ac_m01wn_0_clocks.xdc] for cell 'design_1_i/smartconnect_0/inst/m01_nodes/m01_w_node/inst'
Finished Parsing XDC File [c:/Users/Arf/Desktop/ip_camera/New folder/IP-Camera-on-board-Antminer-S9/ip_camera/ip_camera.gen/sources_1/bd/design_1/ip/design_1_smartconnect_0_0/bd_0/ip/ip_37/bd_48ac_m01wn_0_clocks.xdc] for cell 'design_1_i/smartconnect_0/inst/m01_nodes/m01_w_node/inst'
Parsing XDC File [c:/Users/Arf/Desktop/ip_camera/New folder/IP-Camera-on-board-Antminer-S9/ip_camera/ip_camera.gen/sources_1/bd/design_1/ip/design_1_smartconnect_0_0/bd_0/ip/ip_38/bd_48ac_m01bn_0_clocks.xdc] for cell 'design_1_i/smartconnect_0/inst/m01_nodes/m01_b_node/inst'
Finished Parsing XDC File [c:/Users/Arf/Desktop/ip_camera/New folder/IP-Camera-on-board-Antminer-S9/ip_camera/ip_camera.gen/sources_1/bd/design_1/ip/design_1_smartconnect_0_0/bd_0/ip/ip_38/bd_48ac_m01bn_0_clocks.xdc] for cell 'design_1_i/smartconnect_0/inst/m01_nodes/m01_b_node/inst'
Parsing XDC File [c:/Users/Arf/Desktop/ip_camera/New folder/IP-Camera-on-board-Antminer-S9/ip_camera/ip_camera.gen/sources_1/bd/design_1/ip/design_1_smartconnect_0_0/smartconnect.xdc] for cell 'design_1_i/smartconnect_0/inst'
WARNING: [Vivado_Tcl 4-919] Waiver ID 'CDC-1' -from list should not be empty. [c:/Users/Arf/Desktop/ip_camera/New folder/IP-Camera-on-board-Antminer-S9/ip_camera/ip_camera.gen/sources_1/bd/design_1/ip/design_1_smartconnect_0_0/smartconnect.xdc:10]
Finished Parsing XDC File [c:/Users/Arf/Desktop/ip_camera/New folder/IP-Camera-on-board-Antminer-S9/ip_camera/ip_camera.gen/sources_1/bd/design_1/ip/design_1_smartconnect_0_0/smartconnect.xdc] for cell 'design_1_i/smartconnect_0/inst'
Parsing XDC File [c:/Users/Arf/Desktop/ip_camera/New folder/IP-Camera-on-board-Antminer-S9/ip_camera/ip_camera.gen/sources_1/bd/design_1/ip/design_1_smartconnect_1_0/bd_0/ip/ip_1/bd_88fd_psr_aclk_0_board.xdc] for cell 'design_1_i/smartconnect_1/inst/clk_map/psr_aclk/U0'
Finished Parsing XDC File [c:/Users/Arf/Desktop/ip_camera/New folder/IP-Camera-on-board-Antminer-S9/ip_camera/ip_camera.gen/sources_1/bd/design_1/ip/design_1_smartconnect_1_0/bd_0/ip/ip_1/bd_88fd_psr_aclk_0_board.xdc] for cell 'design_1_i/smartconnect_1/inst/clk_map/psr_aclk/U0'
Parsing XDC File [c:/Users/Arf/Desktop/ip_camera/New folder/IP-Camera-on-board-Antminer-S9/ip_camera/ip_camera.gen/sources_1/bd/design_1/ip/design_1_smartconnect_1_0/bd_0/ip/ip_1/bd_88fd_psr_aclk_0.xdc] for cell 'design_1_i/smartconnect_1/inst/clk_map/psr_aclk/U0'
Finished Parsing XDC File [c:/Users/Arf/Desktop/ip_camera/New folder/IP-Camera-on-board-Antminer-S9/ip_camera/ip_camera.gen/sources_1/bd/design_1/ip/design_1_smartconnect_1_0/bd_0/ip/ip_1/bd_88fd_psr_aclk_0.xdc] for cell 'design_1_i/smartconnect_1/inst/clk_map/psr_aclk/U0'
Parsing XDC File [c:/Users/Arf/Desktop/ip_camera/New folder/IP-Camera-on-board-Antminer-S9/ip_camera/ip_camera.gen/sources_1/bd/design_1/ip/design_1_smartconnect_1_0/bd_0/ip/ip_6/bd_88fd_sawn_0_clocks.xdc] for cell 'design_1_i/smartconnect_1/inst/s00_nodes/s00_aw_node/inst'
Finished Parsing XDC File [c:/Users/Arf/Desktop/ip_camera/New folder/IP-Camera-on-board-Antminer-S9/ip_camera/ip_camera.gen/sources_1/bd/design_1/ip/design_1_smartconnect_1_0/bd_0/ip/ip_6/bd_88fd_sawn_0_clocks.xdc] for cell 'design_1_i/smartconnect_1/inst/s00_nodes/s00_aw_node/inst'
Parsing XDC File [c:/Users/Arf/Desktop/ip_camera/New folder/IP-Camera-on-board-Antminer-S9/ip_camera/ip_camera.gen/sources_1/bd/design_1/ip/design_1_smartconnect_1_0/bd_0/ip/ip_7/bd_88fd_swn_0_clocks.xdc] for cell 'design_1_i/smartconnect_1/inst/s00_nodes/s00_w_node/inst'
Finished Parsing XDC File [c:/Users/Arf/Desktop/ip_camera/New folder/IP-Camera-on-board-Antminer-S9/ip_camera/ip_camera.gen/sources_1/bd/design_1/ip/design_1_smartconnect_1_0/bd_0/ip/ip_7/bd_88fd_swn_0_clocks.xdc] for cell 'design_1_i/smartconnect_1/inst/s00_nodes/s00_w_node/inst'
Parsing XDC File [c:/Users/Arf/Desktop/ip_camera/New folder/IP-Camera-on-board-Antminer-S9/ip_camera/ip_camera.gen/sources_1/bd/design_1/ip/design_1_smartconnect_1_0/bd_0/ip/ip_8/bd_88fd_sbn_0_clocks.xdc] for cell 'design_1_i/smartconnect_1/inst/s00_nodes/s00_b_node/inst'
Finished Parsing XDC File [c:/Users/Arf/Desktop/ip_camera/New folder/IP-Camera-on-board-Antminer-S9/ip_camera/ip_camera.gen/sources_1/bd/design_1/ip/design_1_smartconnect_1_0/bd_0/ip/ip_8/bd_88fd_sbn_0_clocks.xdc] for cell 'design_1_i/smartconnect_1/inst/s00_nodes/s00_b_node/inst'
Parsing XDC File [c:/Users/Arf/Desktop/ip_camera/New folder/IP-Camera-on-board-Antminer-S9/ip_camera/ip_camera.gen/sources_1/bd/design_1/ip/design_1_smartconnect_1_0/smartconnect.xdc] for cell 'design_1_i/smartconnect_1/inst'
WARNING: [Vivado_Tcl 4-919] Waiver ID 'CDC-1' -from list should not be empty. [c:/Users/Arf/Desktop/ip_camera/New folder/IP-Camera-on-board-Antminer-S9/ip_camera/ip_camera.gen/sources_1/bd/design_1/ip/design_1_smartconnect_1_0/smartconnect.xdc:1]
Finished Parsing XDC File [c:/Users/Arf/Desktop/ip_camera/New folder/IP-Camera-on-board-Antminer-S9/ip_camera/ip_camera.gen/sources_1/bd/design_1/ip/design_1_smartconnect_1_0/smartconnect.xdc] for cell 'design_1_i/smartconnect_1/inst'
Parsing XDC File [c:/Users/Arf/Desktop/ip_camera/New folder/IP-Camera-on-board-Antminer-S9/ip_camera/ip_camera.gen/sources_1/bd/design_1/ip/design_1_axi_vdma_0_0/design_1_axi_vdma_0_0.xdc] for cell 'design_1_i/axi_vdma_0/U0'
WARNING: [Vivado_Tcl 4-935] Waiver ID 'CDC-4' is a duplicate and will not be added again. [c:/Users/Arf/Desktop/ip_camera/New folder/IP-Camera-on-board-Antminer-S9/ip_camera/ip_camera.gen/sources_1/bd/design_1/ip/design_1_axi_vdma_0_0/design_1_axi_vdma_0_0.xdc:92]
Finished Parsing XDC File [c:/Users/Arf/Desktop/ip_camera/New folder/IP-Camera-on-board-Antminer-S9/ip_camera/ip_camera.gen/sources_1/bd/design_1/ip/design_1_axi_vdma_0_0/design_1_axi_vdma_0_0.xdc] for cell 'design_1_i/axi_vdma_0/U0'
Parsing XDC File [c:/Users/Arf/Desktop/ip_camera/New folder/IP-Camera-on-board-Antminer-S9/ip_camera/ip_camera.gen/sources_1/bd/design_1/ip/design_1_axi_gpio_0_0/design_1_axi_gpio_0_0_board.xdc] for cell 'design_1_i/axi_gpio_0/U0'
Finished Parsing XDC File [c:/Users/Arf/Desktop/ip_camera/New folder/IP-Camera-on-board-Antminer-S9/ip_camera/ip_camera.gen/sources_1/bd/design_1/ip/design_1_axi_gpio_0_0/design_1_axi_gpio_0_0_board.xdc] for cell 'design_1_i/axi_gpio_0/U0'
Parsing XDC File [c:/Users/Arf/Desktop/ip_camera/New folder/IP-Camera-on-board-Antminer-S9/ip_camera/ip_camera.gen/sources_1/bd/design_1/ip/design_1_axi_gpio_0_0/design_1_axi_gpio_0_0.xdc] for cell 'design_1_i/axi_gpio_0/U0'
Finished Parsing XDC File [c:/Users/Arf/Desktop/ip_camera/New folder/IP-Camera-on-board-Antminer-S9/ip_camera/ip_camera.gen/sources_1/bd/design_1/ip/design_1_axi_gpio_0_0/design_1_axi_gpio_0_0.xdc] for cell 'design_1_i/axi_gpio_0/U0'
Parsing XDC File [c:/Users/Arf/Desktop/ip_camera/New folder/IP-Camera-on-board-Antminer-S9/ip_camera/ip_camera.gen/sources_1/bd/design_1/ip/design_1_proc_sys_reset_1_0/design_1_proc_sys_reset_1_0_board.xdc] for cell 'design_1_i/proc_sys_reset_cam/U0'
Finished Parsing XDC File [c:/Users/Arf/Desktop/ip_camera/New folder/IP-Camera-on-board-Antminer-S9/ip_camera/ip_camera.gen/sources_1/bd/design_1/ip/design_1_proc_sys_reset_1_0/design_1_proc_sys_reset_1_0_board.xdc] for cell 'design_1_i/proc_sys_reset_cam/U0'
Parsing XDC File [c:/Users/Arf/Desktop/ip_camera/New folder/IP-Camera-on-board-Antminer-S9/ip_camera/ip_camera.gen/sources_1/bd/design_1/ip/design_1_proc_sys_reset_1_0/design_1_proc_sys_reset_1_0.xdc] for cell 'design_1_i/proc_sys_reset_cam/U0'
Finished Parsing XDC File [c:/Users/Arf/Desktop/ip_camera/New folder/IP-Camera-on-board-Antminer-S9/ip_camera/ip_camera.gen/sources_1/bd/design_1/ip/design_1_proc_sys_reset_1_0/design_1_proc_sys_reset_1_0.xdc] for cell 'design_1_i/proc_sys_reset_cam/U0'
Parsing XDC File [c:/Users/Arf/Desktop/ip_camera/New folder/IP-Camera-on-board-Antminer-S9/ip_camera/ip_camera.gen/sources_1/bd/design_1/ip/design_1_axi_vdma_0_0/design_1_axi_vdma_0_0_clocks.xdc] for cell 'design_1_i/axi_vdma_0/U0'
Finished Parsing XDC File [c:/Users/Arf/Desktop/ip_camera/New folder/IP-Camera-on-board-Antminer-S9/ip_camera/ip_camera.gen/sources_1/bd/design_1/ip/design_1_axi_vdma_0_0/design_1_axi_vdma_0_0_clocks.xdc] for cell 'design_1_i/axi_vdma_0/U0'
INFO: [Project 1-1714] 69 XPM XDC files have been applied to the design.
INFO: [Opt 31-138] Pushed 1 inverter(s) to 2 load pin(s).
INFO: [Project 1-1687] 1042 scoped IP constraints or related sub-commands were skipped due to synthesis logic optimizations usually triggered by constant connectivity or unconnected output pins. To review the skipped constraints and messages, run the command 'set_param netlist.IPMsgFiltering false' before opening the design.
Netlist sorting complete. Time (s): cpu = 00:00:00 ; elapsed = 00:00:00.007 . Memory (MB): peak = 1763.434 ; gain = 0.000
INFO: [Project 1-111] Unisim Transformation Summary:
  A total of 29 instances were transformed.
  RAM32M => RAM32M (RAMD32(x6), RAMS32(x2)): 29 instances

26 Infos, 109 Warnings, 0 Critical Warnings and 0 Errors encountered.
link_design completed successfully
link_design: Time (s): cpu = 00:00:28 ; elapsed = 00:02:28 . Memory (MB): peak = 1763.434 ; gain = 1214.125
Command: opt_design
Attempting to get a license for feature 'Implementation' and/or device 'xc7z010'
INFO: [Common 17-349] Got license for feature 'Implementation' and/or device 'xc7z010'
Running DRC as a precondition to command opt_design

Starting DRC Task
INFO: [DRC 23-27] Running DRC with 2 threads
INFO: [Project 1-461] DRC finished with 0 Errors, 1 Warnings
INFO: [Project 1-462] Please refer to the DRC report (report_drc) for more information.

Time (s): cpu = 00:00:02 ; elapsed = 00:00:06 . Memory (MB): peak = 1763.434 ; gain = 0.000

Starting Cache Timing Information Task
INFO: [Timing 38-35] Done setting XDC timing constraints.
Ending Cache Timing Information Task | Checksum: 10d8b433e

Time (s): cpu = 00:00:01 ; elapsed = 00:00:02 . Memory (MB): peak = 1763.434 ; gain = 0.000

Starting Logic Optimization Task

Phase 1 Initialization

Phase 1.1 Core Generation And Design Setup
Phase 1.1 Core Generation And Design Setup | Checksum: 10d8b433e

Time (s): cpu = 00:00:00 ; elapsed = 00:00:00.160 . Memory (MB): peak = 2104.910 ; gain = 0.000

Phase 1.2 Setup Constraints And Sort Netlist
Phase 1.2 Setup Constraints And Sort Netlist | Checksum: 10d8b433e

Time (s): cpu = 00:00:00 ; elapsed = 00:00:00.278 . Memory (MB): peak = 2104.910 ; gain = 0.000
Phase 1 Initialization | Checksum: 10d8b433e

Time (s): cpu = 00:00:00 ; elapsed = 00:00:00.301 . Memory (MB): peak = 2104.910 ; gain = 0.000

Phase 2 Timer Update And Timing Data Collection

Phase 2.1 Timer Update
Phase 2.1 Timer Update | Checksum: 10d8b433e

Time (s): cpu = 00:00:01 ; elapsed = 00:00:00.624 . Memory (MB): peak = 2104.910 ; gain = 0.000

Phase 2.2 Timing Data Collection
Phase 2.2 Timing Data Collection | Checksum: 10d8b433e

Time (s): cpu = 00:00:01 ; elapsed = 00:00:01 . Memory (MB): peak = 2104.910 ; gain = 0.000
Phase 2 Timer Update And Timing Data Collection | Checksum: 10d8b433e

Time (s): cpu = 00:00:01 ; elapsed = 00:00:01 . Memory (MB): peak = 2104.910 ; gain = 0.000

Phase 3 Retarget
INFO: [Opt 31-1834] Total Chains To Be Transformed Were: 0 AND Number of Transformed insts Created are: 0
INFO: [Opt 31-1566] Pulled 2 inverters resulting in an inversion of 9 pins
INFO: [Opt 31-138] Pushed 13 inverter(s) to 231 load pin(s).
INFO: [Opt 31-49] Retargeted 0 cell(s).
Phase 3 Retarget | Checksum: 1a076a822

Time (s): cpu = 00:00:01 ; elapsed = 00:00:04 . Memory (MB): peak = 2104.910 ; gain = 0.000
Retarget | Checksum: 1a076a822
INFO: [Opt 31-389] Phase Retarget created 9 cells and removed 261 cells
INFO: [Opt 31-1021] In phase Retarget, 92 netlist objects are constrained preventing optimization. Please run opt_design with -debug_log to get more detail. 

Phase 4 Constant propagation
INFO: [Opt 31-138] Pushed 1 inverter(s) to 3 load pin(s).
Phase 4 Constant propagation | Checksum: 15a10b2d4

Time (s): cpu = 00:00:01 ; elapsed = 00:00:04 . Memory (MB): peak = 2104.910 ; gain = 0.000
Constant propagation | Checksum: 15a10b2d4
INFO: [Opt 31-389] Phase Constant propagation created 10 cells and removed 54 cells
INFO: [Opt 31-1021] In phase Constant propagation, 92 netlist objects are constrained preventing optimization. Please run opt_design with -debug_log to get more detail. 

Phase 5 Sweep
Phase 5 Sweep | Checksum: fa7b28d9

Time (s): cpu = 00:00:02 ; elapsed = 00:00:07 . Memory (MB): peak = 2104.910 ; gain = 0.000
Sweep | Checksum: fa7b28d9
INFO: [Opt 31-389] Phase Sweep created 0 cells and removed 418 cells
INFO: [Opt 31-1021] In phase Sweep, 149 netlist objects are constrained preventing optimization. Please run opt_design with -debug_log to get more detail. 

Phase 6 BUFG optimization
INFO: [Opt 31-194] Inserted BUFG pclk_0_IBUF_BUFG_inst to drive 174 load(s) on clock net pclk_0_IBUF_BUFG
INFO: [Opt 31-193] Inserted 1 BUFG(s) on clock nets
Phase 6 BUFG optimization | Checksum: 1b4e45486

Time (s): cpu = 00:00:03 ; elapsed = 00:00:09 . Memory (MB): peak = 2104.910 ; gain = 0.000
BUFG optimization | Checksum: 1b4e45486
INFO: [Opt 31-662] Phase BUFG optimization created 1 cells of which 1 are BUFGs and removed 0 cells.

Phase 7 Shift Register Optimization
INFO: [Opt 31-1064] SRL Remap converted 0 SRLs to 0 registers and converted 0 registers of register chains to 0 SRLs
Phase 7 Shift Register Optimization | Checksum: 1b4e45486

Time (s): cpu = 00:00:03 ; elapsed = 00:00:09 . Memory (MB): peak = 2104.910 ; gain = 0.000
Shift Register Optimization | Checksum: 1b4e45486
INFO: [Opt 31-389] Phase Shift Register Optimization created 0 cells and removed 0 cells

Phase 8 Post Processing Netlist
Phase 8 Post Processing Netlist | Checksum: 141ed32f5

Time (s): cpu = 00:00:03 ; elapsed = 00:00:10 . Memory (MB): peak = 2104.910 ; gain = 0.000
Post Processing Netlist | Checksum: 141ed32f5
INFO: [Opt 31-389] Phase Post Processing Netlist created 0 cells and removed 0 cells
INFO: [Opt 31-1021] In phase Post Processing Netlist, 107 netlist objects are constrained preventing optimization. Please run opt_design with -debug_log to get more detail. 

Phase 9 Finalization

Phase 9.1 Finalizing Design Cores and Updating Shapes
Phase 9.1 Finalizing Design Cores and Updating Shapes | Checksum: 28336273c

Time (s): cpu = 00:00:03 ; elapsed = 00:00:13 . Memory (MB): peak = 2104.910 ; gain = 0.000

Phase 9.2 Verifying Netlist Connectivity

Starting Connectivity Check Task

Time (s): cpu = 00:00:00 ; elapsed = 00:00:00.199 . Memory (MB): peak = 2104.910 ; gain = 0.000
Phase 9.2 Verifying Netlist Connectivity | Checksum: 28336273c

Time (s): cpu = 00:00:03 ; elapsed = 00:00:13 . Memory (MB): peak = 2104.910 ; gain = 0.000
Phase 9 Finalization | Checksum: 28336273c

Time (s): cpu = 00:00:03 ; elapsed = 00:00:13 . Memory (MB): peak = 2104.910 ; gain = 0.000
Opt_design Change Summary
=========================


-------------------------------------------------------------------------------------------------------------------------
|  Phase                        |  #Cells created  |  #Cells Removed  |  #Constrained objects preventing optimizations  |
-------------------------------------------------------------------------------------------------------------------------
|  Retarget                     |               9  |             261  |                                             92  |
|  Constant propagation         |              10  |              54  |                                             92  |
|  Sweep                        |               0  |             418  |                                            149  |
|  BUFG optimization            |               1  |               0  |                                              0  |
|  Shift Register Optimization  |               0  |               0  |                                              0  |
|  Post Processing Netlist      |               0  |               0  |                                            107  |
-------------------------------------------------------------------------------------------------------------------------


Ending Logic Optimization Task | Checksum: 28336273c

Time (s): cpu = 00:00:03 ; elapsed = 00:00:14 . Memory (MB): peak = 2104.910 ; gain = 0.000

Starting Power Optimization Task
INFO: [Pwropt 34-132] Skipping clock gating for clocks with a period < 2.00 ns.
INFO: [Pwropt 34-9] Applying IDT optimizations ...
INFO: [Pwropt 34-10] Applying ODC optimizations ...
INFO: [Timing 38-35] Done setting XDC timing constraints.
Running Vector-less Activity Propagation...

Finished Running Vector-less Activity Propagation


Starting PowerOpt Patch Enables Task
INFO: [Pwropt 34-162] WRITE_MODE attribute of 0 BRAM(s) out of a total of 7 has been updated to save power. Run report_power_opt to get a complete listing of the BRAMs updated.
INFO: [Pwropt 34-201] Structural ODC has moved 0 WE to EN ports
Number of BRAM Ports augmented: 2 newly gated: 2 Total Ports: 14
Number of Flops added for Enable Generation: 1

Ending PowerOpt Patch Enables Task | Checksum: 1cbc53ee0

Time (s): cpu = 00:00:00 ; elapsed = 00:00:00.295 . Memory (MB): peak = 2270.258 ; gain = 0.000
Ending Power Optimization Task | Checksum: 1cbc53ee0

Time (s): cpu = 00:00:06 ; elapsed = 00:00:10 . Memory (MB): peak = 2270.258 ; gain = 165.348

Starting Final Cleanup Task

Starting Logic Optimization Task
INFO: [Timing 38-35] Done setting XDC timing constraints.
Ending Logic Optimization Task | Checksum: 28cd07fad

Time (s): cpu = 00:00:01 ; elapsed = 00:00:00.929 . Memory (MB): peak = 2270.258 ; gain = 0.000
Ending Final Cleanup Task | Checksum: 28cd07fad

Time (s): cpu = 00:00:06 ; elapsed = 00:00:06 . Memory (MB): peak = 2270.258 ; gain = 0.000

Starting Netlist Obfuscation Task
Netlist sorting complete. Time (s): cpu = 00:00:00 ; elapsed = 00:00:00.007 . Memory (MB): peak = 2270.258 ; gain = 0.000
Ending Netlist Obfuscation Task | Checksum: 28cd07fad

Time (s): cpu = 00:00:00 ; elapsed = 00:00:00.010 . Memory (MB): peak = 2270.258 ; gain = 0.000
INFO: [Common 17-83] Releasing license: Implementation
57 Infos, 109 Warnings, 0 Critical Warnings and 0 Errors encountered.
opt_design completed successfully
opt_design: Time (s): cpu = 00:00:22 ; elapsed = 00:00:48 . Memory (MB): peak = 2270.258 ; gain = 506.824
INFO: [Vivado 12-24828] Executing command : report_drc -file design_1_wrapper_drc_opted.rpt -pb design_1_wrapper_drc_opted.pb -rpx design_1_wrapper_drc_opted.rpx
Command: report_drc -file design_1_wrapper_drc_opted.rpt -pb design_1_wrapper_drc_opted.pb -rpx design_1_wrapper_drc_opted.rpx
INFO: [IP_Flow 19-1839] IP Catalog is up to date.
INFO: [DRC 23-27] Running DRC with 2 threads
INFO: [Vivado_Tcl 2-168] The results of DRC are in file C:/Users/Arf/Desktop/ip_camera/New folder/IP-Camera-on-board-Antminer-S9/ip_camera/ip_camera.runs/impl_1/design_1_wrapper_drc_opted.rpt.
report_drc completed successfully
report_drc: Time (s): cpu = 00:00:04 ; elapsed = 00:00:20 . Memory (MB): peak = 2270.258 ; gain = 0.000
generate_parallel_reports: Time (s): cpu = 00:00:04 ; elapsed = 00:00:20 . Memory (MB): peak = 2270.258 ; gain = 0.000
INFO: [Timing 38-35] Done setting XDC timing constraints.
INFO: [Timing 38-480] Writing timing data to binary archive.
Wrote PlaceDB: Time (s): cpu = 00:00:01 ; elapsed = 00:00:00.268 . Memory (MB): peak = 2270.258 ; gain = 0.000
Write ShapeDB Complete: Time (s): cpu = 00:00:01 ; elapsed = 00:00:01 . Memory (MB): peak = 2270.258 ; gain = 0.000
Wrote PulsedLatchDB: Time (s): cpu = 00:00:00 ; elapsed = 00:00:00.044 . Memory (MB): peak = 2270.258 ; gain = 0.000
Writing XDEF routing.
Writing XDEF routing logical nets.
Writing XDEF routing special nets.
Wrote RouteStorage: Time (s): cpu = 00:00:02 ; elapsed = 00:00:05 . Memory (MB): peak = 2270.258 ; gain = 0.000
Wrote Netlist Cache: Time (s): cpu = 00:00:00 ; elapsed = 00:00:00.137 . Memory (MB): peak = 2270.258 ; gain = 0.000
Wrote Device Cache: Time (s): cpu = 00:00:00 ; elapsed = 00:00:00.775 . Memory (MB): peak = 2270.258 ; gain = 0.000
Write Physdb Complete: Time (s): cpu = 00:00:03 ; elapsed = 00:00:08 . Memory (MB): peak = 2270.258 ; gain = 0.000
INFO: [Common 17-1381] The checkpoint 'C:/Users/Arf/Desktop/ip_camera/New folder/IP-Camera-on-board-Antminer-S9/ip_camera/ip_camera.runs/impl_1/design_1_wrapper_opt.dcp' has been generated.
write_checkpoint: Time (s): cpu = 00:00:05 ; elapsed = 00:00:23 . Memory (MB): peak = 2270.258 ; gain = 0.000
Command: place_design
Attempting to get a license for feature 'Implementation' and/or device 'xc7z010'
INFO: [Common 17-349] Got license for feature 'Implementation' and/or device 'xc7z010'
INFO: [Common 17-83] Releasing license: Implementation
INFO: [DRC 23-27] Running DRC with 2 threads
INFO: [Vivado_Tcl 4-198] DRC finished with 0 Errors
INFO: [Vivado_Tcl 4-199] Please refer to the DRC report (report_drc) for more information.
Running DRC as a precondition to command place_design
INFO: [DRC 23-27] Running DRC with 2 threads
INFO: [Vivado_Tcl 4-198] DRC finished with 0 Errors, 1 Warnings
INFO: [Vivado_Tcl 4-199] Please refer to the DRC report (report_drc) for more information.
INFO: [Place 30-611] Multithreading enabled for place_design using a maximum of 2 CPUs

Starting Placer Task

Phase 1 Placer Initialization

Phase 1.1 Placer Initialization Netlist Sorting
Netlist sorting complete. Time (s): cpu = 00:00:00 ; elapsed = 00:00:00.020 . Memory (MB): peak = 2270.258 ; gain = 0.000
Phase 1.1 Placer Initialization Netlist Sorting | Checksum: 1999e77f9

Time (s): cpu = 00:00:00 ; elapsed = 00:00:00.445 . Memory (MB): peak = 2270.258 ; gain = 0.000
Netlist sorting complete. Time (s): cpu = 00:00:00 ; elapsed = 00:00:00.016 . Memory (MB): peak = 2270.258 ; gain = 0.000

Phase 1.2 IO Placement/ Clock Placement/ Build Placer Device
Phase 1.2 IO Placement/ Clock Placement/ Build Placer Device | Checksum: 17792db86

Time (s): cpu = 00:00:02 ; elapsed = 00:00:10 . Memory (MB): peak = 2270.258 ; gain = 0.000

Phase 1.3 Build Placer Netlist Model
Phase 1.3 Build Placer Netlist Model | Checksum: 24324b1be

Time (s): cpu = 00:00:05 ; elapsed = 00:00:23 . Memory (MB): peak = 2270.258 ; gain = 0.000

Phase 1.4 Constrain Clocks/Macros
Phase 1.4 Constrain Clocks/Macros | Checksum: 24324b1be

Time (s): cpu = 00:00:05 ; elapsed = 00:00:23 . Memory (MB): peak = 2270.258 ; gain = 0.000
Phase 1 Placer Initialization | Checksum: 24324b1be

Time (s): cpu = 00:00:05 ; elapsed = 00:00:24 . Memory (MB): peak = 2270.258 ; gain = 0.000

Phase 2 Global Placement

Phase 2.1 Floorplanning
Phase 2.1 Floorplanning | Checksum: 25629fd4b

Time (s): cpu = 00:00:06 ; elapsed = 00:00:26 . Memory (MB): peak = 2270.258 ; gain = 0.000

Phase 2.2 Update Timing before SLR Path Opt
Phase 2.2 Update Timing before SLR Path Opt | Checksum: 28331ee2e

Time (s): cpu = 00:00:07 ; elapsed = 00:00:26 . Memory (MB): peak = 2270.258 ; gain = 0.000

Phase 2.3 Post-Processing in Floorplanning
Phase 2.3 Post-Processing in Floorplanning | Checksum: 28331ee2e

Time (s): cpu = 00:00:07 ; elapsed = 00:00:26 . Memory (MB): peak = 2270.258 ; gain = 0.000

Phase 2.4 Global Placement Core

Phase 2.4.1 UpdateTiming Before Physical Synthesis
Phase 2.4.1 UpdateTiming Before Physical Synthesis | Checksum: 26e344bc5

Time (s): cpu = 00:00:16 ; elapsed = 00:00:33 . Memory (MB): peak = 2270.258 ; gain = 0.000

Phase 2.4.2 Physical Synthesis In Placer
INFO: [Physopt 32-1035] Found 0 LUTNM shape to break, 301 LUT instances to create LUTNM shape
INFO: [Physopt 32-1044] Break lutnm for timing: one critical 0, two critical 0, total 0, new lutff created 0
INFO: [Physopt 32-1138] End 1 Pass. Optimized 108 nets or LUTs. Breaked 0 LUT, combined 108 existing LUTs and moved 0 existing LUT
INFO: [Physopt 32-65] No nets found for high-fanout optimization.
INFO: [Physopt 32-232] Optimized 0 net. Created 0 new instance.
INFO: [Physopt 32-775] End 1 Pass. Optimized 0 net or cell. Created 0 new cell, deleted 0 existing cell and moved 0 existing cell
INFO: [Physopt 32-670] No setup violation found.  DSP Register Optimization was not performed.
INFO: [Physopt 32-670] No setup violation found.  Shift Register to Pipeline Optimization was not performed.
INFO: [Physopt 32-670] No setup violation found.  Shift Register Optimization was not performed.
INFO: [Physopt 32-670] No setup violation found.  BRAM Register Optimization was not performed.
INFO: [Physopt 32-670] No setup violation found.  URAM Register Optimization was not performed.
INFO: [Physopt 32-949] No candidate nets found for dynamic/static region interface net replication
INFO: [Physopt 32-775] End 1 Pass. Optimized 0 net or cell. Created 0 new cell, deleted 0 existing cell and moved 0 existing cell
Netlist sorting complete. Time (s): cpu = 00:00:00 ; elapsed = 00:00:00.006 . Memory (MB): peak = 2270.258 ; gain = 0.000

Summary of Physical Synthesis Optimizations
============================================


-----------------------------------------------------------------------------------------------------------------------------------------------------------
|  Optimization                                     |  Added Cells  |  Removed Cells  |  Optimized Cells/Nets  |  Dont Touch  |  Iterations  |  Elapsed   |
-----------------------------------------------------------------------------------------------------------------------------------------------------------
|  LUT Combining                                    |            0  |            108  |                   108  |           0  |           1  |  00:00:01  |
|  Retime                                           |            0  |              0  |                     0  |           0  |           1  |  00:00:00  |
|  Very High Fanout                                 |            0  |              0  |                     0  |           0  |           1  |  00:00:00  |
|  DSP Register                                     |            0  |              0  |                     0  |           0  |           0  |  00:00:00  |
|  Shift Register to Pipeline                       |            0  |              0  |                     0  |           0  |           0  |  00:00:00  |
|  Shift Register                                   |            0  |              0  |                     0  |           0  |           0  |  00:00:00  |
|  BRAM Register                                    |            0  |              0  |                     0  |           0  |           0  |  00:00:00  |
|  URAM Register                                    |            0  |              0  |                     0  |           0  |           0  |  00:00:00  |
|  Dynamic/Static Region Interface Net Replication  |            0  |              0  |                     0  |           0  |           1  |  00:00:00  |
|  Total                                            |            0  |            108  |                   108  |           0  |           4  |  00:00:01  |
-----------------------------------------------------------------------------------------------------------------------------------------------------------


Phase 2.4.2 Physical Synthesis In Placer | Checksum: 1e856aad8

Time (s): cpu = 00:00:17 ; elapsed = 00:00:37 . Memory (MB): peak = 2270.258 ; gain = 0.000
Phase 2.4 Global Placement Core | Checksum: 225c27fc5

Time (s): cpu = 00:00:18 ; elapsed = 00:00:39 . Memory (MB): peak = 2270.258 ; gain = 0.000
Phase 2 Global Placement | Checksum: 225c27fc5

Time (s): cpu = 00:00:18 ; elapsed = 00:00:39 . Memory (MB): peak = 2270.258 ; gain = 0.000

Phase 3 Detail Placement

Phase 3.1 Commit Multi Column Macros
Phase 3.1 Commit Multi Column Macros | Checksum: 204c93f32

Time (s): cpu = 00:00:19 ; elapsed = 00:00:41 . Memory (MB): peak = 2270.258 ; gain = 0.000

Phase 3.2 Commit Most Macros & LUTRAMs
Phase 3.2 Commit Most Macros & LUTRAMs | Checksum: 23c2417ac

Time (s): cpu = 00:00:20 ; elapsed = 00:00:43 . Memory (MB): peak = 2270.258 ; gain = 0.000

Phase 3.3 Area Swap Optimization
Phase 3.3 Area Swap Optimization | Checksum: 1cd3315d9

Time (s): cpu = 00:00:20 ; elapsed = 00:00:43 . Memory (MB): peak = 2270.258 ; gain = 0.000

Phase 3.4 Pipeline Register Optimization
Phase 3.4 Pipeline Register Optimization | Checksum: 1cfb2c9e1

Time (s): cpu = 00:00:20 ; elapsed = 00:00:43 . Memory (MB): peak = 2270.258 ; gain = 0.000

Phase 3.5 Small Shape Detail Placement
Phase 3.5 Small Shape Detail Placement | Checksum: 13a71c401

Time (s): cpu = 00:00:23 ; elapsed = 00:00:47 . Memory (MB): peak = 2270.258 ; gain = 0.000

Phase 3.6 Re-assign LUT pins
Phase 3.6 Re-assign LUT pins | Checksum: 1ac1f66b4

Time (s): cpu = 00:00:23 ; elapsed = 00:00:47 . Memory (MB): peak = 2270.258 ; gain = 0.000

Phase 3.7 Pipeline Register Optimization
Phase 3.7 Pipeline Register Optimization | Checksum: 23517d5f2

Time (s): cpu = 00:00:23 ; elapsed = 00:00:48 . Memory (MB): peak = 2270.258 ; gain = 0.000
Phase 3 Detail Placement | Checksum: 23517d5f2

Time (s): cpu = 00:00:23 ; elapsed = 00:00:48 . Memory (MB): peak = 2270.258 ; gain = 0.000

Phase 4 Post Placement Optimization and Clean-Up

Phase 4.1 Post Commit Optimization
INFO: [Timing 38-35] Done setting XDC timing constraints.

Phase 4.1.1 Post Placement Optimization
Post Placement Optimization Initialization | Checksum: 25fca0aa8

Phase 4.1.1.1 BUFG Insertion

Starting Physical Synthesis Task

Phase 1 Physical Synthesis Initialization
INFO: [Physopt 32-721] Multithreading enabled for phys_opt_design using a maximum of 2 CPUs
INFO: [Physopt 32-619] Estimated Timing Summary | WNS=2.597 | TNS=0.000 |
Phase 1 Physical Synthesis Initialization | Checksum: 268f3b440

Time (s): cpu = 00:00:01 ; elapsed = 00:00:00.555 . Memory (MB): peak = 2270.258 ; gain = 0.000
INFO: [Place 46-56] BUFG insertion identified 0 candidate nets. Inserted BUFG: 0, Replicated BUFG Driver: 0, Skipped due to Placement/Routing Conflicts: 0, Skipped due to Timing Degradation: 0, Skipped due to netlist editing failed: 0.
Ending Physical Synthesis Task | Checksum: 2dbb57cf5

Time (s): cpu = 00:00:01 ; elapsed = 00:00:00.796 . Memory (MB): peak = 2270.258 ; gain = 0.000
Phase 4.1.1.1 BUFG Insertion | Checksum: 25fca0aa8

Time (s): cpu = 00:00:27 ; elapsed = 00:00:54 . Memory (MB): peak = 2270.258 ; gain = 0.000

Phase 4.1.1.2 Post Placement Timing Optimization
INFO: [Place 30-746] Post Placement Timing Summary WNS=2.597. For the most accurate timing information please run report_timing.
Phase 4.1.1.2 Post Placement Timing Optimization | Checksum: 25b902f9c

Time (s): cpu = 00:00:27 ; elapsed = 00:00:54 . Memory (MB): peak = 2270.258 ; gain = 0.000

Time (s): cpu = 00:00:27 ; elapsed = 00:00:54 . Memory (MB): peak = 2270.258 ; gain = 0.000
Phase 4.1 Post Commit Optimization | Checksum: 25b902f9c

Time (s): cpu = 00:00:27 ; elapsed = 00:00:54 . Memory (MB): peak = 2270.258 ; gain = 0.000

Phase 4.2 Post Placement Cleanup
Phase 4.2 Post Placement Cleanup | Checksum: 25b902f9c

Time (s): cpu = 00:00:27 ; elapsed = 00:00:55 . Memory (MB): peak = 2270.258 ; gain = 0.000

Phase 4.3 Placer Reporting

Phase 4.3.1 Print Estimated Congestion
INFO: [Place 30-612] Post-Placement Estimated Congestion 
 ____________________________________________________
|           | Global Congestion | Short Congestion  |
| Direction | Region Size       | Region Size       |
|___________|___________________|___________________|
|      North|                1x1|                1x1|
|___________|___________________|___________________|
|      South|                1x1|                2x2|
|___________|___________________|___________________|
|       East|                1x1|                1x1|
|___________|___________________|___________________|
|       West|                1x1|                1x1|
|___________|___________________|___________________|

Phase 4.3.1 Print Estimated Congestion | Checksum: 25b902f9c

Time (s): cpu = 00:00:27 ; elapsed = 00:00:55 . Memory (MB): peak = 2270.258 ; gain = 0.000
Phase 4.3 Placer Reporting | Checksum: 25b902f9c

Time (s): cpu = 00:00:27 ; elapsed = 00:00:55 . Memory (MB): peak = 2270.258 ; gain = 0.000

Phase 4.4 Final Placement Cleanup
Netlist sorting complete. Time (s): cpu = 00:00:00 ; elapsed = 00:00:00.021 . Memory (MB): peak = 2270.258 ; gain = 0.000

Time (s): cpu = 00:00:28 ; elapsed = 00:00:55 . Memory (MB): peak = 2270.258 ; gain = 0.000
Phase 4 Post Placement Optimization and Clean-Up | Checksum: 184ba06d0

Time (s): cpu = 00:00:28 ; elapsed = 00:00:55 . Memory (MB): peak = 2270.258 ; gain = 0.000
Ending Placer Task | Checksum: 111ad4c75

Time (s): cpu = 00:00:28 ; elapsed = 00:00:55 . Memory (MB): peak = 2270.258 ; gain = 0.000
92 Infos, 109 Warnings, 0 Critical Warnings and 0 Errors encountered.
place_design completed successfully
place_design: Time (s): cpu = 00:00:32 ; elapsed = 00:01:01 . Memory (MB): peak = 2270.258 ; gain = 0.000
INFO: [Vivado 12-24838] Running report commands "report_control_sets, report_io, report_utilization" in parallel.
Running report generation with 2 threads.
INFO: [Vivado 12-24828] Executing command : report_io -file design_1_wrapper_io_placed.rpt
report_io: Time (s): cpu = 00:00:00 ; elapsed = 00:00:00.652 . Memory (MB): peak = 2270.258 ; gain = 0.000
INFO: [Vivado 12-24828] Executing command : report_control_sets -verbose -file design_1_wrapper_control_sets_placed.rpt
report_control_sets: Time (s): cpu = 00:00:00 ; elapsed = 00:00:00.393 . Memory (MB): peak = 2270.258 ; gain = 0.000
INFO: [Vivado 12-24828] Executing command : report_utilization -file design_1_wrapper_utilization_placed.rpt -pb design_1_wrapper_utilization_placed.pb
INFO: [Timing 38-480] Writing timing data to binary archive.
Write ShapeDB Complete: Time (s): cpu = 00:00:00 ; elapsed = 00:00:00.100 . Memory (MB): peak = 2270.258 ; gain = 0.000
Wrote PlaceDB: Time (s): cpu = 00:00:03 ; elapsed = 00:00:01 . Memory (MB): peak = 2270.258 ; gain = 0.000
Wrote PulsedLatchDB: Time (s): cpu = 00:00:00 ; elapsed = 00:00:00 . Memory (MB): peak = 2270.258 ; gain = 0.000
Writing XDEF routing.
Writing XDEF routing logical nets.
Writing XDEF routing special nets.
Wrote RouteStorage: Time (s): cpu = 00:00:01 ; elapsed = 00:00:00.206 . Memory (MB): peak = 2270.258 ; gain = 0.000
Wrote Netlist Cache: Time (s): cpu = 00:00:00 ; elapsed = 00:00:00.015 . Memory (MB): peak = 2270.258 ; gain = 0.000
Wrote Device Cache: Time (s): cpu = 00:00:00 ; elapsed = 00:00:00.070 . Memory (MB): peak = 2270.258 ; gain = 0.000
Write Physdb Complete: Time (s): cpu = 00:00:04 ; elapsed = 00:00:02 . Memory (MB): peak = 2270.258 ; gain = 0.000
INFO: [Common 17-1381] The checkpoint 'C:/Users/Arf/Desktop/ip_camera/New folder/IP-Camera-on-board-Antminer-S9/ip_camera/ip_camera.runs/impl_1/design_1_wrapper_placed.dcp' has been generated.
write_checkpoint: Time (s): cpu = 00:00:07 ; elapsed = 00:00:09 . Memory (MB): peak = 2270.258 ; gain = 0.000
Command: phys_opt_design
Attempting to get a license for feature 'Implementation' and/or device 'xc7z010'
INFO: [Common 17-349] Got license for feature 'Implementation' and/or device 'xc7z010'

Starting Initial Update Timing Task

Time (s): cpu = 00:00:02 ; elapsed = 00:00:01 . Memory (MB): peak = 2270.258 ; gain = 0.000
INFO: [Vivado_Tcl 4-2279] Estimated Timing Summary | WNS= 2.597 | TNS= 0.000 | 
INFO: [Vivado_Tcl 4-383] Design worst setup slack (WNS) is greater than or equal to 0.000 ns. All physical synthesis setup optimizations will be skipped.
INFO: [Vivado_Tcl 4-232] No setup violation found. The netlist was not modified.
INFO: [Common 17-83] Releasing license: Implementation
103 Infos, 109 Warnings, 0 Critical Warnings and 0 Errors encountered.
phys_opt_design completed successfully
INFO: [Timing 38-480] Writing timing data to binary archive.
Write ShapeDB Complete: Time (s): cpu = 00:00:00 ; elapsed = 00:00:00.359 . Memory (MB): peak = 2270.258 ; gain = 0.000
Wrote PlaceDB: Time (s): cpu = 00:00:04 ; elapsed = 00:00:02 . Memory (MB): peak = 2270.258 ; gain = 0.000
Wrote PulsedLatchDB: Time (s): cpu = 00:00:00 ; elapsed = 00:00:00 . Memory (MB): peak = 2270.258 ; gain = 0.000
Writing XDEF routing.
Writing XDEF routing logical nets.
Writing XDEF routing special nets.
Wrote RouteStorage: Time (s): cpu = 00:00:00 ; elapsed = 00:00:00.067 . Memory (MB): peak = 2270.258 ; gain = 0.000
Wrote Netlist Cache: Time (s): cpu = 00:00:00 ; elapsed = 00:00:00.026 . Memory (MB): peak = 2270.258 ; gain = 0.000
Wrote Device Cache: Time (s): cpu = 00:00:00 ; elapsed = 00:00:00.016 . Memory (MB): peak = 2270.258 ; gain = 0.000
Write Physdb Complete: Time (s): cpu = 00:00:04 ; elapsed = 00:00:02 . Memory (MB): peak = 2270.258 ; gain = 0.000
INFO: [Common 17-1381] The checkpoint 'C:/Users/Arf/Desktop/ip_camera/New folder/IP-Camera-on-board-Antminer-S9/ip_camera/ip_camera.runs/impl_1/design_1_wrapper_physopt.dcp' has been generated.
Command: route_design
Attempting to get a license for feature 'Implementation' and/or device 'xc7z010'
INFO: [Common 17-349] Got license for feature 'Implementation' and/or device 'xc7z010'
Running DRC as a precondition to command route_design
INFO: [DRC 23-27] Running DRC with 2 threads
INFO: [Vivado_Tcl 4-198] DRC finished with 0 Errors
INFO: [Vivado_Tcl 4-199] Please refer to the DRC report (report_drc) for more information.


Starting Routing Task
INFO: [Route 35-254] Multithreading enabled for route_design using a maximum of 8 CPUs

Phase 1 Build RT Design
Checksum: PlaceDB: 807006f1 ConstDB: 0 ShapeSum: 27a4ee59 RouteDB: 6998572b
Post Restoration Checksum: NetGraph: e9863cdf | NumContArr: 8373d6ca | Constraints: c2a8fa9d | Timing: c2a8fa9d
Phase 1 Build RT Design | Checksum: 2f24c08e3

Time (s): cpu = 00:00:22 ; elapsed = 00:00:31 . Memory (MB): peak = 2286.672 ; gain = 16.414

Phase 2 Router Initialization

Phase 2.1 Fix Topology Constraints
Phase 2.1 Fix Topology Constraints | Checksum: 2f24c08e3

Time (s): cpu = 00:00:22 ; elapsed = 00:00:31 . Memory (MB): peak = 2286.672 ; gain = 16.414

Phase 2.2 Pre Route Cleanup
Phase 2.2 Pre Route Cleanup | Checksum: 2f24c08e3

Time (s): cpu = 00:00:22 ; elapsed = 00:00:31 . Memory (MB): peak = 2286.672 ; gain = 16.414
 Number of Nodes with overlaps = 0

Phase 2.3 Update Timing
Phase 2.3 Update Timing | Checksum: 1af26ae36

Time (s): cpu = 00:00:25 ; elapsed = 00:00:36 . Memory (MB): peak = 2323.465 ; gain = 53.207
INFO: [Route 35-416] Intermediate Timing Summary | WNS=2.684  | TNS=0.000  | WHS=-0.287 | THS=-140.252|


Phase 2.4 Update Timing for Bus Skew

Phase 2.4.1 Update Timing
Phase 2.4.1 Update Timing | Checksum: 18ebe9b4b

Time (s): cpu = 00:00:27 ; elapsed = 00:00:37 . Memory (MB): peak = 2323.465 ; gain = 53.207
INFO: [Route 35-416] Intermediate Timing Summary | WNS=2.684  | TNS=0.000  | WHS=-0.155 | THS=-0.982 |

Phase 2.4 Update Timing for Bus Skew | Checksum: 18ebe9b4b

Time (s): cpu = 00:00:27 ; elapsed = 00:00:38 . Memory (MB): peak = 2323.465 ; gain = 53.207

Router Utilization Summary
  Global Vertical Routing Utilization    = 0 %
  Global Horizontal Routing Utilization  = 0 %
  Routable Net Status*
  *Does not include unroutable nets such as driverless and loadless.
  Run report_route_status for detailed report.
  Number of Failed Nets               = 5489
    (Failed Nets is the sum of unrouted and partially routed nets)
  Number of Unrouted Nets             = 5489
  Number of Partially Routed Nets     = 0
  Number of Node Overlaps             = 0

Phase 2 Router Initialization | Checksum: 21d113cca

Time (s): cpu = 00:00:28 ; elapsed = 00:00:38 . Memory (MB): peak = 2323.465 ; gain = 53.207

Phase 3 Global Routing
Phase 3 Global Routing | Checksum: 21d113cca

Time (s): cpu = 00:00:28 ; elapsed = 00:00:38 . Memory (MB): peak = 2323.465 ; gain = 53.207

Phase 4 Initial Routing

Phase 4.1 Initial Net Routing Pass
Phase 4.1 Initial Net Routing Pass | Checksum: 21f3e7c3a

Time (s): cpu = 00:00:31 ; elapsed = 00:00:40 . Memory (MB): peak = 2323.465 ; gain = 53.207
Phase 4 Initial Routing | Checksum: 21f3e7c3a

Time (s): cpu = 00:00:31 ; elapsed = 00:00:40 . Memory (MB): peak = 2323.465 ; gain = 53.207

Phase 5 Rip-up And Reroute

Phase 5.1 Global Iteration 0
 Number of Nodes with overlaps = 312
 Number of Nodes with overlaps = 16
 Number of Nodes with overlaps = 2
 Number of Nodes with overlaps = 0
INFO: [Route 35-416] Intermediate Timing Summary | WNS=2.975  | TNS=0.000  | WHS=N/A    | THS=N/A    |

Phase 5.1 Global Iteration 0 | Checksum: 1cb213d64

Time (s): cpu = 00:00:35 ; elapsed = 00:00:42 . Memory (MB): peak = 2323.465 ; gain = 53.207

Phase 5.2 Global Iteration 1
 Number of Nodes with overlaps = 2
 Number of Nodes with overlaps = 0
INFO: [Route 35-416] Intermediate Timing Summary | WNS=2.975  | TNS=0.000  | WHS=N/A    | THS=N/A    |

Phase 5.2 Global Iteration 1 | Checksum: 25b7464ac

Time (s): cpu = 00:00:36 ; elapsed = 00:00:43 . Memory (MB): peak = 2323.465 ; gain = 53.207
Phase 5 Rip-up And Reroute | Checksum: 25b7464ac

Time (s): cpu = 00:00:36 ; elapsed = 00:00:43 . Memory (MB): peak = 2323.465 ; gain = 53.207

Phase 6 Delay and Skew Optimization

Phase 6.1 Delay CleanUp
Phase 6.1 Delay CleanUp | Checksum: 25b7464ac

Time (s): cpu = 00:00:36 ; elapsed = 00:00:43 . Memory (MB): peak = 2323.465 ; gain = 53.207

Phase 6.2 Clock Skew Optimization
Phase 6.2 Clock Skew Optimization | Checksum: 25b7464ac

Time (s): cpu = 00:00:36 ; elapsed = 00:00:43 . Memory (MB): peak = 2323.465 ; gain = 53.207
Phase 6 Delay and Skew Optimization | Checksum: 25b7464ac

Time (s): cpu = 00:00:36 ; elapsed = 00:00:43 . Memory (MB): peak = 2323.465 ; gain = 53.207

Phase 7 Post Hold Fix

Phase 7.1 Hold Fix Iter
INFO: [Route 35-416] Intermediate Timing Summary | WNS=3.090  | TNS=0.000  | WHS=0.031  | THS=0.000  |

Phase 7.1 Hold Fix Iter | Checksum: 1e8a2b973

Time (s): cpu = 00:00:37 ; elapsed = 00:00:43 . Memory (MB): peak = 2323.465 ; gain = 53.207
Phase 7 Post Hold Fix | Checksum: 1e8a2b973

Time (s): cpu = 00:00:37 ; elapsed = 00:00:43 . Memory (MB): peak = 2323.465 ; gain = 53.207

Phase 8 Route finalize

Router Utilization Summary
  Global Vertical Routing Utilization    = 1.97016 %
  Global Horizontal Routing Utilization  = 2.78171 %
  Routable Net Status*
  *Does not include unroutable nets such as driverless and loadless.
  Run report_route_status for detailed report.
  Number of Failed Nets               = 0
    (Failed Nets is the sum of unrouted and partially routed nets)
  Number of Unrouted Nets             = 0
  Number of Partially Routed Nets     = 0
  Number of Node Overlaps             = 0

Phase 8 Route finalize | Checksum: 1e8a2b973

Time (s): cpu = 00:00:37 ; elapsed = 00:00:43 . Memory (MB): peak = 2323.465 ; gain = 53.207

Phase 9 Verifying routed nets

 Verification completed successfully
Phase 9 Verifying routed nets | Checksum: 1e8a2b973

Time (s): cpu = 00:00:37 ; elapsed = 00:00:43 . Memory (MB): peak = 2323.465 ; gain = 53.207

Phase 10 Depositing Routes
Phase 10 Depositing Routes | Checksum: 208dd4f8a

Time (s): cpu = 00:00:38 ; elapsed = 00:00:44 . Memory (MB): peak = 2323.465 ; gain = 53.207

Phase 11 Post Process Routing
Phase 11 Post Process Routing | Checksum: 208dd4f8a

Time (s): cpu = 00:00:38 ; elapsed = 00:00:45 . Memory (MB): peak = 2323.465 ; gain = 53.207

Phase 12 Post Router Timing
INFO: [Route 35-57] Estimated Timing Summary | WNS=3.090  | TNS=0.000  | WHS=0.031  | THS=0.000  |

INFO: [Route 35-327] The final timing numbers are based on the router estimated timing analysis. For a complete and accurate timing signoff, please run report_timing_summary.
Phase 12 Post Router Timing | Checksum: 208dd4f8a

Time (s): cpu = 00:00:38 ; elapsed = 00:00:45 . Memory (MB): peak = 2323.465 ; gain = 53.207
Total Elapsed time in route_design: 44.323 secs

Phase 13 Post-Route Event Processing
Phase 13 Post-Route Event Processing | Checksum: 1a7d6a15f

Time (s): cpu = 00:00:38 ; elapsed = 00:00:45 . Memory (MB): peak = 2323.465 ; gain = 53.207
INFO: [Route 35-16] Router Completed Successfully
Ending Routing Task | Checksum: 1a7d6a15f

Time (s): cpu = 00:00:38 ; elapsed = 00:00:45 . Memory (MB): peak = 2323.465 ; gain = 53.207

Routing Is Done.
INFO: [Common 17-83] Releasing license: Implementation
119 Infos, 109 Warnings, 0 Critical Warnings and 0 Errors encountered.
route_design completed successfully
route_design: Time (s): cpu = 00:00:41 ; elapsed = 00:00:49 . Memory (MB): peak = 2323.465 ; gain = 53.207
INFO: [Vivado 12-24828] Executing command : report_drc -file design_1_wrapper_drc_routed.rpt -pb design_1_wrapper_drc_routed.pb -rpx design_1_wrapper_drc_routed.rpx
Command: report_drc -file design_1_wrapper_drc_routed.rpt -pb design_1_wrapper_drc_routed.pb -rpx design_1_wrapper_drc_routed.rpx
INFO: [IP_Flow 19-1839] IP Catalog is up to date.
INFO: [DRC 23-27] Running DRC with 2 threads
INFO: [Vivado_Tcl 2-168] The results of DRC are in file C:/Users/Arf/Desktop/ip_camera/New folder/IP-Camera-on-board-Antminer-S9/ip_camera/ip_camera.runs/impl_1/design_1_wrapper_drc_routed.rpt.
report_drc completed successfully
INFO: [Vivado 12-24828] Executing command : report_methodology -file design_1_wrapper_methodology_drc_routed.rpt -pb design_1_wrapper_methodology_drc_routed.pb -rpx design_1_wrapper_methodology_drc_routed.rpx
Command: report_methodology -file design_1_wrapper_methodology_drc_routed.rpt -pb design_1_wrapper_methodology_drc_routed.pb -rpx design_1_wrapper_methodology_drc_routed.rpx
INFO: [Timing 38-35] Done setting XDC timing constraints.
INFO: [DRC 23-133] Running Methodology with 2 threads
INFO: [Vivado_Tcl 2-1520] The results of Report Methodology are in file C:/Users/Arf/Desktop/ip_camera/New folder/IP-Camera-on-board-Antminer-S9/ip_camera/ip_camera.runs/impl_1/design_1_wrapper_methodology_drc_routed.rpt.
report_methodology completed successfully
report_methodology: Time (s): cpu = 00:00:07 ; elapsed = 00:00:05 . Memory (MB): peak = 2324.176 ; gain = 0.000
INFO: [Vivado 12-24828] Executing command : report_timing_summary -max_paths 10 -report_unconstrained -file design_1_wrapper_timing_summary_routed.rpt -pb design_1_wrapper_timing_summary_routed.pb -rpx design_1_wrapper_timing_summary_routed.rpx -warn_on_violation 
INFO: [Timing 38-35] Done setting XDC timing constraints.
INFO: [Timing 38-91] UpdateTimingParams: Speed grade: -1, Delay Type: min_max.
INFO: [Timing 38-191] Multithreading enabled for timing update using a maximum of 2 CPUs
WARNING: [Timing 38-436] There are set_bus_skew constraint(s) in this design. Please run report_bus_skew to ensure that bus skew requirements are met.
report_timing_summary: Time (s): cpu = 00:00:02 ; elapsed = 00:00:05 . Memory (MB): peak = 2324.176 ; gain = 0.000
INFO: [Vivado 12-24838] Running report commands "report_incremental_reuse, report_route_status" in parallel.
Running report generation with 2 threads.
INFO: [Vivado 12-24828] Executing command : report_incremental_reuse -file design_1_wrapper_incremental_reuse_routed.rpt
INFO: [Vivado_Tcl 4-1062] Incremental flow is disabled. No incremental reuse Info to report.
INFO: [Vivado 12-24828] Executing command : report_route_status -file design_1_wrapper_route_status.rpt -pb design_1_wrapper_route_status.pb
INFO: [Vivado 12-24828] Executing command : report_power -file design_1_wrapper_power_routed.rpt -pb design_1_wrapper_power_summary_routed.pb -rpx design_1_wrapper_power_routed.rpx
Command: report_power -file design_1_wrapper_power_routed.rpt -pb design_1_wrapper_power_summary_routed.pb -rpx design_1_wrapper_power_routed.rpx
Running Vector-less Activity Propagation...

Finished Running Vector-less Activity Propagation
WARNING: [Power 33-332] Found switching activity that implies high-fanout reset nets being asserted for excessive periods of time which may result in inaccurate power analysis.
Resolution: To review and fix problems, please run Power Constraints Advisor in the GUI from Tools > Power Constraints Advisor or run report_power with the -advisory option to generate a text report.
136 Infos, 111 Warnings, 0 Critical Warnings and 0 Errors encountered.
report_power completed successfully
report_power: Time (s): cpu = 00:00:04 ; elapsed = 00:00:05 . Memory (MB): peak = 2324.176 ; gain = 0.000
INFO: [Vivado 12-24828] Executing command : report_clock_utilization -file design_1_wrapper_clock_utilization_routed.rpt
WARNING: [Device 21-9320] Failed to find the Oracle tile group with name 'HSR_BOUNDARY_TOP'. This is required for Clock regions and Virtual grid.
WARNING: [Device 21-2174] Failed to initialize Virtual grid.
INFO: [Vivado 12-24828] Executing command : report_bus_skew -warn_on_violation -file design_1_wrapper_bus_skew_routed.rpt -pb design_1_wrapper_bus_skew_routed.pb -rpx design_1_wrapper_bus_skew_routed.rpx
INFO: [Timing 38-91] UpdateTimingParams: Speed grade: -1, Delay Type: min_max.
INFO: [Timing 38-191] Multithreading enabled for timing update using a maximum of 2 CPUs
generate_parallel_reports: Time (s): cpu = 00:00:19 ; elapsed = 00:00:21 . Memory (MB): peak = 2324.176 ; gain = 0.711
INFO: [Timing 38-480] Writing timing data to binary archive.
Write ShapeDB Complete: Time (s): cpu = 00:00:00 ; elapsed = 00:00:00.085 . Memory (MB): peak = 2324.176 ; gain = 0.000
Wrote PlaceDB: Time (s): cpu = 00:00:03 ; elapsed = 00:00:01 . Memory (MB): peak = 2331.074 ; gain = 6.898
Wrote PulsedLatchDB: Time (s): cpu = 00:00:00 ; elapsed = 00:00:00 . Memory (MB): peak = 2331.074 ; gain = 0.000
Writing XDEF routing.
Writing XDEF routing logical nets.
Writing XDEF routing special nets.
Wrote RouteStorage: Time (s): cpu = 00:00:01 ; elapsed = 00:00:00.559 . Memory (MB): peak = 2331.074 ; gain = 0.000
Wrote Netlist Cache: Time (s): cpu = 00:00:00 ; elapsed = 00:00:00.037 . Memory (MB): peak = 2331.074 ; gain = 0.000
Wrote Device Cache: Time (s): cpu = 00:00:00 ; elapsed = 00:00:00.029 . Memory (MB): peak = 2331.074 ; gain = 0.000
Write Physdb Complete: Time (s): cpu = 00:00:05 ; elapsed = 00:00:03 . Memory (MB): peak = 2331.074 ; gain = 6.898
INFO: [Common 17-1381] The checkpoint 'C:/Users/Arf/Desktop/ip_camera/New folder/IP-Camera-on-board-Antminer-S9/ip_camera/ip_camera.runs/impl_1/design_1_wrapper_routed.dcp' has been generated.
write_checkpoint: Time (s): cpu = 00:00:06 ; elapsed = 00:00:06 . Memory (MB): peak = 2331.074 ; gain = 6.898
INFO: [Common 17-206] Exiting Vivado at Fri Jun 12 18:33:31 2026...
